[ 2016-08-12T18:00:31+08:00 ] ::1 /
INFO: [ app_init ] --START--
INFO: Run Behavior\BuildLiteBehavior [ RunTime:0.000030s ]
INFO: [ app_init ] --END-- [ RunTime:0.003016s ]
INFO: [ app_begin ] --START--
INFO: Run Behavior\ReadHtmlCacheBehavior [ RunTime:0.001354s ]
INFO: [ app_begin ] --END-- [ RunTime:0.001456s ]
SQL: SHOW COLUMNS FROM `it_article` [ RunTime:0.0116s ]
SQL: SELECT * FROM `it_article` ORDER BY create_time desc LIMIT 10   [ RunTime:0.0027s ]
SQL: SHOW COLUMNS FROM `it_active` [ RunTime:0.0030s ]
SQL: SELECT * FROM `it_active` ORDER BY id desc LIMIT 4   [ RunTime:0.0116s ]
INFO: [ view_parse ] --START--
INFO: [ template_filter ] --START--
INFO: Run Behavior\ContentReplaceBehavior [ RunTime:0.000808s ]
INFO: [ template_filter ] --END-- [ RunTime:0.000936s ]
INFO: Run Behavior\ParseTemplateBehavior [ RunTime:0.033539s ]
INFO: [ view_parse ] --END-- [ RunTime:0.033677s ]
INFO: [ view_filter ] --START--
INFO: Run Behavior\WriteHtmlCacheBehavior [ RunTime:0.000734s ]
INFO: [ view_filter ] --END-- [ RunTime:0.000829s ]
INFO: [ app_end ] --START--
INFO: Run Behavior\ShowPageTraceBehavior [ RunTime:0.001086s ]
INFO: [ app_end ] --END-- [ RunTime:0.001186s ]

[ 2016-08-12T18:00:34+08:00 ] ::1 /Home/Article/read/id/7
INFO: [ app_init ] --START--
INFO: Run Behavior\BuildLiteBehavior [ RunTime:0.000028s ]
INFO: [ app_init ] --END-- [ RunTime:0.002097s ]
INFO: [ app_begin ] --START--
INFO: Run Behavior\ReadHtmlCacheBehavior [ RunTime:0.000556s ]
INFO: [ app_begin ] --END-- [ RunTime:0.000621s ]
SQL: SHOW COLUMNS FROM `it_article` [ RunTime:0.0041s ]
SQL: SELECT * FROM `it_article` WHERE ( id=7 ) LIMIT 1   [ RunTime:0.0048s ]
INFO: [ view_parse ] --START--
INFO: [ template_filter ] --START--
INFO: Run Behavior\ContentReplaceBehavior [ RunTime:0.000102s ]
INFO: [ template_filter ] --END-- [ RunTime:0.000172s ]
INFO: Run Behavior\ParseTemplateBehavior [ RunTime:0.016066s ]
INFO: [ view_parse ] --END-- [ RunTime:0.016156s ]
INFO: [ view_filter ] --START--
INFO: Run Behavior\WriteHtmlCacheBehavior [ RunTime:0.000150s ]
INFO: [ view_filter ] --END-- [ RunTime:0.000194s ]
INFO: [ app_end ] --START--
INFO: Run Behavior\ShowPageTraceBehavior [ RunTime:0.000729s ]
INFO: [ app_end ] --END-- [ RunTime:0.000815s ]

[ 2016-08-12T18:00:38+08:00 ] ::1 /index.php/Home/Article/classify
INFO: [ app_init ] --START--
INFO: Run Behavior\BuildLiteBehavior [ RunTime:0.000026s ]
INFO: [ app_init ] --END-- [ RunTime:0.000571s ]
INFO: [ app_begin ] --START--
INFO: Run Behavior\ReadHtmlCacheBehavior [ RunTime:0.000575s ]
INFO: [ app_begin ] --END-- [ RunTime:0.000661s ]
NOTIC: [8] Undefined index: id /Applications/MAMP/htdocs/xsh/Application/Home/Controller/ArticleController.class.php 第 33 行.
SQL: SHOW COLUMNS FROM `it_article` [ RunTime:0.0013s ]
SQL: SELECT COUNT(*) AS tp_count FROM `it_article` LIMIT 1   [ RunTime:0.0042s ]
NOTIC: [8] Undefined index: id /Applications/MAMP/htdocs/xsh/Application/Home/Controller/ArticleController.class.php 第 39 行.
SQL: SELECT * FROM `it_article` ORDER BY create_time desc LIMIT 0,15   [ RunTime:0.0013s ]
INFO: [ view_parse ] --START--
INFO: [ template_filter ] --START--
INFO: Run Behavior\ContentReplaceBehavior [ RunTime:0.000054s ]
INFO: [ template_filter ] --END-- [ RunTime:0.000124s ]
INFO: Run Behavior\ParseTemplateBehavior [ RunTime:0.012191s ]
INFO: [ view_parse ] --END-- [ RunTime:0.012259s ]
INFO: [ view_filter ] --START--
INFO: Run Behavior\WriteHtmlCacheBehavior [ RunTime:0.000175s ]
INFO: [ view_filter ] --END-- [ RunTime:0.000226s ]
INFO: [ app_end ] --START--
INFO: Run Behavior\ShowPageTraceBehavior [ RunTime:0.000629s ]
INFO: [ app_end ] --END-- [ RunTime:0.000680s ]

[ 2016-08-12T18:00:40+08:00 ] ::1 /index.php/Home/Index/Index.html
INFO: [ app_init ] --START--
INFO: Run Behavior\BuildLiteBehavior [ RunTime:0.000017s ]
INFO: [ app_init ] --END-- [ RunTime:0.000411s ]
INFO: [ app_begin ] --START--
INFO: Run Behavior\ReadHtmlCacheBehavior [ RunTime:0.000549s ]
INFO: [ app_begin ] --END-- [ RunTime:0.000632s ]
SQL: SHOW COLUMNS FROM `it_article` [ RunTime:0.0013s ]
SQL: SELECT * FROM `it_article` ORDER BY create_time desc LIMIT 10   [ RunTime:0.0003s ]
SQL: SHOW COLUMNS FROM `it_active` [ RunTime:0.0008s ]
SQL: SELECT * FROM `it_active` ORDER BY id desc LIMIT 4   [ RunTime:0.0019s ]
INFO: [ view_parse ] --START--
INFO: [ template_filter ] --START--
INFO: Run Behavior\ContentReplaceBehavior [ RunTime:0.000053s ]
INFO: [ template_filter ] --END-- [ RunTime:0.000117s ]
INFO: Run Behavior\ParseTemplateBehavior [ RunTime:0.014169s ]
INFO: [ view_parse ] --END-- [ RunTime:0.014243s ]
INFO: [ view_filter ] --START--
INFO: Run Behavior\WriteHtmlCacheBehavior [ RunTime:0.000153s ]
INFO: [ view_filter ] --END-- [ RunTime:0.000198s ]
INFO: [ app_end ] --START--
INFO: Run Behavior\ShowPageTraceBehavior [ RunTime:0.000679s ]
INFO: [ app_end ] --END-- [ RunTime:0.000770s ]

[ 2016-08-12T18:00:44+08:00 ] ::1 /index.php/Home/User/index.html
INFO: [ app_init ] --START--
INFO: Run Behavior\BuildLiteBehavior [ RunTime:0.000015s ]
INFO: [ app_init ] --END-- [ RunTime:0.000335s ]
INFO: [ app_begin ] --START--
INFO: Run Behavior\ReadHtmlCacheBehavior [ RunTime:0.000439s ]
INFO: [ app_begin ] --END-- [ RunTime:0.000493s ]
SQL: SHOW COLUMNS FROM `it_student` [ RunTime:0.0010s ]
SQL: SHOW COLUMNS FROM `it_tc` [ RunTime:0.0014s ]
SQL: SHOW COLUMNS FROM `it_tcc` [ RunTime:0.0018s ]
SQL: SELECT * FROM `it_student` WHERE ( name='张新宇' ) LIMIT 1   [ RunTime:0.0064s ]
SQL: SELECT * FROM `it_tc` WHERE ( id=1501030121 )  [ RunTime:0.0114s ]
SQL: SELECT SUM(score) AS tp_sum FROM `it_tc` WHERE ( id=1501030121 ) LIMIT 1   [ RunTime:0.0033s ]
SQL: SELECT * FROM `it_tcc` WHERE ( id=1501030121 )  [ RunTime:0.0002s ]
SQL: SELECT SUM(score) AS tp_sum FROM `it_tcc` WHERE ( id=1501030121 ) LIMIT 1   [ RunTime:0.0001s ]
INFO: [ view_parse ] --START--
INFO: [ template_filter ] --START--
INFO: Run Behavior\ContentReplaceBehavior [ RunTime:0.000055s ]
INFO: [ template_filter ] --END-- [ RunTime:0.000128s ]
INFO: Run Behavior\ParseTemplateBehavior [ RunTime:0.013573s ]
INFO: [ view_parse ] --END-- [ RunTime:0.013653s ]
INFO: [ view_filter ] --START--
INFO: Run Behavior\WriteHtmlCacheBehavior [ RunTime:0.000158s ]
INFO: [ view_filter ] --END-- [ RunTime:0.000202s ]
INFO: [ app_end ] --START--
INFO: Run Behavior\ShowPageTraceBehavior [ RunTime:0.000465s ]
INFO: [ app_end ] --END-- [ RunTime:0.000513s ]

[ 2016-08-12T18:00:46+08:00 ] ::1 /index.php/Home/Index/Index.html
INFO: [ app_init ] --START--
INFO: Run Behavior\BuildLiteBehavior [ RunTime:0.000016s ]
INFO: [ app_init ] --END-- [ RunTime:0.000395s ]
INFO: [ app_begin ] --START--
INFO: Run Behavior\ReadHtmlCacheBehavior [ RunTime:0.000484s ]
INFO: [ app_begin ] --END-- [ RunTime:0.000553s ]
SQL: SHOW COLUMNS FROM `it_article` [ RunTime:0.0010s ]
SQL: SELECT * FROM `it_article` ORDER BY create_time desc LIMIT 10   [ RunTime:0.0003s ]
SQL: SHOW COLUMNS FROM `it_active` [ RunTime:0.0008s ]
SQL: SELECT * FROM `it_active` ORDER BY id desc LIMIT 4   [ RunTime:0.0003s ]
INFO: [ view_parse ] --START--
INFO: [ template_filter ] --START--
INFO: Run Behavior\ContentReplaceBehavior [ RunTime:0.000057s ]
INFO: [ template_filter ] --END-- [ RunTime:0.000128s ]
INFO: Run Behavior\ParseTemplateBehavior [ RunTime:0.015469s ]
INFO: [ view_parse ] --END-- [ RunTime:0.015528s ]
INFO: [ view_filter ] --START--
INFO: Run Behavior\WriteHtmlCacheBehavior [ RunTime:0.000147s ]
INFO: [ view_filter ] --END-- [ RunTime:0.000192s ]
INFO: [ app_end ] --START--
INFO: Run Behavior\ShowPageTraceBehavior [ RunTime:0.000558s ]
INFO: [ app_end ] --END-- [ RunTime:0.000628s ]

[ 2016-08-12T18:00:48+08:00 ] ::1 /index.php/Home/Check/index.html
INFO: [ app_init ] --START--
INFO: Run Behavior\BuildLiteBehavior [ RunTime:0.000022s ]
INFO: [ app_init ] --END-- [ RunTime:0.000471s ]
INFO: [ app_begin ] --START--
INFO: Run Behavior\ReadHtmlCacheBehavior [ RunTime:0.000631s ]
INFO: [ app_begin ] --END-- [ RunTime:0.000719s ]
INFO: [ view_parse ] --START--
INFO: [ template_filter ] --START--
INFO: Run Behavior\ContentReplaceBehavior [ RunTime:0.000051s ]
INFO: [ template_filter ] --END-- [ RunTime:0.000127s ]
INFO: Run Behavior\ParseTemplateBehavior [ RunTime:0.013019s ]
INFO: [ view_parse ] --END-- [ RunTime:0.013116s ]
INFO: [ view_filter ] --START--
INFO: Run Behavior\WriteHtmlCacheBehavior [ RunTime:0.000182s ]
INFO: [ view_filter ] --END-- [ RunTime:0.000230s ]
INFO: [ app_end ] --START--
INFO: Run Behavior\ShowPageTraceBehavior [ RunTime:0.000507s ]
INFO: [ app_end ] --END-- [ RunTime:0.000565s ]

[ 2016-08-12T18:00:58+08:00 ] ::1 /index.php/Home/Check/check.html?id=1501030121
INFO: [ app_init ] --START--
INFO: Run Behavior\BuildLiteBehavior [ RunTime:0.000029s ]
INFO: [ app_init ] --END-- [ RunTime:0.000678s ]
INFO: [ app_begin ] --START--
INFO: Run Behavior\ReadHtmlCacheBehavior [ RunTime:0.000576s ]
INFO: [ app_begin ] --END-- [ RunTime:0.000645s ]
SQL: SHOW COLUMNS FROM `it_student` [ RunTime:0.0011s ]
SQL: SELECT * FROM `it_student` WHERE ( id=1501030121 ) LIMIT 1   [ RunTime:0.0013s ]
SQL: SHOW COLUMNS FROM `it_tc` [ RunTime:0.0016s ]
SQL: SHOW COLUMNS FROM `it_tcc` [ RunTime:0.0028s ]
SQL: SELECT * FROM `it_tc` WHERE ( id=1501030121 )  [ RunTime:0.0068s ]
SQL: SELECT SUM(score) AS tp_sum FROM `it_tc` WHERE ( id=1501030121 ) LIMIT 1   [ RunTime:0.0035s ]
SQL: SELECT * FROM `it_tcc` WHERE ( id=1501030121 )  [ RunTime:0.0002s ]
SQL: SELECT SUM(score) AS tp_sum FROM `it_tcc` WHERE ( id=1501030121 ) LIMIT 1   [ RunTime:0.0002s ]
INFO: [ view_parse ] --START--
INFO: [ template_filter ] --START--
INFO: Run Behavior\ContentReplaceBehavior [ RunTime:0.000133s ]
INFO: [ template_filter ] --END-- [ RunTime:0.000202s ]
INFO: Run Behavior\ParseTemplateBehavior [ RunTime:0.027714s ]
INFO: [ view_parse ] --END-- [ RunTime:0.027805s ]
INFO: [ view_filter ] --START--
INFO: Run Behavior\WriteHtmlCacheBehavior [ RunTime:0.000152s ]
INFO: [ view_filter ] --END-- [ RunTime:0.000198s ]
INFO: [ app_end ] --START--
INFO: Run Behavior\ShowPageTraceBehavior [ RunTime:0.000542s ]
INFO: [ app_end ] --END-- [ RunTime:0.000591s ]

[ 2016-08-12T18:01:05+08:00 ] ::1 /index.php/Home/Index/Index.html
INFO: [ app_init ] --START--
INFO: Run Behavior\BuildLiteBehavior [ RunTime:0.000020s ]
INFO: [ app_init ] --END-- [ RunTime:0.000487s ]
INFO: [ app_begin ] --START--
INFO: Run Behavior\ReadHtmlCacheBehavior [ RunTime:0.000620s ]
INFO: [ app_begin ] --END-- [ RunTime:0.000684s ]
SQL: SHOW COLUMNS FROM `it_article` [ RunTime:0.0011s ]
SQL: SELECT * FROM `it_article` ORDER BY create_time desc LIMIT 10   [ RunTime:0.0003s ]
SQL: SHOW COLUMNS FROM `it_active` [ RunTime:0.0009s ]
SQL: SELECT * FROM `it_active` ORDER BY id desc LIMIT 4   [ RunTime:0.0002s ]
INFO: [ view_parse ] --START--
INFO: [ template_filter ] --START--
INFO: Run Behavior\ContentReplaceBehavior [ RunTime:0.000088s ]
INFO: [ template_filter ] --END-- [ RunTime:0.000159s ]
INFO: Run Behavior\ParseTemplateBehavior [ RunTime:0.018513s ]
INFO: [ view_parse ] --END-- [ RunTime:0.018604s ]
INFO: [ view_filter ] --START--
INFO: Run Behavior\WriteHtmlCacheBehavior [ RunTime:0.000179s ]
INFO: [ view_filter ] --END-- [ RunTime:0.000235s ]
INFO: [ app_end ] --START--
INFO: Run Behavior\ShowPageTraceBehavior [ RunTime:0.000654s ]
INFO: [ app_end ] --END-- [ RunTime:0.000770s ]

