[ 2016-08-31T14:24:25+08:00 ] ::1 /
INFO: [ app_init ] --START--
INFO: Run Behavior\BuildLiteBehavior [ RunTime:0.000360s ]
INFO: [ app_init ] --END-- [ RunTime:0.002013s ]
INFO: [ app_begin ] --START--
INFO: Run Behavior\ReadHtmlCacheBehavior [ RunTime:0.001075s ]
INFO: [ app_begin ] --END-- [ RunTime:0.001182s ]
SQL: SHOW COLUMNS FROM `it_article` [ RunTime:0.0026s ]
SQL: SELECT * FROM `it_article` ORDER BY create_time desc LIMIT 10   [ RunTime:0.0004s ]
SQL: SHOW COLUMNS FROM `it_active` [ RunTime:0.0037s ]
SQL: SELECT * FROM `it_active` ORDER BY id desc LIMIT 4   [ RunTime:0.0012s ]
INFO: [ view_parse ] --START--
INFO: [ template_filter ] --START--
INFO: Run Behavior\ContentReplaceBehavior [ RunTime:0.000083s ]
INFO: [ template_filter ] --END-- [ RunTime:0.000157s ]
NOTIC: [8] Undefined index: name /Applications/MAMP/htdocs/xsh/Application/Runtime/Cache/Home/5f5878b563bbd0551b6c84d71156b7e9.php 第 65 行.
INFO: Run Behavior\ParseTemplateBehavior [ RunTime:0.024526s ]
INFO: [ view_parse ] --END-- [ RunTime:0.024631s ]
INFO: [ view_filter ] --START--
INFO: Run Behavior\WriteHtmlCacheBehavior [ RunTime:0.000677s ]
INFO: [ view_filter ] --END-- [ RunTime:0.000772s ]
INFO: [ app_end ] --START--
INFO: Run Behavior\ShowPageTraceBehavior [ RunTime:0.001093s ]
INFO: [ app_end ] --END-- [ RunTime:0.001206s ]

[ 2016-08-31T14:24:59+08:00 ] ::1 /index.php/Home/Activity/Index.html
INFO: [ app_init ] --START--
INFO: Run Behavior\BuildLiteBehavior [ RunTime:0.000039s ]
INFO: [ app_init ] --END-- [ RunTime:0.000769s ]
INFO: [ app_begin ] --START--
INFO: Run Behavior\ReadHtmlCacheBehavior [ RunTime:0.000801s ]
INFO: [ app_begin ] --END-- [ RunTime:0.000899s ]
NOTIC: [8] Undefined index: id /Applications/MAMP/htdocs/xsh/Application/Home/Controller/ActivityController.class.php 第 13 行.
INFO: [ view_parse ] --START--
INFO: [ template_filter ] --START--
INFO: Run Behavior\ContentReplaceBehavior [ RunTime:0.000072s ]
INFO: [ template_filter ] --END-- [ RunTime:0.000145s ]
INFO: Run Behavior\ParseTemplateBehavior [ RunTime:0.008902s ]
INFO: [ view_parse ] --END-- [ RunTime:0.009019s ]
INFO: [ view_filter ] --START--
INFO: Run Behavior\WriteHtmlCacheBehavior [ RunTime:0.000152s ]
INFO: [ view_filter ] --END-- [ RunTime:0.000198s ]

[ 2016-08-31T14:25:03+08:00 ] ::1 /index.php/Home/Index/login.html
INFO: [ app_init ] --START--
INFO: Run Behavior\BuildLiteBehavior [ RunTime:0.000022s ]
INFO: [ app_init ] --END-- [ RunTime:0.000400s ]
INFO: [ app_begin ] --START--
INFO: Run Behavior\ReadHtmlCacheBehavior [ RunTime:0.000814s ]
INFO: [ app_begin ] --END-- [ RunTime:0.000933s ]
INFO: [ view_parse ] --START--
INFO: [ template_filter ] --START--
INFO: Run Behavior\ContentReplaceBehavior [ RunTime:0.000047s ]
INFO: [ template_filter ] --END-- [ RunTime:0.000116s ]
NOTIC: [8] Undefined index: name /Applications/MAMP/htdocs/xsh/Application/Runtime/Cache/Home/ccea6a400660ce54d68cab67b9f68781.php 第 65 行.
INFO: Run Behavior\ParseTemplateBehavior [ RunTime:0.009741s ]
INFO: [ view_parse ] --END-- [ RunTime:0.009802s ]
INFO: [ view_filter ] --START--
INFO: Run Behavior\WriteHtmlCacheBehavior [ RunTime:0.000145s ]
INFO: [ view_filter ] --END-- [ RunTime:0.000190s ]
INFO: [ app_end ] --START--
INFO: Run Behavior\ShowPageTraceBehavior [ RunTime:0.000487s ]
INFO: [ app_end ] --END-- [ RunTime:0.000539s ]

[ 2016-08-31T14:25:04+08:00 ] ::1 /index.php/Home/Index/Index.html
INFO: [ app_init ] --START--
INFO: Run Behavior\BuildLiteBehavior [ RunTime:0.000015s ]
INFO: [ app_init ] --END-- [ RunTime:0.000345s ]
INFO: [ app_begin ] --START--
INFO: Run Behavior\ReadHtmlCacheBehavior [ RunTime:0.000422s ]
INFO: [ app_begin ] --END-- [ RunTime:0.000476s ]
SQL: SHOW COLUMNS FROM `it_article` [ RunTime:0.0013s ]
SQL: SELECT * FROM `it_article` ORDER BY create_time desc LIMIT 10   [ RunTime:0.0003s ]
SQL: SHOW COLUMNS FROM `it_active` [ RunTime:0.0010s ]
SQL: SELECT * FROM `it_active` ORDER BY id desc LIMIT 4   [ RunTime:0.0002s ]
INFO: [ view_parse ] --START--
INFO: [ template_filter ] --START--
INFO: Run Behavior\ContentReplaceBehavior [ RunTime:0.000086s ]
INFO: [ template_filter ] --END-- [ RunTime:0.000200s ]
NOTIC: [8] Undefined index: name /Applications/MAMP/htdocs/xsh/Application/Runtime/Cache/Home/5f5878b563bbd0551b6c84d71156b7e9.php 第 65 行.
INFO: Run Behavior\ParseTemplateBehavior [ RunTime:0.015673s ]
INFO: [ view_parse ] --END-- [ RunTime:0.015739s ]
INFO: [ view_filter ] --START--
INFO: Run Behavior\WriteHtmlCacheBehavior [ RunTime:0.000201s ]
INFO: [ view_filter ] --END-- [ RunTime:0.000249s ]
INFO: [ app_end ] --START--
INFO: Run Behavior\ShowPageTraceBehavior [ RunTime:0.000597s ]
INFO: [ app_end ] --END-- [ RunTime:0.000671s ]

[ 2016-08-31T14:25:06+08:00 ] ::1 /index.php/Home/Check/index.html
INFO: [ app_init ] --START--
INFO: Run Behavior\BuildLiteBehavior [ RunTime:0.000015s ]
INFO: [ app_init ] --END-- [ RunTime:0.000328s ]
INFO: [ app_begin ] --START--
INFO: Run Behavior\ReadHtmlCacheBehavior [ RunTime:0.000418s ]
INFO: [ app_begin ] --END-- [ RunTime:0.000470s ]
INFO: [ view_parse ] --START--
INFO: [ template_filter ] --START--
INFO: Run Behavior\ContentReplaceBehavior [ RunTime:0.000052s ]
INFO: [ template_filter ] --END-- [ RunTime:0.000126s ]
NOTIC: [8] Undefined index: name /Applications/MAMP/htdocs/xsh/Application/Runtime/Cache/Home/a2e67c93395024fa6555688ac87a5b2a.php 第 65 行.
INFO: Run Behavior\ParseTemplateBehavior [ RunTime:0.010431s ]
INFO: [ view_parse ] --END-- [ RunTime:0.010521s ]
INFO: [ view_filter ] --START--
INFO: Run Behavior\WriteHtmlCacheBehavior [ RunTime:0.000370s ]
INFO: [ view_filter ] --END-- [ RunTime:0.000562s ]
INFO: [ app_end ] --START--
INFO: Run Behavior\ShowPageTraceBehavior [ RunTime:0.001155s ]
INFO: [ app_end ] --END-- [ RunTime:0.001311s ]

[ 2016-08-31T14:25:17+08:00 ] ::1 /index.php/Home/Check/check.html?id=1401030114
INFO: [ app_init ] --START--
INFO: Run Behavior\BuildLiteBehavior [ RunTime:0.000024s ]
INFO: [ app_init ] --END-- [ RunTime:0.000571s ]
INFO: [ app_begin ] --START--
INFO: Run Behavior\ReadHtmlCacheBehavior [ RunTime:0.000674s ]
INFO: [ app_begin ] --END-- [ RunTime:0.000762s ]
SQL: SHOW COLUMNS FROM `it_student` [ RunTime:0.0043s ]
SQL: SELECT * FROM `it_student` WHERE ( id=1401030114 ) LIMIT 1   [ RunTime:0.0028s ]
SQL: SHOW COLUMNS FROM `it_tc` [ RunTime:0.0077s ]
SQL: SHOW COLUMNS FROM `it_tcc` [ RunTime:0.0035s ]
SQL: SELECT * FROM `it_tc` WHERE ( id=1401030114 )  [ RunTime:0.0181s ]
SQL: SELECT SUM(score) AS tp_sum FROM `it_tc` WHERE ( id=1401030114 ) LIMIT 1   [ RunTime:0.0034s ]
SQL: SELECT * FROM `it_tcc` WHERE ( id=1401030114 )  [ RunTime:0.0002s ]
SQL: SELECT SUM(score) AS tp_sum FROM `it_tcc` WHERE ( id=1401030114 ) LIMIT 1   [ RunTime:0.0001s ]
INFO: [ view_parse ] --START--
INFO: [ template_filter ] --START--
INFO: Run Behavior\ContentReplaceBehavior [ RunTime:0.000081s ]
INFO: [ template_filter ] --END-- [ RunTime:0.000150s ]
NOTIC: [8] Undefined index: name /Applications/MAMP/htdocs/xsh/Application/Runtime/Cache/Home/1e7fbde523ab73bb4436d51b770b25b5.php 第 65 行.
INFO: Run Behavior\ParseTemplateBehavior [ RunTime:0.016653s ]
INFO: [ view_parse ] --END-- [ RunTime:0.016709s ]
INFO: [ view_filter ] --START--
INFO: Run Behavior\WriteHtmlCacheBehavior [ RunTime:0.000164s ]
INFO: [ view_filter ] --END-- [ RunTime:0.000210s ]
INFO: [ app_end ] --START--
INFO: Run Behavior\ShowPageTraceBehavior [ RunTime:0.000513s ]
INFO: [ app_end ] --END-- [ RunTime:0.000635s ]

[ 2016-08-31T14:25:23+08:00 ] ::1 /index.php/Home/Check/check.html?id=1501030121
INFO: [ app_init ] --START--
INFO: Run Behavior\BuildLiteBehavior [ RunTime:0.000020s ]
INFO: [ app_init ] --END-- [ RunTime:0.000432s ]
INFO: [ app_begin ] --START--
INFO: Run Behavior\ReadHtmlCacheBehavior [ RunTime:0.000464s ]
INFO: [ app_begin ] --END-- [ RunTime:0.000521s ]
SQL: SHOW COLUMNS FROM `it_student` [ RunTime:0.0009s ]
SQL: SELECT * FROM `it_student` WHERE ( id=1501030121 ) LIMIT 1   [ RunTime:0.0003s ]
SQL: SHOW COLUMNS FROM `it_tc` [ RunTime:0.0009s ]
SQL: SHOW COLUMNS FROM `it_tcc` [ RunTime:0.0009s ]
SQL: SELECT * FROM `it_tc` WHERE ( id=1501030121 )  [ RunTime:0.0041s ]
SQL: SELECT SUM(score) AS tp_sum FROM `it_tc` WHERE ( id=1501030121 ) LIMIT 1   [ RunTime:0.0026s ]
SQL: SELECT * FROM `it_tcc` WHERE ( id=1501030121 )  [ RunTime:0.0002s ]
SQL: SELECT SUM(score) AS tp_sum FROM `it_tcc` WHERE ( id=1501030121 ) LIMIT 1   [ RunTime:0.0001s ]
INFO: [ view_parse ] --START--
INFO: [ template_filter ] --START--
INFO: Run Behavior\ContentReplaceBehavior [ RunTime:0.000129s ]
INFO: [ template_filter ] --END-- [ RunTime:0.000234s ]
NOTIC: [8] Undefined index: name /Applications/MAMP/htdocs/xsh/Application/Runtime/Cache/Home/1e7fbde523ab73bb4436d51b770b25b5.php 第 65 行.
INFO: Run Behavior\ParseTemplateBehavior [ RunTime:0.014065s ]
INFO: [ view_parse ] --END-- [ RunTime:0.014128s ]
INFO: [ view_filter ] --START--
INFO: Run Behavior\WriteHtmlCacheBehavior [ RunTime:0.000168s ]
INFO: [ view_filter ] --END-- [ RunTime:0.000220s ]
INFO: [ app_end ] --START--
INFO: Run Behavior\ShowPageTraceBehavior [ RunTime:0.000563s ]
INFO: [ app_end ] --END-- [ RunTime:0.000621s ]

[ 2016-08-31T14:25:43+08:00 ] ::1 /index.php/Home/Index/login.html
INFO: [ app_init ] --START--
INFO: Run Behavior\BuildLiteBehavior [ RunTime:0.000032s ]
INFO: [ app_init ] --END-- [ RunTime:0.000690s ]
INFO: [ app_begin ] --START--
INFO: Run Behavior\ReadHtmlCacheBehavior [ RunTime:0.000590s ]
INFO: [ app_begin ] --END-- [ RunTime:0.000663s ]
INFO: [ view_parse ] --START--
INFO: [ template_filter ] --START--
INFO: Run Behavior\ContentReplaceBehavior [ RunTime:0.000070s ]
INFO: [ template_filter ] --END-- [ RunTime:0.000132s ]
NOTIC: [8] Undefined index: name /Applications/MAMP/htdocs/xsh/Application/Runtime/Cache/Home/ccea6a400660ce54d68cab67b9f68781.php 第 65 行.
INFO: Run Behavior\ParseTemplateBehavior [ RunTime:0.018774s ]
INFO: [ view_parse ] --END-- [ RunTime:0.018864s ]
INFO: [ view_filter ] --START--
INFO: Run Behavior\WriteHtmlCacheBehavior [ RunTime:0.000260s ]
INFO: [ view_filter ] --END-- [ RunTime:0.000344s ]
INFO: [ app_end ] --START--
INFO: Run Behavior\ShowPageTraceBehavior [ RunTime:0.000850s ]
INFO: [ app_end ] --END-- [ RunTime:0.000946s ]

[ 2016-08-31T14:25:51+08:00 ] ::1 /index.php/Home/Index/login.html
INFO: [ app_init ] --START--
INFO: Run Behavior\BuildLiteBehavior [ RunTime:0.000020s ]
INFO: [ app_init ] --END-- [ RunTime:0.000424s ]
INFO: [ app_begin ] --START--
INFO: Run Behavior\ReadHtmlCacheBehavior [ RunTime:0.000450s ]
INFO: [ app_begin ] --END-- [ RunTime:0.000509s ]
SQL: SHOW COLUMNS FROM `it_student` [ RunTime:0.0095s ]
SQL: SELECT * FROM `it_student` WHERE `id` = '1501030121' LIMIT 1   [ RunTime:0.0003s ]
INFO: [ view_parse ] --START--
INFO: [ template_filter ] --START--
INFO: Run Behavior\ContentReplaceBehavior [ RunTime:0.000078s ]
INFO: [ template_filter ] --END-- [ RunTime:0.000173s ]
INFO: Run Behavior\ParseTemplateBehavior [ RunTime:0.008052s ]
INFO: [ view_parse ] --END-- [ RunTime:0.008215s ]
INFO: [ view_filter ] --START--
INFO: Run Behavior\WriteHtmlCacheBehavior [ RunTime:0.000142s ]
INFO: [ view_filter ] --END-- [ RunTime:0.000190s ]
INFO: [ app_end ] --START--
INFO: Run Behavior\ShowPageTraceBehavior [ RunTime:0.000528s ]
INFO: [ app_end ] --END-- [ RunTime:0.000584s ]

[ 2016-08-31T14:25:52+08:00 ] ::1 /index.php/Home/Index/Index.html
INFO: [ app_init ] --START--
INFO: Run Behavior\BuildLiteBehavior [ RunTime:0.000023s ]
INFO: [ app_init ] --END-- [ RunTime:0.000735s ]
INFO: [ app_begin ] --START--
INFO: Run Behavior\ReadHtmlCacheBehavior [ RunTime:0.000543s ]
INFO: [ app_begin ] --END-- [ RunTime:0.000685s ]
SQL: SHOW COLUMNS FROM `it_article` [ RunTime:0.0090s ]
SQL: SELECT * FROM `it_article` ORDER BY create_time desc LIMIT 10   [ RunTime:0.0004s ]
SQL: SHOW COLUMNS FROM `it_active` [ RunTime:0.0015s ]
SQL: SELECT * FROM `it_active` ORDER BY id desc LIMIT 4   [ RunTime:0.0003s ]
INFO: [ view_parse ] --START--
INFO: [ template_filter ] --START--
INFO: Run Behavior\ContentReplaceBehavior [ RunTime:0.000056s ]
INFO: [ template_filter ] --END-- [ RunTime:0.000127s ]
INFO: Run Behavior\ParseTemplateBehavior [ RunTime:0.013484s ]
INFO: [ view_parse ] --END-- [ RunTime:0.013543s ]
INFO: [ view_filter ] --START--
INFO: Run Behavior\WriteHtmlCacheBehavior [ RunTime:0.000141s ]
INFO: [ view_filter ] --END-- [ RunTime:0.000187s ]
INFO: [ app_end ] --START--
INFO: Run Behavior\ShowPageTraceBehavior [ RunTime:0.000646s ]
INFO: [ app_end ] --END-- [ RunTime:0.000727s ]

[ 2016-08-31T14:25:55+08:00 ] ::1 /index.php/Home/Activity/Index.html
INFO: [ app_init ] --START--
INFO: Run Behavior\BuildLiteBehavior [ RunTime:0.000015s ]
INFO: [ app_init ] --END-- [ RunTime:0.000328s ]
INFO: [ app_begin ] --START--
INFO: Run Behavior\ReadHtmlCacheBehavior [ RunTime:0.000420s ]
INFO: [ app_begin ] --END-- [ RunTime:0.000502s ]
SQL: SHOW COLUMNS FROM `it_active` [ RunTime:0.0090s ]
SQL: SELECT COUNT(*) AS tp_count FROM `it_active` LIMIT 1   [ RunTime:0.0002s ]
SQL: SELECT * FROM `it_active` ORDER BY id desc LIMIT 0,15   [ RunTime:0.0003s ]
INFO: [ view_parse ] --START--
INFO: [ template_filter ] --START--
INFO: Run Behavior\ContentReplaceBehavior [ RunTime:0.000051s ]
INFO: [ template_filter ] --END-- [ RunTime:0.000114s ]
INFO: Run Behavior\ParseTemplateBehavior [ RunTime:0.016763s ]
INFO: [ view_parse ] --END-- [ RunTime:0.016847s ]
INFO: [ view_filter ] --START--
INFO: Run Behavior\WriteHtmlCacheBehavior [ RunTime:0.000140s ]
INFO: [ view_filter ] --END-- [ RunTime:0.000183s ]
INFO: [ app_end ] --START--
INFO: Run Behavior\ShowPageTraceBehavior [ RunTime:0.000633s ]
INFO: [ app_end ] --END-- [ RunTime:0.000701s ]

[ 2016-08-31T14:26:18+08:00 ] ::1 /index.php/Home/Article/classify.html
INFO: [ app_init ] --START--
INFO: Run Behavior\BuildLiteBehavior [ RunTime:0.000017s ]
INFO: [ app_init ] --END-- [ RunTime:0.000348s ]
INFO: [ app_begin ] --START--
INFO: Run Behavior\ReadHtmlCacheBehavior [ RunTime:0.000430s ]
INFO: [ app_begin ] --END-- [ RunTime:0.000483s ]
NOTIC: [8] Undefined index: id /Applications/MAMP/htdocs/xsh/Application/Home/Controller/ArticleController.class.php 第 33 行.
SQL: SHOW COLUMNS FROM `it_article` [ RunTime:0.0009s ]
SQL: SELECT COUNT(*) AS tp_count FROM `it_article` LIMIT 1   [ RunTime:0.0001s ]
NOTIC: [8] Undefined index: id /Applications/MAMP/htdocs/xsh/Application/Home/Controller/ArticleController.class.php 第 39 行.
SQL: SELECT * FROM `it_article` ORDER BY create_time desc LIMIT 0,15   [ RunTime:0.0003s ]
INFO: [ view_parse ] --START--
INFO: [ template_filter ] --START--
INFO: Run Behavior\ContentReplaceBehavior [ RunTime:0.000053s ]
INFO: [ template_filter ] --END-- [ RunTime:0.000121s ]
INFO: Run Behavior\ParseTemplateBehavior [ RunTime:0.010650s ]
INFO: [ view_parse ] --END-- [ RunTime:0.010709s ]
INFO: [ view_filter ] --START--
INFO: Run Behavior\WriteHtmlCacheBehavior [ RunTime:0.000143s ]
INFO: [ view_filter ] --END-- [ RunTime:0.000188s ]
INFO: [ app_end ] --START--
INFO: Run Behavior\ShowPageTraceBehavior [ RunTime:0.000460s ]
INFO: [ app_end ] --END-- [ RunTime:0.000508s ]

[ 2016-08-31T14:26:20+08:00 ] ::1 /Home/Article/read/id/7
INFO: [ app_init ] --START--
INFO: Run Behavior\BuildLiteBehavior [ RunTime:0.000016s ]
INFO: [ app_init ] --END-- [ RunTime:0.000359s ]
INFO: [ app_begin ] --START--
INFO: Run Behavior\ReadHtmlCacheBehavior [ RunTime:0.000459s ]
INFO: [ app_begin ] --END-- [ RunTime:0.000518s ]
SQL: SHOW COLUMNS FROM `it_article` [ RunTime:0.0010s ]
SQL: SELECT * FROM `it_article` WHERE ( id=7 ) LIMIT 1   [ RunTime:0.0007s ]
INFO: [ view_parse ] --START--
INFO: [ template_filter ] --START--
INFO: Run Behavior\ContentReplaceBehavior [ RunTime:0.000050s ]
INFO: [ template_filter ] --END-- [ RunTime:0.000112s ]
INFO: Run Behavior\ParseTemplateBehavior [ RunTime:0.011184s ]
INFO: [ view_parse ] --END-- [ RunTime:0.011243s ]
INFO: [ view_filter ] --START--
INFO: Run Behavior\WriteHtmlCacheBehavior [ RunTime:0.000136s ]
INFO: [ view_filter ] --END-- [ RunTime:0.000181s ]
INFO: [ app_end ] --START--
INFO: Run Behavior\ShowPageTraceBehavior [ RunTime:0.000640s ]
INFO: [ app_end ] --END-- [ RunTime:0.000715s ]

[ 2016-08-31T14:26:27+08:00 ] ::1 /index.php/Home/User/index.html
INFO: [ app_init ] --START--
INFO: Run Behavior\BuildLiteBehavior [ RunTime:0.000014s ]
INFO: [ app_init ] --END-- [ RunTime:0.000331s ]
INFO: [ app_begin ] --START--
INFO: Run Behavior\ReadHtmlCacheBehavior [ RunTime:0.000420s ]
INFO: [ app_begin ] --END-- [ RunTime:0.000474s ]
SQL: SHOW COLUMNS FROM `it_student` [ RunTime:0.0010s ]
SQL: SHOW COLUMNS FROM `it_tc` [ RunTime:0.0007s ]
SQL: SHOW COLUMNS FROM `it_tcc` [ RunTime:0.0010s ]
SQL: SELECT * FROM `it_student` WHERE ( name='张新宇' ) LIMIT 1   [ RunTime:0.0061s ]
SQL: SELECT * FROM `it_tc` WHERE ( id=1501030121 )  [ RunTime:0.0045s ]
SQL: SELECT SUM(score) AS tp_sum FROM `it_tc` WHERE ( id=1501030121 ) LIMIT 1   [ RunTime:0.0020s ]
SQL: SELECT * FROM `it_tcc` WHERE ( id=1501030121 )  [ RunTime:0.0001s ]
SQL: SELECT SUM(score) AS tp_sum FROM `it_tcc` WHERE ( id=1501030121 ) LIMIT 1   [ RunTime:0.0001s ]
INFO: [ view_parse ] --START--
INFO: [ template_filter ] --START--
INFO: Run Behavior\ContentReplaceBehavior [ RunTime:0.000062s ]
INFO: [ template_filter ] --END-- [ RunTime:0.000143s ]
INFO: Run Behavior\ParseTemplateBehavior [ RunTime:0.013164s ]
INFO: [ view_parse ] --END-- [ RunTime:0.013225s ]
INFO: [ view_filter ] --START--
INFO: Run Behavior\WriteHtmlCacheBehavior [ RunTime:0.000165s ]
INFO: [ view_filter ] --END-- [ RunTime:0.000217s ]
INFO: [ app_end ] --START--
INFO: Run Behavior\ShowPageTraceBehavior [ RunTime:0.000533s ]
INFO: [ app_end ] --END-- [ RunTime:0.000590s ]

[ 2016-08-31T14:26:30+08:00 ] ::1 /index.php/Home/Index/Index.html
INFO: [ app_init ] --START--
INFO: Run Behavior\BuildLiteBehavior [ RunTime:0.000017s ]
INFO: [ app_init ] --END-- [ RunTime:0.000387s ]
INFO: [ app_begin ] --START--
INFO: Run Behavior\ReadHtmlCacheBehavior [ RunTime:0.000507s ]
INFO: [ app_begin ] --END-- [ RunTime:0.000571s ]
SQL: SHOW COLUMNS FROM `it_article` [ RunTime:0.0099s ]
SQL: SELECT * FROM `it_article` ORDER BY create_time desc LIMIT 10   [ RunTime:0.0006s ]
SQL: SHOW COLUMNS FROM `it_active` [ RunTime:0.0016s ]
SQL: SELECT * FROM `it_active` ORDER BY id desc LIMIT 4   [ RunTime:0.0003s ]
INFO: [ view_parse ] --START--
INFO: [ template_filter ] --START--
INFO: Run Behavior\ContentReplaceBehavior [ RunTime:0.000063s ]
INFO: [ template_filter ] --END-- [ RunTime:0.000139s ]
INFO: Run Behavior\ParseTemplateBehavior [ RunTime:0.014587s ]
INFO: [ view_parse ] --END-- [ RunTime:0.014654s ]
INFO: [ view_filter ] --START--
INFO: Run Behavior\WriteHtmlCacheBehavior [ RunTime:0.000166s ]
INFO: [ view_filter ] --END-- [ RunTime:0.000222s ]
INFO: [ app_end ] --START--
INFO: Run Behavior\ShowPageTraceBehavior [ RunTime:0.000754s ]
INFO: [ app_end ] --END-- [ RunTime:0.000850s ]

