[ 2016-07-30T03:09:54+08:00 ] ::1 /
INFO: [ app_init ] --START--
INFO: Run Behavior\BuildLiteBehavior [ RunTime:0.000029s ]
INFO: [ app_init ] --END-- [ RunTime:0.003176s ]
INFO: [ app_begin ] --START--
INFO: Run Behavior\ReadHtmlCacheBehavior [ RunTime:0.001141s ]
INFO: [ app_begin ] --END-- [ RunTime:0.001248s ]
SQL: SHOW COLUMNS FROM `it_article` [ RunTime:0.0168s ]
SQL: SELECT * FROM `it_article` ORDER BY create_time desc LIMIT 10   [ RunTime:0.0040s ]
SQL: SHOW COLUMNS FROM `it_active` [ RunTime:0.0030s ]
SQL: SELECT * FROM `it_active` ORDER BY id desc LIMIT 4   [ RunTime:0.0086s ]
INFO: [ view_parse ] --START--
INFO: [ template_filter ] --START--
INFO: Run Behavior\ContentReplaceBehavior [ RunTime:0.000628s ]
INFO: [ template_filter ] --END-- [ RunTime:0.000736s ]
INFO: Run Behavior\ParseTemplateBehavior [ RunTime:0.032182s ]
INFO: [ view_parse ] --END-- [ RunTime:0.032297s ]
INFO: [ view_filter ] --START--
INFO: Run Behavior\WriteHtmlCacheBehavior [ RunTime:0.000509s ]
INFO: [ view_filter ] --END-- [ RunTime:0.000579s ]
INFO: [ app_end ] --START--
INFO: Run Behavior\ShowPageTraceBehavior [ RunTime:0.001122s ]
INFO: [ app_end ] --END-- [ RunTime:0.001217s ]

[ 2016-07-30T03:10:01+08:00 ] ::1 /index.php/Home/Check/index.html
INFO: [ app_init ] --START--
INFO: Run Behavior\BuildLiteBehavior [ RunTime:0.000034s ]
INFO: [ app_init ] --END-- [ RunTime:0.000769s ]
INFO: [ app_begin ] --START--
INFO: Run Behavior\ReadHtmlCacheBehavior [ RunTime:0.000618s ]
INFO: [ app_begin ] --END-- [ RunTime:0.000694s ]
INFO: [ view_parse ] --START--
INFO: [ template_filter ] --START--
INFO: Run Behavior\ContentReplaceBehavior [ RunTime:0.000104s ]
INFO: [ template_filter ] --END-- [ RunTime:0.000204s ]
INFO: Run Behavior\ParseTemplateBehavior [ RunTime:0.012879s ]
INFO: [ view_parse ] --END-- [ RunTime:0.013004s ]
INFO: [ view_filter ] --START--
INFO: Run Behavior\WriteHtmlCacheBehavior [ RunTime:0.000268s ]
INFO: [ view_filter ] --END-- [ RunTime:0.000325s ]
INFO: [ app_end ] --START--
INFO: Run Behavior\ShowPageTraceBehavior [ RunTime:0.000825s ]
INFO: [ app_end ] --END-- [ RunTime:0.000925s ]

[ 2016-07-30T03:10:08+08:00 ] ::1 /index.php/Home/Check/check.html?id=1501030121
INFO: [ app_init ] --START--
INFO: Run Behavior\BuildLiteBehavior [ RunTime:0.000032s ]
INFO: [ app_init ] --END-- [ RunTime:0.000697s ]
INFO: [ app_begin ] --START--
INFO: Run Behavior\ReadHtmlCacheBehavior [ RunTime:0.001286s ]
INFO: [ app_begin ] --END-- [ RunTime:0.001602s ]
SQL: SHOW COLUMNS FROM `it_student` [ RunTime:0.0027s ]
SQL: SELECT * FROM `it_student` WHERE ( id=1501030121 ) LIMIT 1   [ RunTime:0.0023s ]
SQL: SHOW COLUMNS FROM `it_tc` [ RunTime:0.0025s ]
SQL: SHOW COLUMNS FROM `it_tcc` [ RunTime:0.0012s ]
SQL: SELECT * FROM `it_tc` WHERE ( id=1501030121 )  [ RunTime:0.0096s ]
SQL: SELECT SUM(score) AS tp_sum FROM `it_tc` WHERE ( id=1501030121 ) LIMIT 1   [ RunTime:0.0034s ]
SQL: SELECT * FROM `it_tcc` WHERE ( id=1501030121 )  [ RunTime:0.0002s ]
SQL: SELECT SUM(score) AS tp_sum FROM `it_tcc` WHERE ( id=1501030121 ) LIMIT 1   [ RunTime:0.0001s ]
INFO: [ view_parse ] --START--
INFO: [ template_filter ] --START--
INFO: Run Behavior\ContentReplaceBehavior [ RunTime:0.000119s ]
INFO: [ template_filter ] --END-- [ RunTime:0.000216s ]
INFO: Run Behavior\ParseTemplateBehavior [ RunTime:0.019165s ]
INFO: [ view_parse ] --END-- [ RunTime:0.019238s ]
INFO: [ view_filter ] --START--
INFO: Run Behavior\WriteHtmlCacheBehavior [ RunTime:0.000183s ]
INFO: [ view_filter ] --END-- [ RunTime:0.000230s ]
INFO: [ app_end ] --START--
INFO: Run Behavior\ShowPageTraceBehavior [ RunTime:0.000654s ]
INFO: [ app_end ] --END-- [ RunTime:0.000724s ]

[ 2016-07-30T03:10:15+08:00 ] ::1 /index.php/Home/Check/check.html?id=1501030121
INFO: [ app_init ] --START--
INFO: Run Behavior\BuildLiteBehavior [ RunTime:0.000022s ]
INFO: [ app_init ] --END-- [ RunTime:0.000545s ]
INFO: [ app_begin ] --START--
INFO: Run Behavior\ReadHtmlCacheBehavior [ RunTime:0.000650s ]
INFO: [ app_begin ] --END-- [ RunTime:0.000717s ]
SQL: SHOW COLUMNS FROM `it_student` [ RunTime:0.0011s ]
SQL: SELECT * FROM `it_student` WHERE ( id=1501030121 ) LIMIT 1   [ RunTime:0.0002s ]
SQL: SHOW COLUMNS FROM `it_tc` [ RunTime:0.0021s ]
SQL: SHOW COLUMNS FROM `it_tcc` [ RunTime:0.0010s ]
SQL: SELECT * FROM `it_tc` WHERE ( id=1501030121 )  [ RunTime:0.0047s ]
SQL: SELECT SUM(score) AS tp_sum FROM `it_tc` WHERE ( id=1501030121 ) LIMIT 1   [ RunTime:0.0036s ]
SQL: SELECT * FROM `it_tcc` WHERE ( id=1501030121 )  [ RunTime:0.0003s ]
SQL: SELECT SUM(score) AS tp_sum FROM `it_tcc` WHERE ( id=1501030121 ) LIMIT 1   [ RunTime:0.0002s ]
INFO: [ view_parse ] --START--
INFO: [ template_filter ] --START--
INFO: Run Behavior\ContentReplaceBehavior [ RunTime:0.000132s ]
INFO: [ template_filter ] --END-- [ RunTime:0.000221s ]
INFO: Run Behavior\ParseTemplateBehavior [ RunTime:0.015087s ]
INFO: [ view_parse ] --END-- [ RunTime:0.015196s ]
INFO: [ view_filter ] --START--
INFO: Run Behavior\WriteHtmlCacheBehavior [ RunTime:0.000244s ]
INFO: [ view_filter ] --END-- [ RunTime:0.000308s ]
INFO: [ app_end ] --START--
INFO: Run Behavior\ShowPageTraceBehavior [ RunTime:0.000703s ]
INFO: [ app_end ] --END-- [ RunTime:0.000784s ]

[ 2016-07-30T03:10:17+08:00 ] ::1 /index.php/Home/Check/check.html?id=15
INFO: [ app_init ] --START--
INFO: Run Behavior\BuildLiteBehavior [ RunTime:0.000015s ]
INFO: [ app_init ] --END-- [ RunTime:0.000349s ]
INFO: [ app_begin ] --START--
INFO: Run Behavior\ReadHtmlCacheBehavior [ RunTime:0.000432s ]
INFO: [ app_begin ] --END-- [ RunTime:0.000485s ]
SQL: SHOW COLUMNS FROM `it_student` [ RunTime:0.0018s ]
SQL: SELECT * FROM `it_student` WHERE ( id=15 ) LIMIT 1   [ RunTime:0.0005s ]
SQL: SHOW COLUMNS FROM `it_tc` [ RunTime:0.0013s ]
SQL: SHOW COLUMNS FROM `it_tcc` [ RunTime:0.0012s ]
SQL: SELECT * FROM `it_tc` WHERE ( id=15 )  [ RunTime:0.0040s ]
SQL: SELECT SUM(score) AS tp_sum FROM `it_tc` WHERE ( id=15 ) LIMIT 1   [ RunTime:0.0022s ]
SQL: SELECT * FROM `it_tcc` WHERE ( id=15 )  [ RunTime:0.0001s ]
SQL: SELECT SUM(score) AS tp_sum FROM `it_tcc` WHERE ( id=15 ) LIMIT 1   [ RunTime:0.0001s ]
INFO: [ view_parse ] --START--
INFO: [ template_filter ] --START--
INFO: Run Behavior\ContentReplaceBehavior [ RunTime:0.000050s ]
INFO: [ template_filter ] --END-- [ RunTime:0.000114s ]
INFO: Run Behavior\ParseTemplateBehavior [ RunTime:0.014543s ]
INFO: [ view_parse ] --END-- [ RunTime:0.014604s ]
INFO: [ view_filter ] --START--
INFO: Run Behavior\WriteHtmlCacheBehavior [ RunTime:0.000146s ]
INFO: [ view_filter ] --END-- [ RunTime:0.000191s ]
INFO: [ app_end ] --START--
INFO: Run Behavior\ShowPageTraceBehavior [ RunTime:0.000470s ]
INFO: [ app_end ] --END-- [ RunTime:0.000518s ]

[ 2016-07-30T03:10:22+08:00 ] ::1 /index.php/Home/Check/check.html?id=1501030112
INFO: [ app_init ] --START--
INFO: Run Behavior\BuildLiteBehavior [ RunTime:0.000021s ]
INFO: [ app_init ] --END-- [ RunTime:0.000497s ]
INFO: [ app_begin ] --START--
INFO: Run Behavior\ReadHtmlCacheBehavior [ RunTime:0.000542s ]
INFO: [ app_begin ] --END-- [ RunTime:0.000610s ]
SQL: SHOW COLUMNS FROM `it_student` [ RunTime:0.0011s ]
SQL: SELECT * FROM `it_student` WHERE ( id=1501030112 ) LIMIT 1   [ RunTime:0.0003s ]
SQL: SHOW COLUMNS FROM `it_tc` [ RunTime:0.0009s ]
SQL: SHOW COLUMNS FROM `it_tcc` [ RunTime:0.0010s ]
SQL: SELECT * FROM `it_tc` WHERE ( id=1501030112 )  [ RunTime:0.0039s ]
SQL: SELECT SUM(score) AS tp_sum FROM `it_tc` WHERE ( id=1501030112 ) LIMIT 1   [ RunTime:0.0042s ]
SQL: SELECT * FROM `it_tcc` WHERE ( id=1501030112 )  [ RunTime:0.0002s ]
SQL: SELECT SUM(score) AS tp_sum FROM `it_tcc` WHERE ( id=1501030112 ) LIMIT 1   [ RunTime:0.0001s ]
INFO: [ view_parse ] --START--
INFO: [ template_filter ] --START--
INFO: Run Behavior\ContentReplaceBehavior [ RunTime:0.000153s ]
INFO: [ template_filter ] --END-- [ RunTime:0.000274s ]
INFO: Run Behavior\ParseTemplateBehavior [ RunTime:0.015795s ]
INFO: [ view_parse ] --END-- [ RunTime:0.015881s ]
INFO: [ view_filter ] --START--
INFO: Run Behavior\WriteHtmlCacheBehavior [ RunTime:0.000254s ]
INFO: [ view_filter ] --END-- [ RunTime:0.000333s ]
INFO: [ app_end ] --START--
INFO: Run Behavior\ShowPageTraceBehavior [ RunTime:0.000625s ]
INFO: [ app_end ] --END-- [ RunTime:0.000682s ]

