[ 2016-04-22T23:17:04+08:00 ] ::1 /
INFO: [ app_init ] --START--
INFO: Run Behavior\BuildLiteBehavior [ RunTime:0.000327s ]
INFO: [ app_init ] --END-- [ RunTime:0.002715s ]
INFO: [ app_begin ] --START--
INFO: Run Behavior\ReadHtmlCacheBehavior [ RunTime:0.001774s ]
INFO: [ app_begin ] --END-- [ RunTime:0.001912s ]
SQL: SHOW COLUMNS FROM `it_article` [ RunTime:0.0036s ]
SQL: SELECT * FROM `it_article` WHERE ( classify=1 ) ORDER BY create_time desc LIMIT 6   [ RunTime:0.0022s ]
SQL: SELECT * FROM `it_article` WHERE ( classify=2 ) ORDER BY create_time desc LIMIT 6   [ RunTime:0.0003s ]
SQL: SELECT * FROM `it_article` WHERE ( classify=3 ) ORDER BY create_time desc LIMIT 6   [ RunTime:0.0003s ]
SQL: SELECT * FROM `it_article` WHERE ( classify=4 ) ORDER BY create_time desc LIMIT 6   [ RunTime:0.0002s ]
SQL: SELECT * FROM `it_article` WHERE ( classify=5 ) ORDER BY create_time desc LIMIT 6   [ RunTime:0.0003s ]
SQL: SELECT * FROM `it_article` WHERE ( classify=6 ) ORDER BY create_time desc LIMIT 6   [ RunTime:0.0002s ]
INFO: [ view_parse ] --START--
INFO: [ template_filter ] --START--
INFO: Run Behavior\ContentReplaceBehavior [ RunTime:0.000110s ]
INFO: [ template_filter ] --END-- [ RunTime:0.000179s ]
NOTIC: [8] Undefined index: name /Applications/MAMP/htdocs/xsh/Application/Runtime/Cache/Home/5f5878b563bbd0551b6c84d71156b7e9.php 第 53 行.
INFO: Run Behavior\ParseTemplateBehavior [ RunTime:0.029137s ]
INFO: [ view_parse ] --END-- [ RunTime:0.029218s ]
INFO: [ view_filter ] --START--
INFO: Run Behavior\WriteHtmlCacheBehavior [ RunTime:0.000504s ]
INFO: [ view_filter ] --END-- [ RunTime:0.000561s ]
INFO: [ app_end ] --START--
INFO: Run Behavior\ShowPageTraceBehavior [ RunTime:0.001204s ]
INFO: [ app_end ] --END-- [ RunTime:0.001347s ]

[ 2016-04-22T23:17:08+08:00 ] ::1 /index.php/Home/Index/login.html
INFO: [ app_init ] --START--
INFO: Run Behavior\BuildLiteBehavior [ RunTime:0.000023s ]
INFO: [ app_init ] --END-- [ RunTime:0.000500s ]
INFO: [ app_begin ] --START--
INFO: Run Behavior\ReadHtmlCacheBehavior [ RunTime:0.000648s ]
INFO: [ app_begin ] --END-- [ RunTime:0.000734s ]
INFO: [ view_parse ] --START--
INFO: [ template_filter ] --START--
INFO: Run Behavior\ContentReplaceBehavior [ RunTime:0.000050s ]
INFO: [ template_filter ] --END-- [ RunTime:0.000128s ]
NOTIC: [8] Undefined index: name /Applications/MAMP/htdocs/xsh/Application/Runtime/Cache/Home/ccea6a400660ce54d68cab67b9f68781.php 第 53 行.
INFO: Run Behavior\ParseTemplateBehavior [ RunTime:0.013627s ]
INFO: [ view_parse ] --END-- [ RunTime:0.013711s ]
INFO: [ view_filter ] --START--
INFO: Run Behavior\WriteHtmlCacheBehavior [ RunTime:0.000235s ]
INFO: [ view_filter ] --END-- [ RunTime:0.000292s ]
INFO: [ app_end ] --START--
INFO: Run Behavior\ShowPageTraceBehavior [ RunTime:0.000670s ]
INFO: [ app_end ] --END-- [ RunTime:0.000761s ]

[ 2016-04-22T23:18:46+08:00 ] ::1 /index.php/Home/Index.html
INFO: [ app_init ] --START--
INFO: Run Behavior\BuildLiteBehavior [ RunTime:0.000023s ]
INFO: [ app_init ] --END-- [ RunTime:0.000408s ]
INFO: [ app_begin ] --START--
INFO: Run Behavior\ReadHtmlCacheBehavior [ RunTime:0.000660s ]
INFO: [ app_begin ] --END-- [ RunTime:0.000740s ]
SQL: SHOW COLUMNS FROM `it_article` [ RunTime:0.0105s ]
SQL: SELECT * FROM `it_article` WHERE ( classify=1 ) ORDER BY create_time desc LIMIT 6   [ RunTime:0.0005s ]
SQL: SELECT * FROM `it_article` WHERE ( classify=2 ) ORDER BY create_time desc LIMIT 6   [ RunTime:0.0004s ]
SQL: SELECT * FROM `it_article` WHERE ( classify=3 ) ORDER BY create_time desc LIMIT 6   [ RunTime:0.0010s ]
SQL: SELECT * FROM `it_article` WHERE ( classify=4 ) ORDER BY create_time desc LIMIT 6   [ RunTime:0.0003s ]
SQL: SELECT * FROM `it_article` WHERE ( classify=5 ) ORDER BY create_time desc LIMIT 6   [ RunTime:0.0016s ]
SQL: SELECT * FROM `it_article` WHERE ( classify=6 ) ORDER BY create_time desc LIMIT 6   [ RunTime:0.0004s ]
INFO: [ view_parse ] --START--
INFO: [ template_filter ] --START--
INFO: Run Behavior\ContentReplaceBehavior [ RunTime:0.000075s ]
INFO: [ template_filter ] --END-- [ RunTime:0.000143s ]
NOTIC: [8] Undefined index: name /Applications/MAMP/htdocs/xsh/Application/Runtime/Cache/Home/5f5878b563bbd0551b6c84d71156b7e9.php 第 53 行.
INFO: Run Behavior\ParseTemplateBehavior [ RunTime:0.022929s ]
INFO: [ view_parse ] --END-- [ RunTime:0.023013s ]
INFO: [ view_filter ] --START--
INFO: Run Behavior\WriteHtmlCacheBehavior [ RunTime:0.000226s ]
INFO: [ view_filter ] --END-- [ RunTime:0.000284s ]
INFO: [ app_end ] --START--
INFO: Run Behavior\ShowPageTraceBehavior [ RunTime:0.000682s ]
INFO: [ app_end ] --END-- [ RunTime:0.000782s ]

[ 2016-04-22T23:18:47+08:00 ] ::1 /index.php/Home/Index/login.html
INFO: [ app_init ] --START--
INFO: Run Behavior\BuildLiteBehavior [ RunTime:0.000017s ]
INFO: [ app_init ] --END-- [ RunTime:0.000366s ]
INFO: [ app_begin ] --START--
INFO: Run Behavior\ReadHtmlCacheBehavior [ RunTime:0.000445s ]
INFO: [ app_begin ] --END-- [ RunTime:0.000497s ]
INFO: [ view_parse ] --START--
INFO: [ template_filter ] --START--
INFO: Run Behavior\ContentReplaceBehavior [ RunTime:0.000051s ]
INFO: [ template_filter ] --END-- [ RunTime:0.000129s ]
NOTIC: [8] Undefined index: name /Applications/MAMP/htdocs/xsh/Application/Runtime/Cache/Home/ccea6a400660ce54d68cab67b9f68781.php 第 53 行.
INFO: Run Behavior\ParseTemplateBehavior [ RunTime:0.011407s ]
INFO: [ view_parse ] --END-- [ RunTime:0.011464s ]
INFO: [ view_filter ] --START--
INFO: Run Behavior\WriteHtmlCacheBehavior [ RunTime:0.000170s ]
INFO: [ view_filter ] --END-- [ RunTime:0.000220s ]
INFO: [ app_end ] --START--
INFO: Run Behavior\ShowPageTraceBehavior [ RunTime:0.000612s ]
INFO: [ app_end ] --END-- [ RunTime:0.000680s ]

[ 2016-04-22T23:18:55+08:00 ] ::1 /index.php/Home/Index/login
INFO: [ app_init ] --START--
INFO: Run Behavior\BuildLiteBehavior [ RunTime:0.000019s ]
INFO: [ app_init ] --END-- [ RunTime:0.000423s ]
INFO: [ app_begin ] --START--
INFO: Run Behavior\ReadHtmlCacheBehavior [ RunTime:0.000468s ]
INFO: [ app_begin ] --END-- [ RunTime:0.000528s ]
SQL: SHOW COLUMNS FROM `it_student` [ RunTime:0.0010s ]
SQL: SELECT * FROM `it_student` WHERE `id` = '1501030061' LIMIT 1   [ RunTime:0.0002s ]
INFO: [ view_parse ] --START--
INFO: [ template_filter ] --START--
INFO: Run Behavior\ContentReplaceBehavior [ RunTime:0.000074s ]
INFO: [ template_filter ] --END-- [ RunTime:0.000147s ]
INFO: Run Behavior\ParseTemplateBehavior [ RunTime:0.007111s ]
INFO: [ view_parse ] --END-- [ RunTime:0.007178s ]
INFO: [ view_filter ] --START--
INFO: Run Behavior\WriteHtmlCacheBehavior [ RunTime:0.000135s ]
INFO: [ view_filter ] --END-- [ RunTime:0.000180s ]
INFO: [ app_end ] --START--
INFO: Run Behavior\ShowPageTraceBehavior [ RunTime:0.000486s ]
INFO: [ app_end ] --END-- [ RunTime:0.000540s ]

[ 2016-04-22T23:18:56+08:00 ] ::1 /index.php/Home/Index/Index.html
INFO: [ app_init ] --START--
INFO: Run Behavior\BuildLiteBehavior [ RunTime:0.000068s ]
INFO: [ app_init ] --END-- [ RunTime:0.000404s ]
INFO: [ app_begin ] --START--
INFO: Run Behavior\ReadHtmlCacheBehavior [ RunTime:0.000466s ]
INFO: [ app_begin ] --END-- [ RunTime:0.000531s ]
SQL: SHOW COLUMNS FROM `it_article` [ RunTime:0.0091s ]
SQL: SELECT * FROM `it_article` WHERE ( classify=1 ) ORDER BY create_time desc LIMIT 6   [ RunTime:0.0003s ]
SQL: SELECT * FROM `it_article` WHERE ( classify=2 ) ORDER BY create_time desc LIMIT 6   [ RunTime:0.0002s ]
SQL: SELECT * FROM `it_article` WHERE ( classify=3 ) ORDER BY create_time desc LIMIT 6   [ RunTime:0.0003s ]
SQL: SELECT * FROM `it_article` WHERE ( classify=4 ) ORDER BY create_time desc LIMIT 6   [ RunTime:0.0003s ]
SQL: SELECT * FROM `it_article` WHERE ( classify=5 ) ORDER BY create_time desc LIMIT 6   [ RunTime:0.0002s ]
SQL: SELECT * FROM `it_article` WHERE ( classify=6 ) ORDER BY create_time desc LIMIT 6   [ RunTime:0.0003s ]
INFO: [ view_parse ] --START--
INFO: [ template_filter ] --START--
INFO: Run Behavior\ContentReplaceBehavior [ RunTime:0.000301s ]
INFO: [ template_filter ] --END-- [ RunTime:0.000413s ]
INFO: Run Behavior\ParseTemplateBehavior [ RunTime:0.021975s ]
INFO: [ view_parse ] --END-- [ RunTime:0.022102s ]
INFO: [ view_filter ] --START--
INFO: Run Behavior\WriteHtmlCacheBehavior [ RunTime:0.000161s ]
INFO: [ view_filter ] --END-- [ RunTime:0.000212s ]
INFO: [ app_end ] --START--
INFO: Run Behavior\ShowPageTraceBehavior [ RunTime:0.000758s ]
INFO: [ app_end ] --END-- [ RunTime:0.000881s ]

[ 2016-04-22T23:18:58+08:00 ] ::1 /index.php/Home/User/index.html
INFO: [ app_init ] --START--
INFO: Run Behavior\BuildLiteBehavior [ RunTime:0.000036s ]
INFO: [ app_init ] --END-- [ RunTime:0.000613s ]
INFO: [ app_begin ] --START--
INFO: Run Behavior\ReadHtmlCacheBehavior [ RunTime:0.000439s ]
INFO: [ app_begin ] --END-- [ RunTime:0.000493s ]
SQL: SHOW COLUMNS FROM `it_student` [ RunTime:0.0010s ]
SQL: SHOW COLUMNS FROM `it_tc` [ RunTime:0.0057s ]
SQL: SHOW COLUMNS FROM `it_tcc` [ RunTime:0.0039s ]
SQL: SELECT * FROM `it_student` WHERE ( name='龙星宇' ) LIMIT 1   [ RunTime:0.0026s ]
SQL: SELECT * FROM `it_tc` WHERE ( id=1501030061 )  [ RunTime:0.0129s ]
SQL: SELECT SUM(score) AS tp_sum FROM `it_tc` WHERE ( id=1501030061 ) LIMIT 1   [ RunTime:0.0034s ]
SQL: SELECT * FROM `it_tcc` WHERE ( id=1501030061 )  [ RunTime:0.0002s ]
SQL: SELECT SUM(score) AS tp_sum FROM `it_tcc` WHERE ( id=1501030061 ) LIMIT 1   [ RunTime:0.0002s ]
INFO: [ view_parse ] --START--
INFO: [ template_filter ] --START--
INFO: Run Behavior\ContentReplaceBehavior [ RunTime:0.000094s ]
INFO: [ template_filter ] --END-- [ RunTime:0.000218s ]
INFO: Run Behavior\ParseTemplateBehavior [ RunTime:0.016423s ]
INFO: [ view_parse ] --END-- [ RunTime:0.016511s ]
INFO: [ view_filter ] --START--
INFO: Run Behavior\WriteHtmlCacheBehavior [ RunTime:0.000188s ]
INFO: [ view_filter ] --END-- [ RunTime:0.000238s ]
INFO: [ app_end ] --START--
INFO: Run Behavior\ShowPageTraceBehavior [ RunTime:0.000729s ]
INFO: [ app_end ] --END-- [ RunTime:0.000822s ]

