[ 2016-05-11T22:25:32+08:00 ] ::1 /
INFO: [ app_init ] --START--
INFO: Run Behavior\BuildLiteBehavior [ RunTime:0.000275s ]
INFO: [ app_init ] --END-- [ RunTime:0.001812s ]
INFO: [ app_begin ] --START--
INFO: Run Behavior\ReadHtmlCacheBehavior [ RunTime:0.000930s ]
INFO: [ app_begin ] --END-- [ RunTime:0.001026s ]
SQL: SHOW COLUMNS FROM `it_article` [ RunTime:0.0037s ]
SQL: SELECT * FROM `it_article` WHERE ( classify=1 ) ORDER BY create_time desc LIMIT 6   [ RunTime:0.0029s ]
SQL: SELECT * FROM `it_article` WHERE ( classify=2 ) ORDER BY create_time desc LIMIT 6   [ RunTime:0.0003s ]
SQL: SELECT * FROM `it_article` WHERE ( classify=3 ) ORDER BY create_time desc LIMIT 6   [ RunTime:0.0004s ]
SQL: SELECT * FROM `it_article` WHERE ( classify=4 ) ORDER BY create_time desc LIMIT 6   [ RunTime:0.0002s ]
SQL: SELECT * FROM `it_article` WHERE ( classify=5 ) ORDER BY create_time desc LIMIT 6   [ RunTime:0.0002s ]
SQL: SELECT * FROM `it_article` WHERE ( classify=6 ) ORDER BY create_time desc LIMIT 6   [ RunTime:0.0001s ]
INFO: [ view_parse ] --START--
INFO: [ template_filter ] --START--
INFO: Run Behavior\ContentReplaceBehavior [ RunTime:0.000498s ]
INFO: [ template_filter ] --END-- [ RunTime:0.000660s ]
NOTIC: [8] Undefined index: name /Applications/MAMP/htdocs/xsh/Application/Runtime/Cache/Home/5f5878b563bbd0551b6c84d71156b7e9.php 第 53 行.
INFO: Run Behavior\ParseTemplateBehavior [ RunTime:0.032483s ]
INFO: [ view_parse ] --END-- [ RunTime:0.032583s ]
INFO: [ view_filter ] --START--
INFO: Run Behavior\WriteHtmlCacheBehavior [ RunTime:0.000667s ]
INFO: [ view_filter ] --END-- [ RunTime:0.000747s ]
INFO: [ app_end ] --START--
INFO: Run Behavior\ShowPageTraceBehavior [ RunTime:0.000943s ]
INFO: [ app_end ] --END-- [ RunTime:0.001020s ]

