[ 2016-03-28T22:10:19+08:00 ] ::1 /
INFO: [ app_init ] --START--
INFO: Run Behavior\BuildLiteBehavior [ RunTime:0.000356s ]
INFO: [ app_init ] --END-- [ RunTime:0.002161s ]
INFO: [ app_begin ] --START--
INFO: Run Behavior\ReadHtmlCacheBehavior [ RunTime:0.000968s ]
INFO: [ app_begin ] --END-- [ RunTime:0.001071s ]
SQL: SHOW COLUMNS FROM `it_article` [ RunTime:0.0025s ]
SQL: SELECT * FROM `it_article` WHERE ( classify=1 ) ORDER BY create_time desc LIMIT 6   [ RunTime:0.0021s ]
SQL: SELECT * FROM `it_article` WHERE ( classify=2 ) ORDER BY create_time desc LIMIT 6   [ RunTime:0.0003s ]
SQL: SELECT * FROM `it_article` WHERE ( classify=3 ) ORDER BY create_time desc LIMIT 6   [ RunTime:0.0003s ]
SQL: SELECT * FROM `it_article` WHERE ( classify=4 ) ORDER BY create_time desc LIMIT 6   [ RunTime:0.0002s ]
SQL: SELECT * FROM `it_article` WHERE ( classify=5 ) ORDER BY create_time desc LIMIT 6   [ RunTime:0.0002s ]
SQL: SELECT * FROM `it_article` WHERE ( classify=6 ) ORDER BY create_time desc LIMIT 6   [ RunTime:0.0001s ]
INFO: [ view_parse ] --START--
INFO: [ template_filter ] --START--
INFO: Run Behavior\ContentReplaceBehavior [ RunTime:0.000113s ]
INFO: [ template_filter ] --END-- [ RunTime:0.000183s ]
NOTIC: [8] Undefined index: name /Applications/MAMP/htdocs/xsh/Application/Runtime/Cache/Home/5f5878b563bbd0551b6c84d71156b7e9.php 第 52 行.
INFO: Run Behavior\ParseTemplateBehavior [ RunTime:0.028876s ]
INFO: [ view_parse ] --END-- [ RunTime:0.028975s ]
INFO: [ view_filter ] --START--
INFO: Run Behavior\WriteHtmlCacheBehavior [ RunTime:0.000546s ]
INFO: [ view_filter ] --END-- [ RunTime:0.000613s ]
INFO: [ app_end ] --START--
INFO: Run Behavior\ShowPageTraceBehavior [ RunTime:0.001224s ]
INFO: [ app_end ] --END-- [ RunTime:0.001342s ]

[ 2016-03-28T22:10:23+08:00 ] ::1 /
INFO: [ app_init ] --START--
INFO: Run Behavior\BuildLiteBehavior [ RunTime:0.000015s ]
INFO: [ app_init ] --END-- [ RunTime:0.000328s ]
INFO: [ app_begin ] --START--
INFO: Run Behavior\ReadHtmlCacheBehavior [ RunTime:0.000452s ]
INFO: [ app_begin ] --END-- [ RunTime:0.000508s ]
SQL: SHOW COLUMNS FROM `it_article` [ RunTime:0.0014s ]
SQL: SELECT * FROM `it_article` WHERE ( classify=1 ) ORDER BY create_time desc LIMIT 6   [ RunTime:0.0003s ]
SQL: SELECT * FROM `it_article` WHERE ( classify=2 ) ORDER BY create_time desc LIMIT 6   [ RunTime:0.0002s ]
SQL: SELECT * FROM `it_article` WHERE ( classify=3 ) ORDER BY create_time desc LIMIT 6   [ RunTime:0.0003s ]
SQL: SELECT * FROM `it_article` WHERE ( classify=4 ) ORDER BY create_time desc LIMIT 6   [ RunTime:0.0002s ]
SQL: SELECT * FROM `it_article` WHERE ( classify=5 ) ORDER BY create_time desc LIMIT 6   [ RunTime:0.0001s ]
SQL: SELECT * FROM `it_article` WHERE ( classify=6 ) ORDER BY create_time desc LIMIT 6   [ RunTime:0.0001s ]
INFO: [ view_parse ] --START--
INFO: [ template_filter ] --START--
INFO: Run Behavior\ContentReplaceBehavior [ RunTime:0.000084s ]
INFO: [ template_filter ] --END-- [ RunTime:0.000162s ]
NOTIC: [8] Undefined index: name /Applications/MAMP/htdocs/xsh/Application/Runtime/Cache/Home/5f5878b563bbd0551b6c84d71156b7e9.php 第 52 行.
INFO: Run Behavior\ParseTemplateBehavior [ RunTime:0.020390s ]
INFO: [ view_parse ] --END-- [ RunTime:0.020453s ]
INFO: [ view_filter ] --START--
INFO: Run Behavior\WriteHtmlCacheBehavior [ RunTime:0.000188s ]
INFO: [ view_filter ] --END-- [ RunTime:0.000244s ]
INFO: [ app_end ] --START--
INFO: Run Behavior\ShowPageTraceBehavior [ RunTime:0.000715s ]
INFO: [ app_end ] --END-- [ RunTime:0.000819s ]

[ 2016-03-28T22:10:41+08:00 ] ::1 /index.php/Home/Index/login.html
INFO: [ app_init ] --START--
INFO: Run Behavior\BuildLiteBehavior [ RunTime:0.000022s ]
INFO: [ app_init ] --END-- [ RunTime:0.000548s ]
INFO: [ app_begin ] --START--
INFO: Run Behavior\ReadHtmlCacheBehavior [ RunTime:0.000579s ]
INFO: [ app_begin ] --END-- [ RunTime:0.000641s ]
INFO: [ view_parse ] --START--
INFO: [ template_filter ] --START--
INFO: Run Behavior\ContentReplaceBehavior [ RunTime:0.000071s ]
INFO: [ template_filter ] --END-- [ RunTime:0.000156s ]
NOTIC: [8] Undefined index: name /Applications/MAMP/htdocs/xsh/Application/Runtime/Cache/Home/ccea6a400660ce54d68cab67b9f68781.php 第 52 行.
INFO: Run Behavior\ParseTemplateBehavior [ RunTime:0.010795s ]
INFO: [ view_parse ] --END-- [ RunTime:0.010853s ]
INFO: [ view_filter ] --START--
INFO: Run Behavior\WriteHtmlCacheBehavior [ RunTime:0.000137s ]
INFO: [ view_filter ] --END-- [ RunTime:0.000182s ]
INFO: [ app_end ] --START--
INFO: Run Behavior\ShowPageTraceBehavior [ RunTime:0.000483s ]
INFO: [ app_end ] --END-- [ RunTime:0.000536s ]

[ 2016-03-28T22:12:01+08:00 ] ::1 /
INFO: [ app_init ] --START--
INFO: Run Behavior\BuildLiteBehavior [ RunTime:0.000022s ]
INFO: [ app_init ] --END-- [ RunTime:0.000496s ]
INFO: [ app_begin ] --START--
INFO: Run Behavior\ReadHtmlCacheBehavior [ RunTime:0.000529s ]
INFO: [ app_begin ] --END-- [ RunTime:0.000591s ]
SQL: SHOW COLUMNS FROM `it_article` [ RunTime:0.0016s ]
SQL: SELECT * FROM `it_article` WHERE ( classify=1 ) ORDER BY create_time desc LIMIT 6   [ RunTime:0.0003s ]
SQL: SELECT * FROM `it_article` WHERE ( classify=2 ) ORDER BY create_time desc LIMIT 6   [ RunTime:0.0002s ]
SQL: SELECT * FROM `it_article` WHERE ( classify=3 ) ORDER BY create_time desc LIMIT 6   [ RunTime:0.0003s ]
SQL: SELECT * FROM `it_article` WHERE ( classify=4 ) ORDER BY create_time desc LIMIT 6   [ RunTime:0.0002s ]
SQL: SELECT * FROM `it_article` WHERE ( classify=5 ) ORDER BY create_time desc LIMIT 6   [ RunTime:0.0001s ]
SQL: SELECT * FROM `it_article` WHERE ( classify=6 ) ORDER BY create_time desc LIMIT 6   [ RunTime:0.0001s ]
INFO: [ view_parse ] --START--
INFO: [ template_filter ] --START--
INFO: Run Behavior\ContentReplaceBehavior [ RunTime:0.000112s ]
INFO: [ template_filter ] --END-- [ RunTime:0.000183s ]
NOTIC: [8] Undefined index: name /Applications/MAMP/htdocs/xsh/Application/Runtime/Cache/Home/5f5878b563bbd0551b6c84d71156b7e9.php 第 52 行.
INFO: Run Behavior\ParseTemplateBehavior [ RunTime:0.019330s ]
INFO: [ view_parse ] --END-- [ RunTime:0.019398s ]
INFO: [ view_filter ] --START--
INFO: Run Behavior\WriteHtmlCacheBehavior [ RunTime:0.000152s ]
INFO: [ view_filter ] --END-- [ RunTime:0.000200s ]
INFO: [ app_end ] --START--
INFO: Run Behavior\ShowPageTraceBehavior [ RunTime:0.000706s ]
INFO: [ app_end ] --END-- [ RunTime:0.000788s ]

[ 2016-03-28T22:12:03+08:00 ] ::1 /
INFO: [ app_init ] --START--
INFO: Run Behavior\BuildLiteBehavior [ RunTime:0.000017s ]
INFO: [ app_init ] --END-- [ RunTime:0.000358s ]
INFO: [ app_begin ] --START--
INFO: Run Behavior\ReadHtmlCacheBehavior [ RunTime:0.000467s ]
INFO: [ app_begin ] --END-- [ RunTime:0.000526s ]
SQL: SHOW COLUMNS FROM `it_article` [ RunTime:0.0011s ]
SQL: SELECT * FROM `it_article` WHERE ( classify=1 ) ORDER BY create_time desc LIMIT 6   [ RunTime:0.0003s ]
SQL: SELECT * FROM `it_article` WHERE ( classify=2 ) ORDER BY create_time desc LIMIT 6   [ RunTime:0.0002s ]
SQL: SELECT * FROM `it_article` WHERE ( classify=3 ) ORDER BY create_time desc LIMIT 6   [ RunTime:0.0003s ]
SQL: SELECT * FROM `it_article` WHERE ( classify=4 ) ORDER BY create_time desc LIMIT 6   [ RunTime:0.0002s ]
SQL: SELECT * FROM `it_article` WHERE ( classify=5 ) ORDER BY create_time desc LIMIT 6   [ RunTime:0.0002s ]
SQL: SELECT * FROM `it_article` WHERE ( classify=6 ) ORDER BY create_time desc LIMIT 6   [ RunTime:0.0001s ]
INFO: [ view_parse ] --START--
INFO: [ template_filter ] --START--
INFO: Run Behavior\ContentReplaceBehavior [ RunTime:0.000098s ]
INFO: [ template_filter ] --END-- [ RunTime:0.000197s ]
NOTIC: [8] Undefined index: name /Applications/MAMP/htdocs/xsh/Application/Runtime/Cache/Home/5f5878b563bbd0551b6c84d71156b7e9.php 第 52 行.
INFO: Run Behavior\ParseTemplateBehavior [ RunTime:0.020347s ]
INFO: [ view_parse ] --END-- [ RunTime:0.020415s ]
INFO: [ view_filter ] --START--
INFO: Run Behavior\WriteHtmlCacheBehavior [ RunTime:0.000232s ]
INFO: [ view_filter ] --END-- [ RunTime:0.000288s ]
INFO: [ app_end ] --START--
INFO: Run Behavior\ShowPageTraceBehavior [ RunTime:0.000806s ]
INFO: [ app_end ] --END-- [ RunTime:0.000898s ]

