[ 2016-05-24T00:00:43+08:00 ] ::1 /index.php/Home/Index/Index.html
INFO: [ app_init ] --START--
INFO: Run Behavior\BuildLiteBehavior [ RunTime:0.000017s ]
INFO: [ app_init ] --END-- [ RunTime:0.000401s ]
INFO: [ app_begin ] --START--
INFO: Run Behavior\ReadHtmlCacheBehavior [ RunTime:0.000424s ]
INFO: [ app_begin ] --END-- [ RunTime:0.000477s ]
SQL: SHOW COLUMNS FROM `it_article` [ RunTime:0.0010s ]
SQL: SELECT * FROM `it_article` ORDER BY create_time desc LIMIT 10   [ RunTime:0.0002s ]
SQL: SHOW COLUMNS FROM `it_active` [ RunTime:0.0008s ]
SQL: SELECT * FROM `it_active` ORDER BY id desc LIMIT 4   [ RunTime:0.0002s ]
INFO: [ view_parse ] --START--
INFO: [ template_filter ] --START--
INFO: Run Behavior\ContentReplaceBehavior [ RunTime:0.000055s ]
INFO: [ template_filter ] --END-- [ RunTime:0.000124s ]
NOTIC: [8] Undefined index: name /Applications/MAMP/htdocs/xsh/Application/Runtime/Cache/Home/5f5878b563bbd0551b6c84d71156b7e9.php 第 64 行.
INFO: Run Behavior\ParseTemplateBehavior [ RunTime:0.012998s ]
INFO: [ view_parse ] --END-- [ RunTime:0.013068s ]
INFO: [ view_filter ] --START--
INFO: Run Behavior\WriteHtmlCacheBehavior [ RunTime:0.000205s ]
INFO: [ view_filter ] --END-- [ RunTime:0.000281s ]
INFO: [ app_end ] --START--
INFO: Run Behavior\ShowPageTraceBehavior [ RunTime:0.001000s ]
INFO: [ app_end ] --END-- [ RunTime:0.001195s ]

[ 2016-05-24T00:01:09+08:00 ] ::1 /index.php/Home/Index/Index.html
INFO: [ app_init ] --START--
INFO: Run Behavior\BuildLiteBehavior [ RunTime:0.000015s ]
INFO: [ app_init ] --END-- [ RunTime:0.000324s ]
INFO: [ app_begin ] --START--
INFO: Run Behavior\ReadHtmlCacheBehavior [ RunTime:0.000418s ]
INFO: [ app_begin ] --END-- [ RunTime:0.000469s ]
SQL: SHOW COLUMNS FROM `it_article` [ RunTime:0.0094s ]
SQL: SELECT * FROM `it_article` ORDER BY create_time desc LIMIT 10   [ RunTime:0.0003s ]
SQL: SHOW COLUMNS FROM `it_active` [ RunTime:0.0024s ]
SQL: SELECT * FROM `it_active` ORDER BY id desc LIMIT 4   [ RunTime:0.0003s ]
INFO: [ view_parse ] --START--
INFO: [ template_filter ] --START--
INFO: Run Behavior\ContentReplaceBehavior [ RunTime:0.000053s ]
INFO: [ template_filter ] --END-- [ RunTime:0.000117s ]
NOTIC: [8] Undefined index: name /Applications/MAMP/htdocs/xsh/Application/Runtime/Cache/Home/5f5878b563bbd0551b6c84d71156b7e9.php 第 64 行.
INFO: Run Behavior\ParseTemplateBehavior [ RunTime:0.013573s ]
INFO: [ view_parse ] --END-- [ RunTime:0.013653s ]
INFO: [ view_filter ] --START--
INFO: Run Behavior\WriteHtmlCacheBehavior [ RunTime:0.000156s ]
INFO: [ view_filter ] --END-- [ RunTime:0.000202s ]
INFO: [ app_end ] --START--
INFO: Run Behavior\ShowPageTraceBehavior [ RunTime:0.000649s ]
INFO: [ app_end ] --END-- [ RunTime:0.000712s ]

[ 2016-05-24T00:01:30+08:00 ] ::1 /index.php/Home/Index/Index.html
INFO: [ app_init ] --START--
INFO: Run Behavior\BuildLiteBehavior [ RunTime:0.000014s ]
INFO: [ app_init ] --END-- [ RunTime:0.000330s ]
INFO: [ app_begin ] --START--
INFO: Run Behavior\ReadHtmlCacheBehavior [ RunTime:0.000421s ]
INFO: [ app_begin ] --END-- [ RunTime:0.000473s ]
SQL: SHOW COLUMNS FROM `it_article` [ RunTime:0.0095s ]
SQL: SELECT * FROM `it_article` ORDER BY create_time desc LIMIT 10   [ RunTime:0.0003s ]
SQL: SHOW COLUMNS FROM `it_active` [ RunTime:0.0015s ]
SQL: SELECT * FROM `it_active` ORDER BY id desc LIMIT 4   [ RunTime:0.0003s ]
INFO: [ view_parse ] --START--
INFO: [ template_filter ] --START--
INFO: Run Behavior\ContentReplaceBehavior [ RunTime:0.000053s ]
INFO: [ template_filter ] --END-- [ RunTime:0.000121s ]
NOTIC: [8] Undefined index: name /Applications/MAMP/htdocs/xsh/Application/Runtime/Cache/Home/5f5878b563bbd0551b6c84d71156b7e9.php 第 64 行.
INFO: Run Behavior\ParseTemplateBehavior [ RunTime:0.014148s ]
INFO: [ view_parse ] --END-- [ RunTime:0.014206s ]
INFO: [ view_filter ] --START--
INFO: Run Behavior\WriteHtmlCacheBehavior [ RunTime:0.000150s ]
INFO: [ view_filter ] --END-- [ RunTime:0.000194s ]
INFO: [ app_end ] --START--
INFO: Run Behavior\ShowPageTraceBehavior [ RunTime:0.000596s ]
INFO: [ app_end ] --END-- [ RunTime:0.000662s ]

[ 2016-05-24T00:01:45+08:00 ] ::1 /index.php/Home/Index/Index.html
INFO: [ app_init ] --START--
INFO: Run Behavior\BuildLiteBehavior [ RunTime:0.000014s ]
INFO: [ app_init ] --END-- [ RunTime:0.000331s ]
INFO: [ app_begin ] --START--
INFO: Run Behavior\ReadHtmlCacheBehavior [ RunTime:0.000422s ]
INFO: [ app_begin ] --END-- [ RunTime:0.000475s ]
SQL: SHOW COLUMNS FROM `it_article` [ RunTime:0.0097s ]
SQL: SELECT * FROM `it_article` ORDER BY create_time desc LIMIT 10   [ RunTime:0.0003s ]
SQL: SHOW COLUMNS FROM `it_active` [ RunTime:0.0015s ]
SQL: SELECT * FROM `it_active` ORDER BY id desc LIMIT 4   [ RunTime:0.0003s ]
INFO: [ view_parse ] --START--
INFO: [ template_filter ] --START--
INFO: Run Behavior\ContentReplaceBehavior [ RunTime:0.000054s ]
INFO: [ template_filter ] --END-- [ RunTime:0.000118s ]
NOTIC: [8] Undefined index: name /Applications/MAMP/htdocs/xsh/Application/Runtime/Cache/Home/5f5878b563bbd0551b6c84d71156b7e9.php 第 64 行.
INFO: Run Behavior\ParseTemplateBehavior [ RunTime:0.015058s ]
INFO: [ view_parse ] --END-- [ RunTime:0.015124s ]
INFO: [ view_filter ] --START--
INFO: Run Behavior\WriteHtmlCacheBehavior [ RunTime:0.000147s ]
INFO: [ view_filter ] --END-- [ RunTime:0.000192s ]
INFO: [ app_end ] --START--
INFO: Run Behavior\ShowPageTraceBehavior [ RunTime:0.000609s ]
INFO: [ app_end ] --END-- [ RunTime:0.000676s ]

[ 2016-05-24T00:01:55+08:00 ] ::1 /index.php/Home/Index/Index.html
INFO: [ app_init ] --START--
INFO: Run Behavior\BuildLiteBehavior [ RunTime:0.000023s ]
INFO: [ app_init ] --END-- [ RunTime:0.001377s ]
INFO: [ app_begin ] --START--
INFO: Run Behavior\ReadHtmlCacheBehavior [ RunTime:0.000470s ]
INFO: [ app_begin ] --END-- [ RunTime:0.000531s ]
SQL: SHOW COLUMNS FROM `it_article` [ RunTime:0.0012s ]
SQL: SELECT * FROM `it_article` ORDER BY create_time desc LIMIT 10   [ RunTime:0.0002s ]
SQL: SHOW COLUMNS FROM `it_active` [ RunTime:0.0010s ]
SQL: SELECT * FROM `it_active` ORDER BY id desc LIMIT 4   [ RunTime:0.0003s ]
INFO: [ view_parse ] --START--
INFO: [ template_filter ] --START--
INFO: Run Behavior\ContentReplaceBehavior [ RunTime:0.000093s ]
INFO: [ template_filter ] --END-- [ RunTime:0.000168s ]
NOTIC: [8] Undefined index: name /Applications/MAMP/htdocs/xsh/Application/Runtime/Cache/Home/5f5878b563bbd0551b6c84d71156b7e9.php 第 64 行.
INFO: Run Behavior\ParseTemplateBehavior [ RunTime:0.016558s ]
INFO: [ view_parse ] --END-- [ RunTime:0.016617s ]
INFO: [ view_filter ] --START--
INFO: Run Behavior\WriteHtmlCacheBehavior [ RunTime:0.000169s ]
INFO: [ view_filter ] --END-- [ RunTime:0.000217s ]
INFO: [ app_end ] --START--
INFO: Run Behavior\ShowPageTraceBehavior [ RunTime:0.000820s ]
INFO: [ app_end ] --END-- [ RunTime:0.000927s ]

[ 2016-05-24T00:02:04+08:00 ] ::1 /index.php/Home/Index/Index.html
INFO: [ app_init ] --START--
INFO: Run Behavior\BuildLiteBehavior [ RunTime:0.000014s ]
INFO: [ app_init ] --END-- [ RunTime:0.000324s ]
INFO: [ app_begin ] --START--
INFO: Run Behavior\ReadHtmlCacheBehavior [ RunTime:0.000418s ]
INFO: [ app_begin ] --END-- [ RunTime:0.000472s ]
SQL: SHOW COLUMNS FROM `it_article` [ RunTime:0.0097s ]
SQL: SELECT * FROM `it_article` ORDER BY create_time desc LIMIT 10   [ RunTime:0.0003s ]
SQL: SHOW COLUMNS FROM `it_active` [ RunTime:0.0015s ]
SQL: SELECT * FROM `it_active` ORDER BY id desc LIMIT 4   [ RunTime:0.0002s ]
INFO: [ view_parse ] --START--
INFO: [ template_filter ] --START--
INFO: Run Behavior\ContentReplaceBehavior [ RunTime:0.000054s ]
INFO: [ template_filter ] --END-- [ RunTime:0.000119s ]
NOTIC: [8] Undefined index: name /Applications/MAMP/htdocs/xsh/Application/Runtime/Cache/Home/5f5878b563bbd0551b6c84d71156b7e9.php 第 64 行.
INFO: Run Behavior\ParseTemplateBehavior [ RunTime:0.014176s ]
INFO: [ view_parse ] --END-- [ RunTime:0.014231s ]
INFO: [ view_filter ] --START--
INFO: Run Behavior\WriteHtmlCacheBehavior [ RunTime:0.000148s ]
INFO: [ view_filter ] --END-- [ RunTime:0.000191s ]
INFO: [ app_end ] --START--
INFO: Run Behavior\ShowPageTraceBehavior [ RunTime:0.000644s ]
INFO: [ app_end ] --END-- [ RunTime:0.000710s ]

[ 2016-05-24T00:02:06+08:00 ] ::1 /index.php/Home/Index/Index.html
INFO: [ app_init ] --START--
INFO: Run Behavior\BuildLiteBehavior [ RunTime:0.000014s ]
INFO: [ app_init ] --END-- [ RunTime:0.000324s ]
INFO: [ app_begin ] --START--
INFO: Run Behavior\ReadHtmlCacheBehavior [ RunTime:0.000420s ]
INFO: [ app_begin ] --END-- [ RunTime:0.000472s ]
SQL: SHOW COLUMNS FROM `it_article` [ RunTime:0.0099s ]
SQL: SELECT * FROM `it_article` ORDER BY create_time desc LIMIT 10   [ RunTime:0.0007s ]
SQL: SHOW COLUMNS FROM `it_active` [ RunTime:0.0015s ]
SQL: SELECT * FROM `it_active` ORDER BY id desc LIMIT 4   [ RunTime:0.0003s ]
INFO: [ view_parse ] --START--
INFO: [ template_filter ] --START--
INFO: Run Behavior\ContentReplaceBehavior [ RunTime:0.000060s ]
INFO: [ template_filter ] --END-- [ RunTime:0.000132s ]
NOTIC: [8] Undefined index: name /Applications/MAMP/htdocs/xsh/Application/Runtime/Cache/Home/5f5878b563bbd0551b6c84d71156b7e9.php 第 64 行.
INFO: Run Behavior\ParseTemplateBehavior [ RunTime:0.014298s ]
INFO: [ view_parse ] --END-- [ RunTime:0.014380s ]
INFO: [ view_filter ] --START--
INFO: Run Behavior\WriteHtmlCacheBehavior [ RunTime:0.000148s ]
INFO: [ view_filter ] --END-- [ RunTime:0.000193s ]
INFO: [ app_end ] --START--
INFO: Run Behavior\ShowPageTraceBehavior [ RunTime:0.000598s ]
INFO: [ app_end ] --END-- [ RunTime:0.000674s ]

[ 2016-05-24T00:02:15+08:00 ] ::1 /index.php/Home/Index/Index.html
INFO: [ app_init ] --START--
INFO: Run Behavior\BuildLiteBehavior [ RunTime:0.000024s ]
INFO: [ app_init ] --END-- [ RunTime:0.000562s ]
INFO: [ app_begin ] --START--
INFO: Run Behavior\ReadHtmlCacheBehavior [ RunTime:0.000615s ]
INFO: [ app_begin ] --END-- [ RunTime:0.000686s ]
SQL: SHOW COLUMNS FROM `it_article` [ RunTime:0.0012s ]
SQL: SELECT * FROM `it_article` ORDER BY create_time desc LIMIT 10   [ RunTime:0.0002s ]
SQL: SHOW COLUMNS FROM `it_active` [ RunTime:0.0010s ]
SQL: SELECT * FROM `it_active` ORDER BY id desc LIMIT 4   [ RunTime:0.0002s ]
INFO: [ view_parse ] --START--
INFO: [ template_filter ] --START--
INFO: Run Behavior\ContentReplaceBehavior [ RunTime:0.000087s ]
INFO: [ template_filter ] --END-- [ RunTime:0.000154s ]
NOTIC: [8] Undefined index: name /Applications/MAMP/htdocs/xsh/Application/Runtime/Cache/Home/5f5878b563bbd0551b6c84d71156b7e9.php 第 64 行.
INFO: Run Behavior\ParseTemplateBehavior [ RunTime:0.015755s ]
INFO: [ view_parse ] --END-- [ RunTime:0.015826s ]
INFO: [ view_filter ] --START--
INFO: Run Behavior\WriteHtmlCacheBehavior [ RunTime:0.000154s ]
INFO: [ view_filter ] --END-- [ RunTime:0.000199s ]
INFO: [ app_end ] --START--
INFO: Run Behavior\ShowPageTraceBehavior [ RunTime:0.000877s ]
INFO: [ app_end ] --END-- [ RunTime:0.000973s ]

[ 2016-05-24T00:03:41+08:00 ] ::1 /index.php/Home/Index/Index.html
INFO: [ app_init ] --START--
INFO: Run Behavior\BuildLiteBehavior [ RunTime:0.000014s ]
INFO: [ app_init ] --END-- [ RunTime:0.000332s ]
INFO: [ app_begin ] --START--
INFO: Run Behavior\ReadHtmlCacheBehavior [ RunTime:0.000424s ]
INFO: [ app_begin ] --END-- [ RunTime:0.000478s ]
SQL: SHOW COLUMNS FROM `it_article` [ RunTime:0.0011s ]
SQL: SELECT * FROM `it_article` ORDER BY create_time desc LIMIT 10   [ RunTime:0.0002s ]
SQL: SHOW COLUMNS FROM `it_active` [ RunTime:0.0007s ]
SQL: SELECT * FROM `it_active` ORDER BY id desc LIMIT 4   [ RunTime:0.0002s ]
INFO: [ view_parse ] --START--
INFO: [ template_filter ] --START--
INFO: Run Behavior\ContentReplaceBehavior [ RunTime:0.000058s ]
INFO: [ template_filter ] --END-- [ RunTime:0.000127s ]
NOTIC: [8] Undefined index: name /Applications/MAMP/htdocs/xsh/Application/Runtime/Cache/Home/5f5878b563bbd0551b6c84d71156b7e9.php 第 64 行.
INFO: Run Behavior\ParseTemplateBehavior [ RunTime:0.017374s ]
INFO: [ view_parse ] --END-- [ RunTime:0.017428s ]
INFO: [ view_filter ] --START--
INFO: Run Behavior\WriteHtmlCacheBehavior [ RunTime:0.000147s ]
INFO: [ view_filter ] --END-- [ RunTime:0.000192s ]
INFO: [ app_end ] --START--
INFO: Run Behavior\ShowPageTraceBehavior [ RunTime:0.000640s ]
INFO: [ app_end ] --END-- [ RunTime:0.000701s ]

[ 2016-05-24T00:04:09+08:00 ] ::1 /index.php/Home/Index/Index.html
INFO: [ app_init ] --START--
INFO: Run Behavior\BuildLiteBehavior [ RunTime:0.000014s ]
INFO: [ app_init ] --END-- [ RunTime:0.000328s ]
INFO: [ app_begin ] --START--
INFO: Run Behavior\ReadHtmlCacheBehavior [ RunTime:0.000421s ]
INFO: [ app_begin ] --END-- [ RunTime:0.000473s ]
SQL: SHOW COLUMNS FROM `it_article` [ RunTime:0.0088s ]
SQL: SELECT * FROM `it_article` ORDER BY create_time desc LIMIT 10   [ RunTime:0.0003s ]
SQL: SHOW COLUMNS FROM `it_active` [ RunTime:0.0015s ]
SQL: SELECT * FROM `it_active` ORDER BY id desc LIMIT 4   [ RunTime:0.0002s ]
INFO: [ view_parse ] --START--
INFO: [ template_filter ] --START--
INFO: Run Behavior\ContentReplaceBehavior [ RunTime:0.000057s ]
INFO: [ template_filter ] --END-- [ RunTime:0.000121s ]
NOTIC: [8] Undefined index: name /Applications/MAMP/htdocs/xsh/Application/Runtime/Cache/Home/5f5878b563bbd0551b6c84d71156b7e9.php 第 64 行.
INFO: Run Behavior\ParseTemplateBehavior [ RunTime:0.013880s ]
INFO: [ view_parse ] --END-- [ RunTime:0.013943s ]
INFO: [ view_filter ] --START--
INFO: Run Behavior\WriteHtmlCacheBehavior [ RunTime:0.000144s ]
INFO: [ view_filter ] --END-- [ RunTime:0.000190s ]
INFO: [ app_end ] --START--
INFO: Run Behavior\ShowPageTraceBehavior [ RunTime:0.000650s ]
INFO: [ app_end ] --END-- [ RunTime:0.000731s ]

[ 2016-05-24T00:04:12+08:00 ] ::1 /index.php/Home/Index/Index.html
INFO: [ app_init ] --START--
INFO: Run Behavior\BuildLiteBehavior [ RunTime:0.000016s ]
INFO: [ app_init ] --END-- [ RunTime:0.000393s ]
INFO: [ app_begin ] --START--
INFO: Run Behavior\ReadHtmlCacheBehavior [ RunTime:0.000489s ]
INFO: [ app_begin ] --END-- [ RunTime:0.000547s ]
SQL: SHOW COLUMNS FROM `it_article` [ RunTime:0.0089s ]
SQL: SELECT * FROM `it_article` ORDER BY create_time desc LIMIT 10   [ RunTime:0.0003s ]
SQL: SHOW COLUMNS FROM `it_active` [ RunTime:0.0018s ]
SQL: SELECT * FROM `it_active` ORDER BY id desc LIMIT 4   [ RunTime:0.0003s ]
INFO: [ view_parse ] --START--
INFO: [ template_filter ] --START--
INFO: Run Behavior\ContentReplaceBehavior [ RunTime:0.000071s ]
INFO: [ template_filter ] --END-- [ RunTime:0.000145s ]
NOTIC: [8] Undefined index: name /Applications/MAMP/htdocs/xsh/Application/Runtime/Cache/Home/5f5878b563bbd0551b6c84d71156b7e9.php 第 64 行.
INFO: Run Behavior\ParseTemplateBehavior [ RunTime:0.014663s ]
INFO: [ view_parse ] --END-- [ RunTime:0.014733s ]
INFO: [ view_filter ] --START--
INFO: Run Behavior\WriteHtmlCacheBehavior [ RunTime:0.000148s ]
INFO: [ view_filter ] --END-- [ RunTime:0.000191s ]
INFO: [ app_end ] --START--
INFO: Run Behavior\ShowPageTraceBehavior [ RunTime:0.000640s ]
INFO: [ app_end ] --END-- [ RunTime:0.000708s ]

[ 2016-05-24T00:04:15+08:00 ] ::1 /index.php/Home/Index/Index.html
INFO: [ app_init ] --START--
INFO: Run Behavior\BuildLiteBehavior [ RunTime:0.000015s ]
INFO: [ app_init ] --END-- [ RunTime:0.000329s ]
INFO: [ app_begin ] --START--
INFO: Run Behavior\ReadHtmlCacheBehavior [ RunTime:0.000423s ]
INFO: [ app_begin ] --END-- [ RunTime:0.000474s ]
SQL: SHOW COLUMNS FROM `it_article` [ RunTime:0.0094s ]
SQL: SELECT * FROM `it_article` ORDER BY create_time desc LIMIT 10   [ RunTime:0.0003s ]
SQL: SHOW COLUMNS FROM `it_active` [ RunTime:0.0016s ]
SQL: SELECT * FROM `it_active` ORDER BY id desc LIMIT 4   [ RunTime:0.0004s ]
INFO: [ view_parse ] --START--
INFO: [ template_filter ] --START--
INFO: Run Behavior\ContentReplaceBehavior [ RunTime:0.000074s ]
INFO: [ template_filter ] --END-- [ RunTime:0.000151s ]
NOTIC: [8] Undefined index: name /Applications/MAMP/htdocs/xsh/Application/Runtime/Cache/Home/5f5878b563bbd0551b6c84d71156b7e9.php 第 64 行.
INFO: Run Behavior\ParseTemplateBehavior [ RunTime:0.018144s ]
INFO: [ view_parse ] --END-- [ RunTime:0.018223s ]
INFO: [ view_filter ] --START--
INFO: Run Behavior\WriteHtmlCacheBehavior [ RunTime:0.000162s ]
INFO: [ view_filter ] --END-- [ RunTime:0.000212s ]
INFO: [ app_end ] --START--
INFO: Run Behavior\ShowPageTraceBehavior [ RunTime:0.000717s ]
INFO: [ app_end ] --END-- [ RunTime:0.000823s ]

[ 2016-05-24T00:04:17+08:00 ] ::1 /index.php/Home/Index/read/id/1
INFO: [ app_init ] --START--
INFO: Run Behavior\BuildLiteBehavior [ RunTime:0.000016s ]
INFO: [ app_init ] --END-- [ RunTime:0.000376s ]
INFO: [ app_begin ] --START--
INFO: Run Behavior\ReadHtmlCacheBehavior [ RunTime:0.000558s ]
INFO: [ app_begin ] --END-- [ RunTime:0.000617s ]
ERR: 非法操作:read

[ 2016-05-24T00:04:43+08:00 ] ::1 /index.php/Home/Index/Index.html
INFO: [ app_init ] --START--
INFO: Run Behavior\BuildLiteBehavior [ RunTime:0.000028s ]
INFO: [ app_init ] --END-- [ RunTime:0.000529s ]
INFO: [ app_begin ] --START--
INFO: Run Behavior\ReadHtmlCacheBehavior [ RunTime:0.000524s ]
INFO: [ app_begin ] --END-- [ RunTime:0.000610s ]
SQL: SHOW COLUMNS FROM `it_article` [ RunTime:0.0094s ]
SQL: SELECT * FROM `it_article` ORDER BY create_time desc LIMIT 10   [ RunTime:0.0003s ]
SQL: SHOW COLUMNS FROM `it_active` [ RunTime:0.0017s ]
SQL: SELECT * FROM `it_active` ORDER BY id desc LIMIT 4   [ RunTime:0.0002s ]
INFO: [ view_parse ] --START--
INFO: [ template_filter ] --START--
INFO: Run Behavior\ContentReplaceBehavior [ RunTime:0.000057s ]
INFO: [ template_filter ] --END-- [ RunTime:0.000125s ]
NOTIC: [8] Undefined index: name /Applications/MAMP/htdocs/xsh/Application/Runtime/Cache/Home/5f5878b563bbd0551b6c84d71156b7e9.php 第 64 行.
INFO: Run Behavior\ParseTemplateBehavior [ RunTime:0.014269s ]
INFO: [ view_parse ] --END-- [ RunTime:0.014332s ]
INFO: [ view_filter ] --START--
INFO: Run Behavior\WriteHtmlCacheBehavior [ RunTime:0.000150s ]
INFO: [ view_filter ] --END-- [ RunTime:0.000195s ]
INFO: [ app_end ] --START--
INFO: Run Behavior\ShowPageTraceBehavior [ RunTime:0.000646s ]
INFO: [ app_end ] --END-- [ RunTime:0.000717s ]

[ 2016-05-24T00:05:48+08:00 ] ::1 /index.php/Home/Index/Index.html
INFO: [ app_init ] --START--
INFO: Run Behavior\BuildLiteBehavior [ RunTime:0.000015s ]
INFO: [ app_init ] --END-- [ RunTime:0.000342s ]
INFO: [ app_begin ] --START--
INFO: Run Behavior\ReadHtmlCacheBehavior [ RunTime:0.000433s ]
INFO: [ app_begin ] --END-- [ RunTime:0.000486s ]
SQL: SHOW COLUMNS FROM `it_article` [ RunTime:0.0091s ]
SQL: SELECT * FROM `it_article` ORDER BY create_time desc LIMIT 10   [ RunTime:0.0003s ]
SQL: SHOW COLUMNS FROM `it_active` [ RunTime:0.0010s ]
SQL: SELECT * FROM `it_active` ORDER BY id desc LIMIT 4   [ RunTime:0.0004s ]
INFO: [ view_parse ] --START--
INFO: [ template_filter ] --START--
INFO: Run Behavior\ContentReplaceBehavior [ RunTime:0.000058s ]
INFO: [ template_filter ] --END-- [ RunTime:0.000126s ]
NOTIC: [8] Undefined index: name /Applications/MAMP/htdocs/xsh/Application/Runtime/Cache/Home/5f5878b563bbd0551b6c84d71156b7e9.php 第 64 行.
INFO: Run Behavior\ParseTemplateBehavior [ RunTime:0.013965s ]
INFO: [ view_parse ] --END-- [ RunTime:0.014022s ]
INFO: [ view_filter ] --START--
INFO: Run Behavior\WriteHtmlCacheBehavior [ RunTime:0.000144s ]
INFO: [ view_filter ] --END-- [ RunTime:0.000188s ]
INFO: [ app_end ] --START--
INFO: Run Behavior\ShowPageTraceBehavior [ RunTime:0.000608s ]
INFO: [ app_end ] --END-- [ RunTime:0.000676s ]

[ 2016-05-24T00:06:21+08:00 ] ::1 /index.php/Home/Index/Index.html
INFO: [ app_init ] --START--
INFO: Run Behavior\BuildLiteBehavior [ RunTime:0.000020s ]
INFO: [ app_init ] --END-- [ RunTime:0.000429s ]
INFO: [ app_begin ] --START--
INFO: Run Behavior\ReadHtmlCacheBehavior [ RunTime:0.000492s ]
INFO: [ app_begin ] --END-- [ RunTime:0.000551s ]
SQL: SHOW COLUMNS FROM `it_article` [ RunTime:0.0094s ]
SQL: SELECT * FROM `it_article` ORDER BY create_time desc LIMIT 10   [ RunTime:0.0003s ]
SQL: SHOW COLUMNS FROM `it_active` [ RunTime:0.0010s ]
SQL: SELECT * FROM `it_active` ORDER BY id desc LIMIT 4   [ RunTime:0.0002s ]
INFO: [ view_parse ] --START--
INFO: [ template_filter ] --START--
INFO: Run Behavior\ContentReplaceBehavior [ RunTime:0.000087s ]
INFO: [ template_filter ] --END-- [ RunTime:0.000154s ]
NOTIC: [8] Undefined index: name /Applications/MAMP/htdocs/xsh/Application/Runtime/Cache/Home/5f5878b563bbd0551b6c84d71156b7e9.php 第 64 行.
INFO: Run Behavior\ParseTemplateBehavior [ RunTime:0.015642s ]
INFO: [ view_parse ] --END-- [ RunTime:0.015705s ]
INFO: [ view_filter ] --START--
INFO: Run Behavior\WriteHtmlCacheBehavior [ RunTime:0.000150s ]
INFO: [ view_filter ] --END-- [ RunTime:0.000195s ]
INFO: [ app_end ] --START--
INFO: Run Behavior\ShowPageTraceBehavior [ RunTime:0.000545s ]
INFO: [ app_end ] --END-- [ RunTime:0.000606s ]

[ 2016-05-24T00:06:42+08:00 ] ::1 /index.php/Home/Index/Index.html
INFO: [ app_init ] --START--
INFO: Run Behavior\BuildLiteBehavior [ RunTime:0.000030s ]
INFO: [ app_init ] --END-- [ RunTime:0.000728s ]
INFO: [ app_begin ] --START--
INFO: Run Behavior\ReadHtmlCacheBehavior [ RunTime:0.000490s ]
INFO: [ app_begin ] --END-- [ RunTime:0.000604s ]
SQL: SHOW COLUMNS FROM `it_article` [ RunTime:0.0095s ]
SQL: SELECT * FROM `it_article` ORDER BY create_time desc LIMIT 10   [ RunTime:0.0003s ]
SQL: SHOW COLUMNS FROM `it_active` [ RunTime:0.0016s ]
SQL: SELECT * FROM `it_active` ORDER BY id desc LIMIT 4   [ RunTime:0.0002s ]
INFO: [ view_parse ] --START--
INFO: [ template_filter ] --START--
INFO: Run Behavior\ContentReplaceBehavior [ RunTime:0.000052s ]
INFO: [ template_filter ] --END-- [ RunTime:0.000114s ]
NOTIC: [8] Undefined index: name /Applications/MAMP/htdocs/xsh/Application/Runtime/Cache/Home/5f5878b563bbd0551b6c84d71156b7e9.php 第 64 行.
INFO: Run Behavior\ParseTemplateBehavior [ RunTime:0.016555s ]
INFO: [ view_parse ] --END-- [ RunTime:0.016612s ]
INFO: [ view_filter ] --START--
INFO: Run Behavior\WriteHtmlCacheBehavior [ RunTime:0.000145s ]
INFO: [ view_filter ] --END-- [ RunTime:0.000190s ]
INFO: [ app_end ] --START--
INFO: Run Behavior\ShowPageTraceBehavior [ RunTime:0.000543s ]
INFO: [ app_end ] --END-- [ RunTime:0.000599s ]

[ 2016-05-24T00:06:56+08:00 ] ::1 /index.php/Home/Index/Index.html
INFO: [ app_init ] --START--
INFO: Run Behavior\BuildLiteBehavior [ RunTime:0.000014s ]
INFO: [ app_init ] --END-- [ RunTime:0.000319s ]
INFO: [ app_begin ] --START--
INFO: Run Behavior\ReadHtmlCacheBehavior [ RunTime:0.000775s ]
INFO: [ app_begin ] --END-- [ RunTime:0.000859s ]
SQL: SHOW COLUMNS FROM `it_article` [ RunTime:0.0097s ]
SQL: SELECT * FROM `it_article` ORDER BY create_time desc LIMIT 10   [ RunTime:0.0004s ]
SQL: SHOW COLUMNS FROM `it_active` [ RunTime:0.0017s ]
SQL: SELECT * FROM `it_active` ORDER BY id desc LIMIT 4   [ RunTime:0.0004s ]
INFO: [ view_parse ] --START--
INFO: [ template_filter ] --START--
INFO: Run Behavior\ContentReplaceBehavior [ RunTime:0.000059s ]
INFO: [ template_filter ] --END-- [ RunTime:0.000128s ]
NOTIC: [8] Undefined index: name /Applications/MAMP/htdocs/xsh/Application/Runtime/Cache/Home/5f5878b563bbd0551b6c84d71156b7e9.php 第 64 行.
INFO: Run Behavior\ParseTemplateBehavior [ RunTime:0.014569s ]
INFO: [ view_parse ] --END-- [ RunTime:0.014639s ]
INFO: [ view_filter ] --START--
INFO: Run Behavior\WriteHtmlCacheBehavior [ RunTime:0.000162s ]
INFO: [ view_filter ] --END-- [ RunTime:0.000207s ]
INFO: [ app_end ] --START--
INFO: Run Behavior\ShowPageTraceBehavior [ RunTime:0.000645s ]
INFO: [ app_end ] --END-- [ RunTime:0.000735s ]

[ 2016-05-24T00:06:58+08:00 ] ::1 /Home/article/read/id/1
INFO: [ app_init ] --START--
INFO: Run Behavior\BuildLiteBehavior [ RunTime:0.000014s ]
INFO: [ app_init ] --END-- [ RunTime:0.000321s ]
INFO: [ app_begin ] --START--
INFO: Run Behavior\ReadHtmlCacheBehavior [ RunTime:0.000418s ]
INFO: [ app_begin ] --END-- [ RunTime:0.000470s ]
SQL: SHOW COLUMNS FROM `it_article` [ RunTime:0.0010s ]
SQL: SELECT * FROM `it_article` WHERE ( id=1 ) LIMIT 1   [ RunTime:0.0028s ]
INFO: [ view_parse ] --START--
INFO: [ template_filter ] --START--
INFO: Run Behavior\ContentReplaceBehavior [ RunTime:0.000051s ]
INFO: [ template_filter ] --END-- [ RunTime:0.000116s ]
NOTIC: [8] Undefined index: name /Applications/MAMP/htdocs/xsh/Application/Runtime/Cache/Home/b5b28dc7b70a1ff349db6111893d58bd.php 第 208 行.
INFO: Run Behavior\ParseTemplateBehavior [ RunTime:0.011022s ]
INFO: [ view_parse ] --END-- [ RunTime:0.011081s ]
INFO: [ view_filter ] --START--
INFO: Run Behavior\WriteHtmlCacheBehavior [ RunTime:0.000150s ]
INFO: [ view_filter ] --END-- [ RunTime:0.000195s ]
INFO: [ app_end ] --START--
INFO: Run Behavior\ShowPageTraceBehavior [ RunTime:0.000643s ]
INFO: [ app_end ] --END-- [ RunTime:0.000710s ]

[ 2016-05-24T00:07:24+08:00 ] ::1 /Home/article/read/id/1
INFO: [ app_init ] --START--
INFO: Run Behavior\BuildLiteBehavior [ RunTime:0.000015s ]
INFO: [ app_init ] --END-- [ RunTime:0.000331s ]
INFO: [ app_begin ] --START--
INFO: Run Behavior\ReadHtmlCacheBehavior [ RunTime:0.000422s ]
INFO: [ app_begin ] --END-- [ RunTime:0.000474s ]
SQL: SHOW COLUMNS FROM `it_article` [ RunTime:0.0099s ]
SQL: SELECT * FROM `it_article` WHERE ( id=1 ) LIMIT 1   [ RunTime:0.0003s ]
INFO: [ view_parse ] --START--
INFO: [ template_filter ] --START--
INFO: Run Behavior\ContentReplaceBehavior [ RunTime:0.000060s ]
INFO: [ template_filter ] --END-- [ RunTime:0.000135s ]
NOTIC: [8] Undefined index: name /Applications/MAMP/htdocs/xsh/Application/Runtime/Cache/Home/b5b28dc7b70a1ff349db6111893d58bd.php 第 208 行.
INFO: Run Behavior\ParseTemplateBehavior [ RunTime:0.014229s ]
INFO: [ view_parse ] --END-- [ RunTime:0.014303s ]
INFO: [ view_filter ] --START--
INFO: Run Behavior\WriteHtmlCacheBehavior [ RunTime:0.000158s ]
INFO: [ view_filter ] --END-- [ RunTime:0.000207s ]
INFO: [ app_end ] --START--
INFO: Run Behavior\ShowPageTraceBehavior [ RunTime:0.000588s ]
INFO: [ app_end ] --END-- [ RunTime:0.000651s ]

[ 2016-05-24T00:07:26+08:00 ] ::1 /index.php/Home/Index/Index.html
INFO: [ app_init ] --START--
INFO: Run Behavior\BuildLiteBehavior [ RunTime:0.000017s ]
INFO: [ app_init ] --END-- [ RunTime:0.000364s ]
INFO: [ app_begin ] --START--
INFO: Run Behavior\ReadHtmlCacheBehavior [ RunTime:0.000634s ]
INFO: [ app_begin ] --END-- [ RunTime:0.000716s ]
SQL: SHOW COLUMNS FROM `it_article` [ RunTime:0.0095s ]
SQL: SELECT * FROM `it_article` ORDER BY create_time desc LIMIT 10   [ RunTime:0.0004s ]
SQL: SHOW COLUMNS FROM `it_active` [ RunTime:0.0020s ]
SQL: SELECT * FROM `it_active` ORDER BY id desc LIMIT 4   [ RunTime:0.0002s ]
INFO: [ view_parse ] --START--
INFO: [ template_filter ] --START--
INFO: Run Behavior\ContentReplaceBehavior [ RunTime:0.000058s ]
INFO: [ template_filter ] --END-- [ RunTime:0.000127s ]
NOTIC: [8] Undefined index: name /Applications/MAMP/htdocs/xsh/Application/Runtime/Cache/Home/5f5878b563bbd0551b6c84d71156b7e9.php 第 64 行.
INFO: Run Behavior\ParseTemplateBehavior [ RunTime:0.014351s ]
INFO: [ view_parse ] --END-- [ RunTime:0.014414s ]
INFO: [ view_filter ] --START--
INFO: Run Behavior\WriteHtmlCacheBehavior [ RunTime:0.000174s ]
INFO: [ view_filter ] --END-- [ RunTime:0.000226s ]
INFO: [ app_end ] --START--
INFO: Run Behavior\ShowPageTraceBehavior [ RunTime:0.000826s ]
INFO: [ app_end ] --END-- [ RunTime:0.000909s ]

[ 2016-05-24T00:08:04+08:00 ] ::1 /index.php/Home/Index/Index.html
INFO: [ app_init ] --START--
INFO: Run Behavior\BuildLiteBehavior [ RunTime:0.000019s ]
INFO: [ app_init ] --END-- [ RunTime:0.000427s ]
INFO: [ app_begin ] --START--
INFO: Run Behavior\ReadHtmlCacheBehavior [ RunTime:0.000530s ]
INFO: [ app_begin ] --END-- [ RunTime:0.000600s ]
SQL: SHOW COLUMNS FROM `it_article` [ RunTime:0.0090s ]
SQL: SELECT * FROM `it_article` ORDER BY create_time desc LIMIT 10   [ RunTime:0.0003s ]
SQL: SHOW COLUMNS FROM `it_active` [ RunTime:0.0014s ]
SQL: SELECT * FROM `it_active` ORDER BY id desc LIMIT 4   [ RunTime:0.0002s ]
INFO: [ view_parse ] --START--
INFO: [ template_filter ] --START--
INFO: Run Behavior\ContentReplaceBehavior [ RunTime:0.000092s ]
INFO: [ template_filter ] --END-- [ RunTime:0.000163s ]
NOTIC: [8] Undefined index: name /Applications/MAMP/htdocs/xsh/Application/Runtime/Cache/Home/5f5878b563bbd0551b6c84d71156b7e9.php 第 64 行.
INFO: Run Behavior\ParseTemplateBehavior [ RunTime:0.015077s ]
INFO: [ view_parse ] --END-- [ RunTime:0.015145s ]
INFO: [ view_filter ] --START--
INFO: Run Behavior\WriteHtmlCacheBehavior [ RunTime:0.000153s ]
INFO: [ view_filter ] --END-- [ RunTime:0.000198s ]
INFO: [ app_end ] --START--
INFO: Run Behavior\ShowPageTraceBehavior [ RunTime:0.000691s ]
INFO: [ app_end ] --END-- [ RunTime:0.000837s ]

[ 2016-05-24T00:08:15+08:00 ] ::1 /Home/Article/read/id/1
INFO: [ app_init ] --START--
INFO: Run Behavior\BuildLiteBehavior [ RunTime:0.000024s ]
INFO: [ app_init ] --END-- [ RunTime:0.000522s ]
INFO: [ app_begin ] --START--
INFO: Run Behavior\ReadHtmlCacheBehavior [ RunTime:0.000503s ]
INFO: [ app_begin ] --END-- [ RunTime:0.000561s ]
SQL: SHOW COLUMNS FROM `it_article` [ RunTime:0.0012s ]
SQL: SELECT * FROM `it_article` WHERE ( id=1 ) LIMIT 1   [ RunTime:0.0002s ]
INFO: [ view_parse ] --START--
INFO: [ template_filter ] --START--
INFO: Run Behavior\ContentReplaceBehavior [ RunTime:0.000106s ]
INFO: [ template_filter ] --END-- [ RunTime:0.000180s ]
NOTIC: [8] Undefined index: name /Applications/MAMP/htdocs/xsh/Application/Runtime/Cache/Home/b5b28dc7b70a1ff349db6111893d58bd.php 第 208 行.
INFO: Run Behavior\ParseTemplateBehavior [ RunTime:0.014492s ]
INFO: [ view_parse ] --END-- [ RunTime:0.014561s ]
INFO: [ view_filter ] --START--
INFO: Run Behavior\WriteHtmlCacheBehavior [ RunTime:0.000174s ]
INFO: [ view_filter ] --END-- [ RunTime:0.000227s ]
INFO: [ app_end ] --START--
INFO: Run Behavior\ShowPageTraceBehavior [ RunTime:0.000929s ]
INFO: [ app_end ] --END-- [ RunTime:0.001023s ]

[ 2016-05-24T00:08:17+08:00 ] ::1 /index.php/Home/Index/Index.html
INFO: [ app_init ] --START--
INFO: Run Behavior\BuildLiteBehavior [ RunTime:0.000016s ]
INFO: [ app_init ] --END-- [ RunTime:0.000344s ]
INFO: [ app_begin ] --START--
INFO: Run Behavior\ReadHtmlCacheBehavior [ RunTime:0.000430s ]
INFO: [ app_begin ] --END-- [ RunTime:0.000483s ]
SQL: SHOW COLUMNS FROM `it_article` [ RunTime:0.0092s ]
SQL: SELECT * FROM `it_article` ORDER BY create_time desc LIMIT 10   [ RunTime:0.0002s ]
SQL: SHOW COLUMNS FROM `it_active` [ RunTime:0.0012s ]
SQL: SELECT * FROM `it_active` ORDER BY id desc LIMIT 4   [ RunTime:0.0002s ]
INFO: [ view_parse ] --START--
INFO: [ template_filter ] --START--
INFO: Run Behavior\ContentReplaceBehavior [ RunTime:0.000066s ]
INFO: [ template_filter ] --END-- [ RunTime:0.000147s ]
NOTIC: [8] Undefined index: name /Applications/MAMP/htdocs/xsh/Application/Runtime/Cache/Home/5f5878b563bbd0551b6c84d71156b7e9.php 第 64 行.
INFO: Run Behavior\ParseTemplateBehavior [ RunTime:0.016300s ]
INFO: [ view_parse ] --END-- [ RunTime:0.016363s ]
INFO: [ view_filter ] --START--
INFO: Run Behavior\WriteHtmlCacheBehavior [ RunTime:0.000170s ]
INFO: [ view_filter ] --END-- [ RunTime:0.000223s ]
INFO: [ app_end ] --START--
INFO: Run Behavior\ShowPageTraceBehavior [ RunTime:0.000764s ]
INFO: [ app_end ] --END-- [ RunTime:0.000884s ]

[ 2016-05-24T00:08:19+08:00 ] ::1 /Home/Article/read/id/1
INFO: [ app_init ] --START--
INFO: Run Behavior\BuildLiteBehavior [ RunTime:0.000014s ]
INFO: [ app_init ] --END-- [ RunTime:0.000319s ]
INFO: [ app_begin ] --START--
INFO: Run Behavior\ReadHtmlCacheBehavior [ RunTime:0.000413s ]
INFO: [ app_begin ] --END-- [ RunTime:0.000465s ]
SQL: SHOW COLUMNS FROM `it_article` [ RunTime:0.0094s ]
SQL: SELECT * FROM `it_article` WHERE ( id=1 ) LIMIT 1   [ RunTime:0.0003s ]
INFO: [ view_parse ] --START--
INFO: [ template_filter ] --START--
INFO: Run Behavior\ContentReplaceBehavior [ RunTime:0.000054s ]
INFO: [ template_filter ] --END-- [ RunTime:0.000123s ]
NOTIC: [8] Undefined index: name /Applications/MAMP/htdocs/xsh/Application/Runtime/Cache/Home/b5b28dc7b70a1ff349db6111893d58bd.php 第 208 行.
INFO: Run Behavior\ParseTemplateBehavior [ RunTime:0.014754s ]
INFO: [ view_parse ] --END-- [ RunTime:0.014826s ]
INFO: [ view_filter ] --START--
INFO: Run Behavior\WriteHtmlCacheBehavior [ RunTime:0.000158s ]
INFO: [ view_filter ] --END-- [ RunTime:0.000208s ]
INFO: [ app_end ] --START--
INFO: Run Behavior\ShowPageTraceBehavior [ RunTime:0.000625s ]
INFO: [ app_end ] --END-- [ RunTime:0.000698s ]

[ 2016-05-24T00:08:21+08:00 ] ::1 /index.php/Home/Index/Index.html
INFO: [ app_init ] --START--
INFO: Run Behavior\BuildLiteBehavior [ RunTime:0.000025s ]
INFO: [ app_init ] --END-- [ RunTime:0.000480s ]
INFO: [ app_begin ] --START--
INFO: Run Behavior\ReadHtmlCacheBehavior [ RunTime:0.000444s ]
INFO: [ app_begin ] --END-- [ RunTime:0.000498s ]
SQL: SHOW COLUMNS FROM `it_article` [ RunTime:0.0095s ]
SQL: SELECT * FROM `it_article` ORDER BY create_time desc LIMIT 10   [ RunTime:0.0005s ]
SQL: SHOW COLUMNS FROM `it_active` [ RunTime:0.0017s ]
SQL: SELECT * FROM `it_active` ORDER BY id desc LIMIT 4   [ RunTime:0.0003s ]
INFO: [ view_parse ] --START--
INFO: [ template_filter ] --START--
INFO: Run Behavior\ContentReplaceBehavior [ RunTime:0.000061s ]
INFO: [ template_filter ] --END-- [ RunTime:0.000135s ]
NOTIC: [8] Undefined index: name /Applications/MAMP/htdocs/xsh/Application/Runtime/Cache/Home/5f5878b563bbd0551b6c84d71156b7e9.php 第 64 行.
INFO: Run Behavior\ParseTemplateBehavior [ RunTime:0.014811s ]
INFO: [ view_parse ] --END-- [ RunTime:0.014887s ]
INFO: [ view_filter ] --START--
INFO: Run Behavior\WriteHtmlCacheBehavior [ RunTime:0.000174s ]
INFO: [ view_filter ] --END-- [ RunTime:0.000224s ]
INFO: [ app_end ] --START--
INFO: Run Behavior\ShowPageTraceBehavior [ RunTime:0.000682s ]
INFO: [ app_end ] --END-- [ RunTime:0.000762s ]

[ 2016-05-24T00:08:39+08:00 ] ::1 /index.php/Home/Index/Index.html
INFO: [ app_init ] --START--
INFO: Run Behavior\BuildLiteBehavior [ RunTime:0.000018s ]
INFO: [ app_init ] --END-- [ RunTime:0.000391s ]
INFO: [ app_begin ] --START--
INFO: Run Behavior\ReadHtmlCacheBehavior [ RunTime:0.000503s ]
INFO: [ app_begin ] --END-- [ RunTime:0.000567s ]
SQL: SHOW COLUMNS FROM `it_article` [ RunTime:0.0094s ]
SQL: SELECT * FROM `it_article` ORDER BY create_time desc LIMIT 10   [ RunTime:0.0003s ]
SQL: SHOW COLUMNS FROM `it_active` [ RunTime:0.0016s ]
SQL: SELECT * FROM `it_active` ORDER BY id desc LIMIT 4   [ RunTime:0.0003s ]
INFO: [ view_parse ] --START--
INFO: [ template_filter ] --START--
INFO: Run Behavior\ContentReplaceBehavior [ RunTime:0.000054s ]
INFO: [ template_filter ] --END-- [ RunTime:0.000119s ]
NOTIC: [8] Undefined index: name /Applications/MAMP/htdocs/xsh/Application/Runtime/Cache/Home/5f5878b563bbd0551b6c84d71156b7e9.php 第 64 行.
INFO: Run Behavior\ParseTemplateBehavior [ RunTime:0.014604s ]
INFO: [ view_parse ] --END-- [ RunTime:0.014663s ]
INFO: [ view_filter ] --START--
INFO: Run Behavior\WriteHtmlCacheBehavior [ RunTime:0.000144s ]
INFO: [ view_filter ] --END-- [ RunTime:0.000188s ]
INFO: [ app_end ] --START--
INFO: Run Behavior\ShowPageTraceBehavior [ RunTime:0.000650s ]
INFO: [ app_end ] --END-- [ RunTime:0.000727s ]

[ 2016-05-24T00:08:40+08:00 ] ::1 /Home/Article/read/id/1
INFO: [ app_init ] --START--
INFO: Run Behavior\BuildLiteBehavior [ RunTime:0.000016s ]
INFO: [ app_init ] --END-- [ RunTime:0.000355s ]
INFO: [ app_begin ] --START--
INFO: Run Behavior\ReadHtmlCacheBehavior [ RunTime:0.000432s ]
INFO: [ app_begin ] --END-- [ RunTime:0.000485s ]
SQL: SHOW COLUMNS FROM `it_article` [ RunTime:0.0010s ]
SQL: SELECT * FROM `it_article` WHERE ( id=1 ) LIMIT 1   [ RunTime:0.0002s ]
INFO: [ view_parse ] --START--
INFO: [ template_filter ] --START--
INFO: Run Behavior\ContentReplaceBehavior [ RunTime:0.000048s ]
INFO: [ template_filter ] --END-- [ RunTime:0.000104s ]
NOTIC: [8] Undefined index: name /Applications/MAMP/htdocs/xsh/Application/Runtime/Cache/Home/b5b28dc7b70a1ff349db6111893d58bd.php 第 208 行.
INFO: Run Behavior\ParseTemplateBehavior [ RunTime:0.010014s ]
INFO: [ view_parse ] --END-- [ RunTime:0.010074s ]
INFO: [ view_filter ] --START--
INFO: Run Behavior\WriteHtmlCacheBehavior [ RunTime:0.000150s ]
INFO: [ view_filter ] --END-- [ RunTime:0.000195s ]
INFO: [ app_end ] --START--
INFO: Run Behavior\ShowPageTraceBehavior [ RunTime:0.000639s ]
INFO: [ app_end ] --END-- [ RunTime:0.000717s ]

[ 2016-05-24T00:08:41+08:00 ] ::1 /index.php/Home/Index/Index.html
INFO: [ app_init ] --START--
INFO: Run Behavior\BuildLiteBehavior [ RunTime:0.000015s ]
INFO: [ app_init ] --END-- [ RunTime:0.000327s ]
INFO: [ app_begin ] --START--
INFO: Run Behavior\ReadHtmlCacheBehavior [ RunTime:0.000509s ]
INFO: [ app_begin ] --END-- [ RunTime:0.000568s ]
SQL: SHOW COLUMNS FROM `it_article` [ RunTime:0.0011s ]
SQL: SELECT * FROM `it_article` ORDER BY create_time desc LIMIT 10   [ RunTime:0.0002s ]
SQL: SHOW COLUMNS FROM `it_active` [ RunTime:0.0008s ]
SQL: SELECT * FROM `it_active` ORDER BY id desc LIMIT 4   [ RunTime:0.0002s ]
INFO: [ view_parse ] --START--
INFO: [ template_filter ] --START--
INFO: Run Behavior\ContentReplaceBehavior [ RunTime:0.000055s ]
INFO: [ template_filter ] --END-- [ RunTime:0.000123s ]
NOTIC: [8] Undefined index: name /Applications/MAMP/htdocs/xsh/Application/Runtime/Cache/Home/5f5878b563bbd0551b6c84d71156b7e9.php 第 64 行.
INFO: Run Behavior\ParseTemplateBehavior [ RunTime:0.013799s ]
INFO: [ view_parse ] --END-- [ RunTime:0.013854s ]
INFO: [ view_filter ] --START--
INFO: Run Behavior\WriteHtmlCacheBehavior [ RunTime:0.000146s ]
INFO: [ view_filter ] --END-- [ RunTime:0.000189s ]
INFO: [ app_end ] --START--
INFO: Run Behavior\ShowPageTraceBehavior [ RunTime:0.000609s ]
INFO: [ app_end ] --END-- [ RunTime:0.000683s ]

[ 2016-05-24T14:32:11+08:00 ] ::1 /index.php/Home/Index/Index.html
INFO: [ app_init ] --START--
INFO: Run Behavior\BuildLiteBehavior [ RunTime:0.000029s ]
INFO: [ app_init ] --END-- [ RunTime:0.003074s ]
INFO: [ app_begin ] --START--
INFO: Run Behavior\ReadHtmlCacheBehavior [ RunTime:0.001378s ]
INFO: [ app_begin ] --END-- [ RunTime:0.001494s ]
SQL: SHOW COLUMNS FROM `it_article` [ RunTime:0.0128s ]
SQL: SELECT * FROM `it_article` ORDER BY create_time desc LIMIT 10   [ RunTime:0.0007s ]
SQL: SHOW COLUMNS FROM `it_active` [ RunTime:0.0021s ]
SQL: SELECT * FROM `it_active` ORDER BY id desc LIMIT 4   [ RunTime:0.0078s ]
INFO: [ view_parse ] --START--
INFO: [ template_filter ] --START--
INFO: Run Behavior\ContentReplaceBehavior [ RunTime:0.000636s ]
INFO: [ template_filter ] --END-- [ RunTime:0.000732s ]
NOTIC: [8] Undefined index: name /Applications/MAMP/htdocs/xsh/Application/Runtime/Cache/Home/5f5878b563bbd0551b6c84d71156b7e9.php 第 64 行.
INFO: Run Behavior\ParseTemplateBehavior [ RunTime:0.034105s ]
INFO: [ view_parse ] --END-- [ RunTime:0.034223s ]
INFO: [ view_filter ] --START--
INFO: Run Behavior\WriteHtmlCacheBehavior [ RunTime:0.000516s ]
INFO: [ view_filter ] --END-- [ RunTime:0.000597s ]
INFO: [ app_end ] --START--
INFO: Run Behavior\ShowPageTraceBehavior [ RunTime:0.001044s ]
INFO: [ app_end ] --END-- [ RunTime:0.001152s ]

[ 2016-05-24T14:32:13+08:00 ] ::1 /Home/Article/read/id/1
INFO: [ app_init ] --START--
INFO: Run Behavior\BuildLiteBehavior [ RunTime:0.000015s ]
INFO: [ app_init ] --END-- [ RunTime:0.000330s ]
INFO: [ app_begin ] --START--
INFO: Run Behavior\ReadHtmlCacheBehavior [ RunTime:0.000498s ]
INFO: [ app_begin ] --END-- [ RunTime:0.000558s ]
SQL: SHOW COLUMNS FROM `it_article` [ RunTime:0.0013s ]
SQL: SELECT * FROM `it_article` WHERE ( id=1 ) LIMIT 1   [ RunTime:0.0029s ]
INFO: [ view_parse ] --START--
INFO: [ template_filter ] --START--
INFO: Run Behavior\ContentReplaceBehavior [ RunTime:0.000053s ]
INFO: [ template_filter ] --END-- [ RunTime:0.000123s ]
NOTIC: [8] Undefined index: name /Applications/MAMP/htdocs/xsh/Application/Runtime/Cache/Home/b5b28dc7b70a1ff349db6111893d58bd.php 第 208 行.
INFO: Run Behavior\ParseTemplateBehavior [ RunTime:0.013897s ]
INFO: [ view_parse ] --END-- [ RunTime:0.013961s ]
INFO: [ view_filter ] --START--
INFO: Run Behavior\WriteHtmlCacheBehavior [ RunTime:0.000163s ]
INFO: [ view_filter ] --END-- [ RunTime:0.000214s ]
INFO: [ app_end ] --START--
INFO: Run Behavior\ShowPageTraceBehavior [ RunTime:0.000707s ]
INFO: [ app_end ] --END-- [ RunTime:0.000774s ]

[ 2016-05-24T14:32:17+08:00 ] ::1 /index.php/Home/Article/classify/id/1
INFO: [ app_init ] --START--
INFO: Run Behavior\BuildLiteBehavior [ RunTime:0.000015s ]
INFO: [ app_init ] --END-- [ RunTime:0.000339s ]
INFO: [ app_begin ] --START--
INFO: Run Behavior\ReadHtmlCacheBehavior [ RunTime:0.000441s ]
INFO: [ app_begin ] --END-- [ RunTime:0.000499s ]
SQL: SHOW COLUMNS FROM `it_article` [ RunTime:0.0101s ]
SQL: SELECT COUNT(*) AS tp_count FROM `it_article` LIMIT 1   [ RunTime:0.0011s ]
SQL: SELECT * FROM `it_article` WHERE ( classify=1 ) ORDER BY create_time desc LIMIT 0,15   [ RunTime:0.0002s ]
INFO: [ view_parse ] --START--
INFO: [ template_filter ] --START--
INFO: Run Behavior\ContentReplaceBehavior [ RunTime:0.000054s ]
INFO: [ template_filter ] --END-- [ RunTime:0.000115s ]
NOTIC: [8] Undefined index: name /Applications/MAMP/htdocs/xsh/Application/Runtime/Cache/Home/8fd7cdeb4ea0721b7c2e60947689e2fc.php 第 64 行.
INFO: Run Behavior\ParseTemplateBehavior [ RunTime:0.014896s ]
INFO: [ view_parse ] --END-- [ RunTime:0.014960s ]
INFO: [ view_filter ] --START--
INFO: Run Behavior\WriteHtmlCacheBehavior [ RunTime:0.000143s ]
INFO: [ view_filter ] --END-- [ RunTime:0.000190s ]
INFO: [ app_end ] --START--
INFO: Run Behavior\ShowPageTraceBehavior [ RunTime:0.000468s ]
INFO: [ app_end ] --END-- [ RunTime:0.000523s ]

[ 2016-05-24T14:32:19+08:00 ] ::1 /index.php/Home/Index/Index.html
INFO: [ app_init ] --START--
INFO: Run Behavior\BuildLiteBehavior [ RunTime:0.000020s ]
INFO: [ app_init ] --END-- [ RunTime:0.000543s ]
INFO: [ app_begin ] --START--
INFO: Run Behavior\ReadHtmlCacheBehavior [ RunTime:0.000489s ]
INFO: [ app_begin ] --END-- [ RunTime:0.000553s ]
SQL: SHOW COLUMNS FROM `it_article` [ RunTime:0.0012s ]
SQL: SELECT * FROM `it_article` ORDER BY create_time desc LIMIT 10   [ RunTime:0.0002s ]
SQL: SHOW COLUMNS FROM `it_active` [ RunTime:0.0008s ]
SQL: SELECT * FROM `it_active` ORDER BY id desc LIMIT 4   [ RunTime:0.0002s ]
INFO: [ view_parse ] --START--
INFO: [ template_filter ] --START--
INFO: Run Behavior\ContentReplaceBehavior [ RunTime:0.000062s ]
INFO: [ template_filter ] --END-- [ RunTime:0.000136s ]
NOTIC: [8] Undefined index: name /Applications/MAMP/htdocs/xsh/Application/Runtime/Cache/Home/5f5878b563bbd0551b6c84d71156b7e9.php 第 64 行.
INFO: Run Behavior\ParseTemplateBehavior [ RunTime:0.015259s ]
INFO: [ view_parse ] --END-- [ RunTime:0.015319s ]
INFO: [ view_filter ] --START--
INFO: Run Behavior\WriteHtmlCacheBehavior [ RunTime:0.000152s ]
INFO: [ view_filter ] --END-- [ RunTime:0.000199s ]
INFO: [ app_end ] --START--
INFO: Run Behavior\ShowPageTraceBehavior [ RunTime:0.000676s ]
INFO: [ app_end ] --END-- [ RunTime:0.000771s ]

[ 2016-05-24T14:37:16+08:00 ] ::1 /Home/Article/read/id/1
INFO: [ app_init ] --START--
INFO: Run Behavior\BuildLiteBehavior [ RunTime:0.000023s ]
INFO: [ app_init ] --END-- [ RunTime:0.000573s ]
INFO: [ app_begin ] --START--
INFO: Run Behavior\ReadHtmlCacheBehavior [ RunTime:0.000962s ]
INFO: [ app_begin ] --END-- [ RunTime:0.001101s ]
SQL: SHOW COLUMNS FROM `it_article` [ RunTime:0.0011s ]
SQL: SELECT * FROM `it_article` WHERE ( id=1 ) LIMIT 1   [ RunTime:0.0002s ]
INFO: [ view_parse ] --START--
INFO: [ template_filter ] --START--
INFO: Run Behavior\ContentReplaceBehavior [ RunTime:0.000103s ]
INFO: [ template_filter ] --END-- [ RunTime:0.000183s ]
NOTIC: [8] Undefined index: name /Applications/MAMP/htdocs/xsh/Application/Runtime/Cache/Home/b5b28dc7b70a1ff349db6111893d58bd.php 第 208 行.
INFO: Run Behavior\ParseTemplateBehavior [ RunTime:0.013171s ]
INFO: [ view_parse ] --END-- [ RunTime:0.013231s ]
INFO: [ view_filter ] --START--
INFO: Run Behavior\WriteHtmlCacheBehavior [ RunTime:0.000167s ]
INFO: [ view_filter ] --END-- [ RunTime:0.000218s ]
INFO: [ app_end ] --START--
INFO: Run Behavior\ShowPageTraceBehavior [ RunTime:0.000758s ]
INFO: [ app_end ] --END-- [ RunTime:0.000847s ]

[ 2016-05-24T14:37:18+08:00 ] ::1 /index.php/Home/Article/classify/id/1
INFO: [ app_init ] --START--
INFO: Run Behavior\BuildLiteBehavior [ RunTime:0.000016s ]
INFO: [ app_init ] --END-- [ RunTime:0.000327s ]
INFO: [ app_begin ] --START--
INFO: Run Behavior\ReadHtmlCacheBehavior [ RunTime:0.000418s ]
INFO: [ app_begin ] --END-- [ RunTime:0.000470s ]
SQL: SHOW COLUMNS FROM `it_article` [ RunTime:0.0097s ]
SQL: SELECT COUNT(*) AS tp_count FROM `it_article` LIMIT 1   [ RunTime:0.0015s ]
SQL: SELECT * FROM `it_article` WHERE ( classify=1 ) ORDER BY create_time desc LIMIT 0,15   [ RunTime:0.0004s ]
INFO: [ view_parse ] --START--
INFO: [ template_filter ] --START--
INFO: Run Behavior\ContentReplaceBehavior [ RunTime:0.000069s ]
INFO: [ template_filter ] --END-- [ RunTime:0.000137s ]
NOTIC: [8] Undefined index: name /Applications/MAMP/htdocs/xsh/Application/Runtime/Cache/Home/8fd7cdeb4ea0721b7c2e60947689e2fc.php 第 64 行.
INFO: Run Behavior\ParseTemplateBehavior [ RunTime:0.015661s ]
INFO: [ view_parse ] --END-- [ RunTime:0.015762s ]
INFO: [ view_filter ] --START--
INFO: Run Behavior\WriteHtmlCacheBehavior [ RunTime:0.000260s ]
INFO: [ view_filter ] --END-- [ RunTime:0.000323s ]
INFO: [ app_end ] --START--
INFO: Run Behavior\ShowPageTraceBehavior [ RunTime:0.000806s ]
INFO: [ app_end ] --END-- [ RunTime:0.000912s ]

[ 2016-05-24T14:37:23+08:00 ] ::1 /index.php/Home/Index/Index.html
INFO: [ app_init ] --START--
INFO: Run Behavior\BuildLiteBehavior [ RunTime:0.000014s ]
INFO: [ app_init ] --END-- [ RunTime:0.000318s ]
INFO: [ app_begin ] --START--
INFO: Run Behavior\ReadHtmlCacheBehavior [ RunTime:0.000513s ]
INFO: [ app_begin ] --END-- [ RunTime:0.000575s ]
SQL: SHOW COLUMNS FROM `it_article` [ RunTime:0.0085s ]
SQL: SELECT * FROM `it_article` ORDER BY create_time desc LIMIT 10   [ RunTime:0.0002s ]
SQL: SHOW COLUMNS FROM `it_active` [ RunTime:0.0009s ]
SQL: SELECT * FROM `it_active` ORDER BY id desc LIMIT 4   [ RunTime:0.0014s ]
INFO: [ view_parse ] --START--
INFO: [ template_filter ] --START--
INFO: Run Behavior\ContentReplaceBehavior [ RunTime:0.000085s ]
INFO: [ template_filter ] --END-- [ RunTime:0.000178s ]
NOTIC: [8] Undefined index: name /Applications/MAMP/htdocs/xsh/Application/Runtime/Cache/Home/5f5878b563bbd0551b6c84d71156b7e9.php 第 64 行.
INFO: Run Behavior\ParseTemplateBehavior [ RunTime:0.014001s ]
INFO: [ view_parse ] --END-- [ RunTime:0.014060s ]
INFO: [ view_filter ] --START--
INFO: Run Behavior\WriteHtmlCacheBehavior [ RunTime:0.000148s ]
INFO: [ view_filter ] --END-- [ RunTime:0.000192s ]
INFO: [ app_end ] --START--
INFO: Run Behavior\ShowPageTraceBehavior [ RunTime:0.000707s ]
INFO: [ app_end ] --END-- [ RunTime:0.000858s ]

[ 2016-05-24T18:38:54+08:00 ] ::1 /xsh/
INFO: [ app_init ] --START--
INFO: Run Behavior\BuildLiteBehavior [ RunTime:0.000033s ]
INFO: [ app_init ] --END-- [ RunTime:0.000932s ]
INFO: [ app_begin ] --START--
INFO: Run Behavior\ReadHtmlCacheBehavior [ RunTime:0.001407s ]
INFO: [ app_begin ] --END-- [ RunTime:0.001529s ]
SQL: SHOW COLUMNS FROM `it_article` [ RunTime:0.0030s ]
SQL: SELECT * FROM `it_article` ORDER BY create_time desc LIMIT 10   [ RunTime:0.0006s ]
SQL: SHOW COLUMNS FROM `it_active` [ RunTime:0.0035s ]
SQL: SELECT * FROM `it_active` ORDER BY id desc LIMIT 4   [ RunTime:0.0009s ]
INFO: [ view_parse ] --START--
INFO: [ template_filter ] --START--
INFO: Run Behavior\ContentReplaceBehavior [ RunTime:0.000090s ]
INFO: [ template_filter ] --END-- [ RunTime:0.000155s ]
NOTIC: [8] Undefined index: name /Applications/MAMP/htdocs/xsh/Application/Runtime/Cache/Home/5f5878b563bbd0551b6c84d71156b7e9.php 第 64 行.
INFO: Run Behavior\ParseTemplateBehavior [ RunTime:0.023356s ]
INFO: [ view_parse ] --END-- [ RunTime:0.023474s ]
INFO: [ view_filter ] --START--
INFO: Run Behavior\WriteHtmlCacheBehavior [ RunTime:0.000553s ]
INFO: [ view_filter ] --END-- [ RunTime:0.000648s ]
INFO: [ app_end ] --START--
INFO: Run Behavior\ShowPageTraceBehavior [ RunTime:0.000984s ]
INFO: [ app_end ] --END-- [ RunTime:0.001072s ]

