[ 2016-05-20T20:37:13+08:00 ] ::1 /
INFO: [ app_init ] --START--
INFO: Run Behavior\BuildLiteBehavior [ RunTime:0.000029s ]
INFO: [ app_init ] --END-- [ RunTime:0.003037s ]
INFO: [ app_begin ] --START--
INFO: Run Behavior\ReadHtmlCacheBehavior [ RunTime:0.001273s ]
INFO: [ app_begin ] --END-- [ RunTime:0.001383s ]
SQL: SHOW COLUMNS FROM `it_article` [ RunTime:0.0214s ]
SQL: SELECT * FROM `it_article` ORDER BY create_time desc LIMIT 10   [ RunTime:0.0006s ]
SQL: SHOW COLUMNS FROM `it_active` [ RunTime:0.0046s ]
SQL: SELECT * FROM `it_active` ORDER BY id desc LIMIT 4   [ RunTime:0.0081s ]
INFO: [ view_parse ] --START--
INFO: [ template_filter ] --START--
INFO: Run Behavior\ContentReplaceBehavior [ RunTime:0.000566s ]
INFO: [ template_filter ] --END-- [ RunTime:0.000776s ]
NOTIC: [8] Undefined index: name /Applications/MAMP/htdocs/xsh/Application/Runtime/Cache/Home/5f5878b563bbd0551b6c84d71156b7e9.php 第 64 行.
INFO: Run Behavior\ParseTemplateBehavior [ RunTime:0.040441s ]
INFO: [ view_parse ] --END-- [ RunTime:0.040577s ]
INFO: [ view_filter ] --START--
INFO: Run Behavior\WriteHtmlCacheBehavior [ RunTime:0.000633s ]
INFO: [ view_filter ] --END-- [ RunTime:0.000707s ]
INFO: [ app_end ] --START--
INFO: Run Behavior\ShowPageTraceBehavior [ RunTime:0.001190s ]
INFO: [ app_end ] --END-- [ RunTime:0.001313s ]

