[ 2016-03-25T11:17:32+08:00 ] ::1 /admin
INFO: [ app_init ] --START--
INFO: Run Behavior\BuildLiteBehavior [ RunTime:0.000016s ]
INFO: [ app_init ] --END-- [ RunTime:0.000330s ]
INFO: [ app_begin ] --START--
INFO: Run Behavior\ReadHtmlCacheBehavior [ RunTime:0.000433s ]
INFO: [ app_begin ] --END-- [ RunTime:0.000491s ]

[ 2016-03-25T11:17:32+08:00 ] ::1 /index.php/Admin/Public/login.html
INFO: [ app_init ] --START--
INFO: Run Behavior\BuildLiteBehavior [ RunTime:0.000015s ]
INFO: [ app_init ] --END-- [ RunTime:0.000325s ]
INFO: [ app_begin ] --START--
INFO: Run Behavior\ReadHtmlCacheBehavior [ RunTime:0.000426s ]
INFO: [ app_begin ] --END-- [ RunTime:0.000478s ]
INFO: [ view_parse ] --START--
INFO: [ template_filter ] --START--
INFO: Run Behavior\ContentReplaceBehavior [ RunTime:0.000045s ]
INFO: [ template_filter ] --END-- [ RunTime:0.000118s ]
NOTIC: [8] Undefined index: nickname /Applications/MAMP/htdocs/xsh/Application/Runtime/Cache/Admin/3c5566b2bfbf6ef00ac5366ba47246fe.php 第 38 行.
INFO: Run Behavior\ParseTemplateBehavior [ RunTime:0.008374s ]
INFO: [ view_parse ] --END-- [ RunTime:0.008441s ]
INFO: [ view_filter ] --START--
INFO: Run Behavior\WriteHtmlCacheBehavior [ RunTime:0.000158s ]
INFO: [ view_filter ] --END-- [ RunTime:0.000208s ]
INFO: [ app_end ] --START--
INFO: Run Behavior\ShowPageTraceBehavior [ RunTime:0.000461s ]
INFO: [ app_end ] --END-- [ RunTime:0.000515s ]

[ 2016-03-25T11:17:36+08:00 ] ::1 /index.php/Admin/Public/login
INFO: [ app_init ] --START--
INFO: Run Behavior\BuildLiteBehavior [ RunTime:0.000016s ]
INFO: [ app_init ] --END-- [ RunTime:0.000323s ]
INFO: [ app_begin ] --START--
INFO: Run Behavior\ReadHtmlCacheBehavior [ RunTime:0.000438s ]
INFO: [ app_begin ] --END-- [ RunTime:0.000491s ]
SQL: SHOW COLUMNS FROM `it_admin` [ RunTime:0.0011s ]
SQL: SELECT * FROM `it_admin` WHERE `username` = 'admin' LIMIT 1   [ RunTime:0.0012s ]
INFO: [ view_parse ] --START--
INFO: [ template_filter ] --START--
INFO: Run Behavior\ContentReplaceBehavior [ RunTime:0.000061s ]
INFO: [ template_filter ] --END-- [ RunTime:0.000146s ]
INFO: Run Behavior\ParseTemplateBehavior [ RunTime:0.008987s ]
INFO: [ view_parse ] --END-- [ RunTime:0.009152s ]
INFO: [ view_filter ] --START--
INFO: Run Behavior\WriteHtmlCacheBehavior [ RunTime:0.000178s ]
INFO: [ view_filter ] --END-- [ RunTime:0.000231s ]
INFO: [ app_end ] --START--
INFO: Run Behavior\ShowPageTraceBehavior [ RunTime:0.000612s ]
INFO: [ app_end ] --END-- [ RunTime:0.000672s ]

[ 2016-03-25T11:17:37+08:00 ] ::1 /index.php/Admin/Index/Index.html
INFO: [ app_init ] --START--
INFO: Run Behavior\BuildLiteBehavior [ RunTime:0.000015s ]
INFO: [ app_init ] --END-- [ RunTime:0.000328s ]
INFO: [ app_begin ] --START--
INFO: Run Behavior\ReadHtmlCacheBehavior [ RunTime:0.000416s ]
INFO: [ app_begin ] --END-- [ RunTime:0.000469s ]
SQL: SHOW COLUMNS FROM `it_article` [ RunTime:0.0086s ]
SQL: SHOW COLUMNS FROM `it_student` [ RunTime:0.0012s ]
SQL: SHOW COLUMNS FROM `it_admin` [ RunTime:0.0012s ]
SQL: SELECT COUNT(*) AS tp_count FROM `it_article` LIMIT 1   [ RunTime:0.0002s ]
SQL: SELECT COUNT(*) AS tp_count FROM `it_student` LIMIT 1   [ RunTime:0.0002s ]
SQL: SELECT COUNT(*) AS tp_count FROM `it_admin` LIMIT 1   [ RunTime:0.0002s ]
INFO: [ view_parse ] --START--
INFO: [ template_filter ] --START--
INFO: Run Behavior\ContentReplaceBehavior [ RunTime:0.000061s ]
INFO: [ template_filter ] --END-- [ RunTime:0.000135s ]
INFO: Run Behavior\ParseTemplateBehavior [ RunTime:0.016454s ]
INFO: [ view_parse ] --END-- [ RunTime:0.016539s ]
INFO: [ view_filter ] --START--
INFO: Run Behavior\WriteHtmlCacheBehavior [ RunTime:0.000145s ]
INFO: [ view_filter ] --END-- [ RunTime:0.000190s ]
INFO: [ app_end ] --START--
INFO: Run Behavior\ShowPageTraceBehavior [ RunTime:0.000500s ]
INFO: [ app_end ] --END-- [ RunTime:0.000556s ]

[ 2016-03-25T11:17:37+08:00 ] ::1 /index.php/Admin/Index/Index.html
INFO: [ app_init ] --START--
INFO: Run Behavior\BuildLiteBehavior [ RunTime:0.000022s ]
INFO: [ app_init ] --END-- [ RunTime:0.000488s ]
INFO: [ app_begin ] --START--
INFO: Run Behavior\ReadHtmlCacheBehavior [ RunTime:0.000589s ]
INFO: [ app_begin ] --END-- [ RunTime:0.000674s ]
SQL: SHOW COLUMNS FROM `it_article` [ RunTime:0.0012s ]
SQL: SHOW COLUMNS FROM `it_student` [ RunTime:0.0008s ]
SQL: SHOW COLUMNS FROM `it_admin` [ RunTime:0.0008s ]
SQL: SELECT COUNT(*) AS tp_count FROM `it_article` LIMIT 1   [ RunTime:0.0002s ]
SQL: SELECT COUNT(*) AS tp_count FROM `it_student` LIMIT 1   [ RunTime:0.0002s ]
SQL: SELECT COUNT(*) AS tp_count FROM `it_admin` LIMIT 1   [ RunTime:0.0004s ]
INFO: [ view_parse ] --START--
INFO: [ template_filter ] --START--
INFO: Run Behavior\ContentReplaceBehavior [ RunTime:0.000083s ]
INFO: [ template_filter ] --END-- [ RunTime:0.000152s ]
INFO: Run Behavior\ParseTemplateBehavior [ RunTime:0.011218s ]
INFO: [ view_parse ] --END-- [ RunTime:0.011293s ]
INFO: [ view_filter ] --START--
INFO: Run Behavior\WriteHtmlCacheBehavior [ RunTime:0.000172s ]
INFO: [ view_filter ] --END-- [ RunTime:0.000224s ]
INFO: [ app_end ] --START--
INFO: Run Behavior\ShowPageTraceBehavior [ RunTime:0.000563s ]
INFO: [ app_end ] --END-- [ RunTime:0.000622s ]

[ 2016-03-25T11:17:39+08:00 ] ::1 /index.php/Admin/User/add.html
INFO: [ app_init ] --START--
INFO: Run Behavior\BuildLiteBehavior [ RunTime:0.000014s ]
INFO: [ app_init ] --END-- [ RunTime:0.000321s ]
INFO: [ app_begin ] --START--
INFO: Run Behavior\ReadHtmlCacheBehavior [ RunTime:0.000568s ]
INFO: [ app_begin ] --END-- [ RunTime:0.000626s ]
SQL: SHOW COLUMNS FROM `it_student` [ RunTime:0.0010s ]
SQL: SELECT COUNT(*) AS tp_count FROM `it_student` LIMIT 1   [ RunTime:0.0001s ]
SQL: SELECT * FROM `it_student` ORDER BY id LIMIT 0,15   [ RunTime:0.0002s ]
INFO: [ view_parse ] --START--
INFO: [ template_filter ] --START--
INFO: Run Behavior\ContentReplaceBehavior [ RunTime:0.000065s ]
INFO: [ template_filter ] --END-- [ RunTime:0.000137s ]
NOTIC: [8] Undefined variable: voo /Applications/MAMP/htdocs/xsh/Application/Runtime/Cache/Admin/4e1f0ee1a12a8dbb63343fe9e6a3f60d.php 第 120 行.
NOTIC: [8] Undefined variable: voo /Applications/MAMP/htdocs/xsh/Application/Runtime/Cache/Admin/4e1f0ee1a12a8dbb63343fe9e6a3f60d.php 第 121 行.
INFO: Run Behavior\ParseTemplateBehavior [ RunTime:0.015963s ]
INFO: [ view_parse ] --END-- [ RunTime:0.016032s ]
INFO: [ view_filter ] --START--
INFO: Run Behavior\WriteHtmlCacheBehavior [ RunTime:0.000174s ]
INFO: [ view_filter ] --END-- [ RunTime:0.000225s ]
INFO: [ app_end ] --START--
INFO: Run Behavior\ShowPageTraceBehavior [ RunTime:0.000737s ]
INFO: [ app_end ] --END-- [ RunTime:0.000826s ]

[ 2016-03-25T11:19:02+08:00 ] ::1 /index.php/Admin/Index/Index.html
INFO: [ app_init ] --START--
INFO: Run Behavior\BuildLiteBehavior [ RunTime:0.000016s ]
INFO: [ app_init ] --END-- [ RunTime:0.000348s ]
INFO: [ app_begin ] --START--
INFO: Run Behavior\ReadHtmlCacheBehavior [ RunTime:0.000442s ]
INFO: [ app_begin ] --END-- [ RunTime:0.000548s ]
SQL: SHOW COLUMNS FROM `it_article` [ RunTime:0.0093s ]
SQL: SHOW COLUMNS FROM `it_student` [ RunTime:0.0010s ]
SQL: SHOW COLUMNS FROM `it_admin` [ RunTime:0.0008s ]
SQL: SELECT COUNT(*) AS tp_count FROM `it_article` LIMIT 1   [ RunTime:0.0001s ]
SQL: SELECT COUNT(*) AS tp_count FROM `it_student` LIMIT 1   [ RunTime:0.0002s ]
SQL: SELECT COUNT(*) AS tp_count FROM `it_admin` LIMIT 1   [ RunTime:0.0001s ]
INFO: [ view_parse ] --START--
INFO: [ template_filter ] --START--
INFO: Run Behavior\ContentReplaceBehavior [ RunTime:0.000079s ]
INFO: [ template_filter ] --END-- [ RunTime:0.000155s ]
INFO: Run Behavior\ParseTemplateBehavior [ RunTime:0.011493s ]
INFO: [ view_parse ] --END-- [ RunTime:0.011565s ]
INFO: [ view_filter ] --START--
INFO: Run Behavior\WriteHtmlCacheBehavior [ RunTime:0.000167s ]
INFO: [ view_filter ] --END-- [ RunTime:0.000218s ]
INFO: [ app_end ] --START--
INFO: Run Behavior\ShowPageTraceBehavior [ RunTime:0.000556s ]
INFO: [ app_end ] --END-- [ RunTime:0.000611s ]

[ 2016-03-25T11:19:07+08:00 ] ::1 /index.php/Admin/User/add.html
INFO: [ app_init ] --START--
INFO: Run Behavior\BuildLiteBehavior [ RunTime:0.000014s ]
INFO: [ app_init ] --END-- [ RunTime:0.000321s ]
INFO: [ app_begin ] --START--
INFO: Run Behavior\ReadHtmlCacheBehavior [ RunTime:0.000415s ]
INFO: [ app_begin ] --END-- [ RunTime:0.000468s ]
SQL: SHOW COLUMNS FROM `it_student` [ RunTime:0.0094s ]
SQL: SELECT COUNT(*) AS tp_count FROM `it_student` LIMIT 1   [ RunTime:0.0003s ]
SQL: SELECT * FROM `it_student` ORDER BY id LIMIT 0,15   [ RunTime:0.0003s ]
INFO: [ view_parse ] --START--
INFO: [ template_filter ] --START--
INFO: Run Behavior\ContentReplaceBehavior [ RunTime:0.000065s ]
INFO: [ template_filter ] --END-- [ RunTime:0.000136s ]
NOTIC: [8] Undefined variable: voo /Applications/MAMP/htdocs/xsh/Application/Runtime/Cache/Admin/4e1f0ee1a12a8dbb63343fe9e6a3f60d.php 第 120 行.
NOTIC: [8] Undefined variable: voo /Applications/MAMP/htdocs/xsh/Application/Runtime/Cache/Admin/4e1f0ee1a12a8dbb63343fe9e6a3f60d.php 第 121 行.
INFO: Run Behavior\ParseTemplateBehavior [ RunTime:0.013866s ]
INFO: [ view_parse ] --END-- [ RunTime:0.013941s ]
INFO: [ view_filter ] --START--
INFO: Run Behavior\WriteHtmlCacheBehavior [ RunTime:0.000140s ]
INFO: [ view_filter ] --END-- [ RunTime:0.000183s ]
INFO: [ app_end ] --START--
INFO: Run Behavior\ShowPageTraceBehavior [ RunTime:0.000645s ]
INFO: [ app_end ] --END-- [ RunTime:0.000759s ]

[ 2016-03-25T11:19:25+08:00 ] ::1 /index.php/Admin/Tc/Index.html
INFO: [ app_init ] --START--
INFO: Run Behavior\BuildLiteBehavior [ RunTime:0.000019s ]
INFO: [ app_init ] --END-- [ RunTime:0.000445s ]
INFO: [ app_begin ] --START--
INFO: Run Behavior\ReadHtmlCacheBehavior [ RunTime:0.000480s ]
INFO: [ app_begin ] --END-- [ RunTime:0.000537s ]
SQL: SHOW COLUMNS FROM `it_kjxs` [ RunTime:0.0016s ]
SQL: SELECT COUNT(*) AS tp_count FROM `it_kjxs` LIMIT 1   [ RunTime:0.0002s ]
SQL: SELECT * FROM `it_kjxs` ORDER BY id DESC LIMIT 0,15   [ RunTime:0.0002s ]
INFO: [ view_parse ] --START--
INFO: [ template_filter ] --START--
INFO: Run Behavior\ContentReplaceBehavior [ RunTime:0.000107s ]
INFO: [ template_filter ] --END-- [ RunTime:0.000215s ]
INFO: Run Behavior\ParseTemplateBehavior [ RunTime:0.015379s ]
INFO: [ view_parse ] --END-- [ RunTime:0.015475s ]
INFO: [ view_filter ] --START--
INFO: Run Behavior\WriteHtmlCacheBehavior [ RunTime:0.000172s ]
INFO: [ view_filter ] --END-- [ RunTime:0.000227s ]
INFO: [ app_end ] --START--
INFO: Run Behavior\ShowPageTraceBehavior [ RunTime:0.000751s ]
INFO: [ app_end ] --END-- [ RunTime:0.000847s ]

[ 2016-03-25T11:19:28+08:00 ] ::1 /index.php/Admin/Tc/addtc/id/7
INFO: [ app_init ] --START--
INFO: Run Behavior\BuildLiteBehavior [ RunTime:0.000015s ]
INFO: [ app_init ] --END-- [ RunTime:0.000359s ]
INFO: [ app_begin ] --START--
INFO: Run Behavior\ReadHtmlCacheBehavior [ RunTime:0.000487s ]
INFO: [ app_begin ] --END-- [ RunTime:0.000547s ]
SQL: SHOW COLUMNS FROM `it_tc` [ RunTime:0.0091s ]
SQL: SHOW COLUMNS FROM `it_kjxs` [ RunTime:0.0013s ]
SQL: SELECT * FROM `it_tc` WHERE ( classify=7 )  [ RunTime:0.0013s ]
SQL: SELECT * FROM `it_kjxs` WHERE ( id=7 ) LIMIT 1   [ RunTime:0.0002s ]
INFO: [ view_parse ] --START--
INFO: [ template_filter ] --START--
INFO: Run Behavior\ContentReplaceBehavior [ RunTime:0.000074s ]
INFO: [ template_filter ] --END-- [ RunTime:0.000165s ]
INFO: Run Behavior\ParseTemplateBehavior [ RunTime:0.012828s ]
INFO: [ view_parse ] --END-- [ RunTime:0.012897s ]
INFO: [ view_filter ] --START--
INFO: Run Behavior\WriteHtmlCacheBehavior [ RunTime:0.000151s ]
INFO: [ view_filter ] --END-- [ RunTime:0.000196s ]
INFO: [ app_end ] --START--
INFO: Run Behavior\ShowPageTraceBehavior [ RunTime:0.000613s ]
INFO: [ app_end ] --END-- [ RunTime:0.000700s ]

[ 2016-03-25T11:19:31+08:00 ] ::1 /index.php/Admin/Index/Index.html
INFO: [ app_init ] --START--
INFO: Run Behavior\BuildLiteBehavior [ RunTime:0.000014s ]
INFO: [ app_init ] --END-- [ RunTime:0.000326s ]
INFO: [ app_begin ] --START--
INFO: Run Behavior\ReadHtmlCacheBehavior [ RunTime:0.000421s ]
INFO: [ app_begin ] --END-- [ RunTime:0.000472s ]
SQL: SHOW COLUMNS FROM `it_article` [ RunTime:0.0095s ]
SQL: SHOW COLUMNS FROM `it_student` [ RunTime:0.0016s ]
SQL: SHOW COLUMNS FROM `it_admin` [ RunTime:0.0014s ]
SQL: SELECT COUNT(*) AS tp_count FROM `it_article` LIMIT 1   [ RunTime:0.0002s ]
SQL: SELECT COUNT(*) AS tp_count FROM `it_student` LIMIT 1   [ RunTime:0.0002s ]
SQL: SELECT COUNT(*) AS tp_count FROM `it_admin` LIMIT 1   [ RunTime:0.0001s ]
INFO: [ view_parse ] --START--
INFO: [ template_filter ] --START--
INFO: Run Behavior\ContentReplaceBehavior [ RunTime:0.000054s ]
INFO: [ template_filter ] --END-- [ RunTime:0.000124s ]
INFO: Run Behavior\ParseTemplateBehavior [ RunTime:0.011486s ]
INFO: [ view_parse ] --END-- [ RunTime:0.011546s ]
INFO: [ view_filter ] --START--
INFO: Run Behavior\WriteHtmlCacheBehavior [ RunTime:0.000138s ]
INFO: [ view_filter ] --END-- [ RunTime:0.000181s ]
INFO: [ app_end ] --START--
INFO: Run Behavior\ShowPageTraceBehavior [ RunTime:0.000452s ]
INFO: [ app_end ] --END-- [ RunTime:0.000499s ]

[ 2016-03-25T11:26:42+08:00 ] ::1 /index.php/Admin/Index/Index.html
INFO: [ app_init ] --START--
INFO: Run Behavior\BuildLiteBehavior [ RunTime:0.000019s ]
INFO: [ app_init ] --END-- [ RunTime:0.000366s ]
INFO: [ app_begin ] --START--
INFO: Run Behavior\ReadHtmlCacheBehavior [ RunTime:0.000498s ]
INFO: [ app_begin ] --END-- [ RunTime:0.000558s ]
SQL: SHOW COLUMNS FROM `it_article` [ RunTime:0.0011s ]
SQL: SHOW COLUMNS FROM `it_student` [ RunTime:0.0008s ]
SQL: SHOW COLUMNS FROM `it_admin` [ RunTime:0.0009s ]
SQL: SELECT COUNT(*) AS tp_count FROM `it_article` LIMIT 1   [ RunTime:0.0002s ]
SQL: SELECT COUNT(*) AS tp_count FROM `it_student` LIMIT 1   [ RunTime:0.0002s ]
SQL: SELECT COUNT(*) AS tp_count FROM `it_admin` LIMIT 1   [ RunTime:0.0001s ]
INFO: [ view_parse ] --START--
INFO: [ template_filter ] --START--
INFO: Run Behavior\ContentReplaceBehavior [ RunTime:0.000067s ]
INFO: [ template_filter ] --END-- [ RunTime:0.000144s ]
INFO: Run Behavior\ParseTemplateBehavior [ RunTime:0.013783s ]
INFO: [ view_parse ] --END-- [ RunTime:0.013855s ]
INFO: [ view_filter ] --START--
INFO: Run Behavior\WriteHtmlCacheBehavior [ RunTime:0.000161s ]
INFO: [ view_filter ] --END-- [ RunTime:0.000232s ]
INFO: [ app_end ] --START--
INFO: Run Behavior\ShowPageTraceBehavior [ RunTime:0.000924s ]
INFO: [ app_end ] --END-- [ RunTime:0.001017s ]

[ 2016-03-25T12:15:49+08:00 ] ::1 /admin
INFO: [ app_init ] --START--
INFO: Run Behavior\BuildLiteBehavior [ RunTime:0.000016s ]
INFO: [ app_init ] --END-- [ RunTime:0.000325s ]
INFO: [ app_begin ] --START--
INFO: Run Behavior\ReadHtmlCacheBehavior [ RunTime:0.000519s ]
INFO: [ app_begin ] --END-- [ RunTime:0.000591s ]
SQL: SHOW COLUMNS FROM `it_article` [ RunTime:0.0011s ]
SQL: SHOW COLUMNS FROM `it_student` [ RunTime:0.0021s ]
SQL: SHOW COLUMNS FROM `it_admin` [ RunTime:0.0010s ]
SQL: SELECT COUNT(*) AS tp_count FROM `it_article` LIMIT 1   [ RunTime:0.0002s ]
SQL: SELECT COUNT(*) AS tp_count FROM `it_student` LIMIT 1   [ RunTime:0.0002s ]
SQL: SELECT COUNT(*) AS tp_count FROM `it_admin` LIMIT 1   [ RunTime:0.0001s ]
INFO: [ view_parse ] --START--
INFO: [ template_filter ] --START--
INFO: Run Behavior\ContentReplaceBehavior [ RunTime:0.000050s ]
INFO: [ template_filter ] --END-- [ RunTime:0.000117s ]
INFO: Run Behavior\ParseTemplateBehavior [ RunTime:0.012783s ]
INFO: [ view_parse ] --END-- [ RunTime:0.012861s ]
INFO: [ view_filter ] --START--
INFO: Run Behavior\WriteHtmlCacheBehavior [ RunTime:0.000180s ]
INFO: [ view_filter ] --END-- [ RunTime:0.000226s ]
INFO: [ app_end ] --START--
INFO: Run Behavior\ShowPageTraceBehavior [ RunTime:0.000493s ]
INFO: [ app_end ] --END-- [ RunTime:0.000556s ]

[ 2016-03-25T12:15:51+08:00 ] ::1 /index.php/Admin/Tc/Index.html
INFO: [ app_init ] --START--
INFO: Run Behavior\BuildLiteBehavior [ RunTime:0.000021s ]
INFO: [ app_init ] --END-- [ RunTime:0.000404s ]
INFO: [ app_begin ] --START--
INFO: Run Behavior\ReadHtmlCacheBehavior [ RunTime:0.000477s ]
INFO: [ app_begin ] --END-- [ RunTime:0.000543s ]
SQL: SHOW COLUMNS FROM `it_kjxs` [ RunTime:0.0009s ]
SQL: SELECT COUNT(*) AS tp_count FROM `it_kjxs` LIMIT 1   [ RunTime:0.0002s ]
SQL: SELECT * FROM `it_kjxs` ORDER BY id DESC LIMIT 0,15   [ RunTime:0.0002s ]
INFO: [ view_parse ] --START--
INFO: [ template_filter ] --START--
INFO: Run Behavior\ContentReplaceBehavior [ RunTime:0.000069s ]
INFO: [ template_filter ] --END-- [ RunTime:0.000152s ]
INFO: Run Behavior\ParseTemplateBehavior [ RunTime:0.012632s ]
INFO: [ view_parse ] --END-- [ RunTime:0.012708s ]
INFO: [ view_filter ] --START--
INFO: Run Behavior\WriteHtmlCacheBehavior [ RunTime:0.000149s ]
INFO: [ view_filter ] --END-- [ RunTime:0.000197s ]
INFO: [ app_end ] --START--
INFO: Run Behavior\ShowPageTraceBehavior [ RunTime:0.000651s ]
INFO: [ app_end ] --END-- [ RunTime:0.000736s ]

[ 2016-03-25T12:15:52+08:00 ] ::1 /index.php/Admin/User/add.html
INFO: [ app_init ] --START--
INFO: Run Behavior\BuildLiteBehavior [ RunTime:0.000016s ]
INFO: [ app_init ] --END-- [ RunTime:0.000352s ]
INFO: [ app_begin ] --START--
INFO: Run Behavior\ReadHtmlCacheBehavior [ RunTime:0.000493s ]
INFO: [ app_begin ] --END-- [ RunTime:0.000567s ]
SQL: SHOW COLUMNS FROM `it_student` [ RunTime:0.0009s ]
SQL: SELECT COUNT(*) AS tp_count FROM `it_student` LIMIT 1   [ RunTime:0.0002s ]
SQL: SELECT * FROM `it_student` ORDER BY id LIMIT 0,15   [ RunTime:0.0002s ]
INFO: [ view_parse ] --START--
INFO: [ template_filter ] --START--
INFO: Run Behavior\ContentReplaceBehavior [ RunTime:0.000079s ]
INFO: [ template_filter ] --END-- [ RunTime:0.000152s ]
NOTIC: [8] Undefined variable: voo /Applications/MAMP/htdocs/xsh/Application/Runtime/Cache/Admin/4e1f0ee1a12a8dbb63343fe9e6a3f60d.php 第 120 行.
NOTIC: [8] Undefined variable: voo /Applications/MAMP/htdocs/xsh/Application/Runtime/Cache/Admin/4e1f0ee1a12a8dbb63343fe9e6a3f60d.php 第 121 行.
INFO: Run Behavior\ParseTemplateBehavior [ RunTime:0.014696s ]
INFO: [ view_parse ] --END-- [ RunTime:0.014757s ]
INFO: [ view_filter ] --START--
INFO: Run Behavior\WriteHtmlCacheBehavior [ RunTime:0.000157s ]
INFO: [ view_filter ] --END-- [ RunTime:0.000207s ]
INFO: [ app_end ] --START--
INFO: Run Behavior\ShowPageTraceBehavior [ RunTime:0.000674s ]
INFO: [ app_end ] --END-- [ RunTime:0.000778s ]

[ 2016-03-25T12:15:54+08:00 ] ::1 /index.php/Admin/User/del/id/0
INFO: [ app_init ] --START--
INFO: Run Behavior\BuildLiteBehavior [ RunTime:0.000016s ]
INFO: [ app_init ] --END-- [ RunTime:0.000385s ]
INFO: [ app_begin ] --START--
INFO: Run Behavior\ReadHtmlCacheBehavior [ RunTime:0.000497s ]
INFO: [ app_begin ] --END-- [ RunTime:0.000559s ]
SQL: SHOW COLUMNS FROM `it_student` [ RunTime:0.0095s ]
SQL: DELETE FROM `it_student` WHERE ( id="0" ) [ RunTime:0.0046s ]
INFO: [ view_parse ] --START--
INFO: [ template_filter ] --START--
INFO: Run Behavior\ContentReplaceBehavior [ RunTime:0.000048s ]
INFO: [ template_filter ] --END-- [ RunTime:0.000117s ]
INFO: Run Behavior\ParseTemplateBehavior [ RunTime:0.008183s ]
INFO: [ view_parse ] --END-- [ RunTime:0.008266s ]
INFO: [ view_filter ] --START--
INFO: Run Behavior\WriteHtmlCacheBehavior [ RunTime:0.000150s ]
INFO: [ view_filter ] --END-- [ RunTime:0.000200s ]
INFO: [ app_end ] --START--
INFO: Run Behavior\ShowPageTraceBehavior [ RunTime:0.000529s ]
INFO: [ app_end ] --END-- [ RunTime:0.000584s ]

[ 2016-03-25T12:15:55+08:00 ] ::1 /index.php/Admin/User/add.html
INFO: [ app_init ] --START--
INFO: Run Behavior\BuildLiteBehavior [ RunTime:0.000014s ]
INFO: [ app_init ] --END-- [ RunTime:0.000324s ]
INFO: [ app_begin ] --START--
INFO: Run Behavior\ReadHtmlCacheBehavior [ RunTime:0.000635s ]
INFO: [ app_begin ] --END-- [ RunTime:0.000697s ]
SQL: SHOW COLUMNS FROM `it_student` [ RunTime:0.0086s ]
SQL: SELECT COUNT(*) AS tp_count FROM `it_student` LIMIT 1   [ RunTime:0.0002s ]
SQL: SELECT * FROM `it_student` ORDER BY id LIMIT 0,15   [ RunTime:0.0002s ]
INFO: [ view_parse ] --START--
INFO: [ template_filter ] --START--
INFO: Run Behavior\ContentReplaceBehavior [ RunTime:0.000056s ]
INFO: [ template_filter ] --END-- [ RunTime:0.000120s ]
NOTIC: [8] Undefined variable: voo /Applications/MAMP/htdocs/xsh/Application/Runtime/Cache/Admin/4e1f0ee1a12a8dbb63343fe9e6a3f60d.php 第 120 行.
NOTIC: [8] Undefined variable: voo /Applications/MAMP/htdocs/xsh/Application/Runtime/Cache/Admin/4e1f0ee1a12a8dbb63343fe9e6a3f60d.php 第 121 行.
INFO: Run Behavior\ParseTemplateBehavior [ RunTime:0.013035s ]
INFO: [ view_parse ] --END-- [ RunTime:0.013091s ]
INFO: [ view_filter ] --START--
INFO: Run Behavior\WriteHtmlCacheBehavior [ RunTime:0.000147s ]
INFO: [ view_filter ] --END-- [ RunTime:0.000191s ]
INFO: [ app_end ] --START--
INFO: Run Behavior\ShowPageTraceBehavior [ RunTime:0.000602s ]
INFO: [ app_end ] --END-- [ RunTime:0.000705s ]

[ 2016-03-25T12:16:01+08:00 ] ::1 /index.php/Admin/User/del/id/1501030121
INFO: [ app_init ] --START--
INFO: Run Behavior\BuildLiteBehavior [ RunTime:0.000017s ]
INFO: [ app_init ] --END-- [ RunTime:0.000395s ]
INFO: [ app_begin ] --START--
INFO: Run Behavior\ReadHtmlCacheBehavior [ RunTime:0.000467s ]
INFO: [ app_begin ] --END-- [ RunTime:0.000525s ]
SQL: SHOW COLUMNS FROM `it_student` [ RunTime:0.0012s ]
SQL: DELETE FROM `it_student` WHERE ( id="1501030121" ) [ RunTime:0.0004s ]
INFO: [ view_parse ] --START--
INFO: [ template_filter ] --START--
INFO: Run Behavior\ContentReplaceBehavior [ RunTime:0.000051s ]
INFO: [ template_filter ] --END-- [ RunTime:0.000126s ]
INFO: Run Behavior\ParseTemplateBehavior [ RunTime:0.007440s ]
INFO: [ view_parse ] --END-- [ RunTime:0.007508s ]
INFO: [ view_filter ] --START--
INFO: Run Behavior\WriteHtmlCacheBehavior [ RunTime:0.000149s ]
INFO: [ view_filter ] --END-- [ RunTime:0.000197s ]
INFO: [ app_end ] --START--
INFO: Run Behavior\ShowPageTraceBehavior [ RunTime:0.000499s ]
INFO: [ app_end ] --END-- [ RunTime:0.000552s ]

[ 2016-03-25T12:16:02+08:00 ] ::1 /index.php/Admin/User/add.html
INFO: [ app_init ] --START--
INFO: Run Behavior\BuildLiteBehavior [ RunTime:0.000017s ]
INFO: [ app_init ] --END-- [ RunTime:0.000428s ]
INFO: [ app_begin ] --START--
INFO: Run Behavior\ReadHtmlCacheBehavior [ RunTime:0.000473s ]
INFO: [ app_begin ] --END-- [ RunTime:0.000532s ]
SQL: SHOW COLUMNS FROM `it_student` [ RunTime:0.0091s ]
SQL: SELECT COUNT(*) AS tp_count FROM `it_student` LIMIT 1   [ RunTime:0.0003s ]
SQL: SELECT * FROM `it_student` ORDER BY id LIMIT 0,15   [ RunTime:0.0013s ]
INFO: [ view_parse ] --START--
INFO: [ template_filter ] --START--
INFO: Run Behavior\ContentReplaceBehavior [ RunTime:0.000060s ]
INFO: [ template_filter ] --END-- [ RunTime:0.000167s ]
NOTIC: [8] Undefined variable: voo /Applications/MAMP/htdocs/xsh/Application/Runtime/Cache/Admin/4e1f0ee1a12a8dbb63343fe9e6a3f60d.php 第 120 行.
NOTIC: [8] Undefined variable: voo /Applications/MAMP/htdocs/xsh/Application/Runtime/Cache/Admin/4e1f0ee1a12a8dbb63343fe9e6a3f60d.php 第 121 行.
INFO: Run Behavior\ParseTemplateBehavior [ RunTime:0.014352s ]
INFO: [ view_parse ] --END-- [ RunTime:0.014414s ]
INFO: [ view_filter ] --START--
INFO: Run Behavior\WriteHtmlCacheBehavior [ RunTime:0.000155s ]
INFO: [ view_filter ] --END-- [ RunTime:0.000203s ]
INFO: [ app_end ] --START--
INFO: Run Behavior\ShowPageTraceBehavior [ RunTime:0.000657s ]
INFO: [ app_end ] --END-- [ RunTime:0.000761s ]

