[ 2016-07-28T18:47:09+08:00 ] ::1 /admin
INFO: [ app_init ] --START--
INFO: Run Behavior\BuildLiteBehavior [ RunTime:0.000020s ]
INFO: [ app_init ] --END-- [ RunTime:0.000425s ]
INFO: [ app_begin ] --START--
INFO: Run Behavior\ReadHtmlCacheBehavior [ RunTime:0.001011s ]
INFO: [ app_begin ] --END-- [ RunTime:0.001144s ]

[ 2016-07-28T18:47:09+08:00 ] ::1 /index.php/Admin/Public/login.html
INFO: [ app_init ] --START--
INFO: Run Behavior\BuildLiteBehavior [ RunTime:0.000019s ]
INFO: [ app_init ] --END-- [ RunTime:0.000439s ]
INFO: [ app_begin ] --START--
INFO: Run Behavior\ReadHtmlCacheBehavior [ RunTime:0.000537s ]
INFO: [ app_begin ] --END-- [ RunTime:0.000605s ]
INFO: [ view_parse ] --START--
INFO: [ template_filter ] --START--
INFO: Run Behavior\ContentReplaceBehavior [ RunTime:0.000081s ]
INFO: [ template_filter ] --END-- [ RunTime:0.000217s ]
NOTIC: [8] Undefined index: nickname /Applications/MAMP/htdocs/xsh/Application/Runtime/Cache/Admin/3c5566b2bfbf6ef00ac5366ba47246fe.php 第 38 行.
INFO: Run Behavior\ParseTemplateBehavior [ RunTime:0.010005s ]
INFO: [ view_parse ] --END-- [ RunTime:0.010080s ]
INFO: [ view_filter ] --START--
INFO: Run Behavior\WriteHtmlCacheBehavior [ RunTime:0.000168s ]
INFO: [ view_filter ] --END-- [ RunTime:0.000218s ]
INFO: [ app_end ] --START--
INFO: Run Behavior\ShowPageTraceBehavior [ RunTime:0.000838s ]
INFO: [ app_end ] --END-- [ RunTime:0.000931s ]

[ 2016-07-28T18:47:13+08:00 ] ::1 /index.php/Admin/Public/login
INFO: [ app_init ] --START--
INFO: Run Behavior\BuildLiteBehavior [ RunTime:0.000015s ]
INFO: [ app_init ] --END-- [ RunTime:0.000331s ]
INFO: [ app_begin ] --START--
INFO: Run Behavior\ReadHtmlCacheBehavior [ RunTime:0.000420s ]
INFO: [ app_begin ] --END-- [ RunTime:0.000474s ]
SQL: SHOW COLUMNS FROM `it_admin` [ RunTime:0.0011s ]
SQL: SELECT * FROM `it_admin` WHERE `username` = 'admin' LIMIT 1   [ RunTime:0.0008s ]
INFO: [ view_parse ] --START--
INFO: [ template_filter ] --START--
INFO: Run Behavior\ContentReplaceBehavior [ RunTime:0.000127s ]
INFO: [ template_filter ] --END-- [ RunTime:0.000393s ]
INFO: Run Behavior\ParseTemplateBehavior [ RunTime:0.009126s ]
INFO: [ view_parse ] --END-- [ RunTime:0.009217s ]
INFO: [ view_filter ] --START--
INFO: Run Behavior\WriteHtmlCacheBehavior [ RunTime:0.000177s ]
INFO: [ view_filter ] --END-- [ RunTime:0.000230s ]
INFO: [ app_end ] --START--
INFO: Run Behavior\ShowPageTraceBehavior [ RunTime:0.000592s ]
INFO: [ app_end ] --END-- [ RunTime:0.000654s ]

[ 2016-07-28T18:47:14+08:00 ] ::1 /index.php/Admin/Index/Index.html
INFO: [ app_init ] --START--
INFO: Run Behavior\BuildLiteBehavior [ RunTime:0.000017s ]
INFO: [ app_init ] --END-- [ RunTime:0.000417s ]
INFO: [ app_begin ] --START--
INFO: Run Behavior\ReadHtmlCacheBehavior [ RunTime:0.000707s ]
INFO: [ app_begin ] --END-- [ RunTime:0.000785s ]
SQL: SHOW COLUMNS FROM `it_article` [ RunTime:0.0009s ]
SQL: SHOW COLUMNS FROM `it_student` [ RunTime:0.0007s ]
SQL: SHOW COLUMNS FROM `it_admin` [ RunTime:0.0011s ]
SQL: SELECT COUNT(*) AS tp_count FROM `it_article` LIMIT 1   [ RunTime:0.0001s ]
SQL: SELECT COUNT(*) AS tp_count FROM `it_student` LIMIT 1   [ RunTime:0.0010s ]
SQL: SELECT COUNT(*) AS tp_count FROM `it_admin` LIMIT 1   [ RunTime:0.0001s ]
INFO: [ view_parse ] --START--
INFO: [ template_filter ] --START--
INFO: Run Behavior\ContentReplaceBehavior [ RunTime:0.000053s ]
INFO: [ template_filter ] --END-- [ RunTime:0.000126s ]
INFO: Run Behavior\ParseTemplateBehavior [ RunTime:0.011569s ]
INFO: [ view_parse ] --END-- [ RunTime:0.011640s ]
INFO: [ view_filter ] --START--
INFO: Run Behavior\WriteHtmlCacheBehavior [ RunTime:0.000173s ]
INFO: [ view_filter ] --END-- [ RunTime:0.000224s ]
INFO: [ app_end ] --START--
INFO: Run Behavior\ShowPageTraceBehavior [ RunTime:0.000528s ]
INFO: [ app_end ] --END-- [ RunTime:0.000586s ]

[ 2016-07-28T18:47:17+08:00 ] ::1 /index.php/Admin/Signup/Index.html
INFO: [ app_init ] --START--
INFO: Run Behavior\BuildLiteBehavior [ RunTime:0.000014s ]
INFO: [ app_init ] --END-- [ RunTime:0.000328s ]
INFO: [ app_begin ] --START--
INFO: Run Behavior\ReadHtmlCacheBehavior [ RunTime:0.000422s ]
INFO: [ app_begin ] --END-- [ RunTime:0.000476s ]
SQL: SHOW COLUMNS FROM `it_active` [ RunTime:0.0014s ]
SQL: SELECT * FROM `it_active` ORDER BY id desc  [ RunTime:0.0002s ]
INFO: [ view_parse ] --START--
INFO: [ template_filter ] --START--
INFO: Run Behavior\ContentReplaceBehavior [ RunTime:0.000094s ]
INFO: [ template_filter ] --END-- [ RunTime:0.000204s ]
NOTIC: [8] Undefined variable: page /Applications/MAMP/htdocs/xsh/Application/Runtime/Cache/Admin/b03358919f377d4ba7ebea8c218c00e5.php 第 119 行.
INFO: Run Behavior\ParseTemplateBehavior [ RunTime:0.013285s ]
INFO: [ view_parse ] --END-- [ RunTime:0.013348s ]
INFO: [ view_filter ] --START--
INFO: Run Behavior\WriteHtmlCacheBehavior [ RunTime:0.000333s ]
INFO: [ view_filter ] --END-- [ RunTime:0.000423s ]
INFO: [ app_end ] --START--
INFO: Run Behavior\ShowPageTraceBehavior [ RunTime:0.000821s ]
INFO: [ app_end ] --END-- [ RunTime:0.000953s ]

[ 2016-07-28T18:47:20+08:00 ] ::1 /index.php/Admin/Signup/edit/id/2
INFO: [ app_init ] --START--
INFO: Run Behavior\BuildLiteBehavior [ RunTime:0.000030s ]
INFO: [ app_init ] --END-- [ RunTime:0.000454s ]
INFO: [ app_begin ] --START--
INFO: Run Behavior\ReadHtmlCacheBehavior [ RunTime:0.000653s ]
INFO: [ app_begin ] --END-- [ RunTime:0.000749s ]
SQL: SHOW COLUMNS FROM `it_active` [ RunTime:0.0010s ]
SQL: SELECT * FROM `it_active` WHERE ( id=2 ) LIMIT 1   [ RunTime:0.0002s ]
INFO: [ view_parse ] --START--
INFO: [ template_filter ] --START--
INFO: Run Behavior\ContentReplaceBehavior [ RunTime:0.000052s ]
INFO: [ template_filter ] --END-- [ RunTime:0.000115s ]
INFO: Run Behavior\ParseTemplateBehavior [ RunTime:0.012914s ]
INFO: [ view_parse ] --END-- [ RunTime:0.012974s ]
INFO: [ view_filter ] --START--
INFO: Run Behavior\WriteHtmlCacheBehavior [ RunTime:0.000141s ]
INFO: [ view_filter ] --END-- [ RunTime:0.000186s ]
INFO: [ app_end ] --START--
INFO: Run Behavior\ShowPageTraceBehavior [ RunTime:0.000461s ]
INFO: [ app_end ] --END-- [ RunTime:0.000509s ]

[ 2016-07-28T18:47:20+08:00 ] ::1 /index.php/Admin/Article/ueditor.html?action=config&&noCache=1469702840642
INFO: [ app_init ] --START--
INFO: Run Behavior\BuildLiteBehavior [ RunTime:0.000020s ]
INFO: [ app_init ] --END-- [ RunTime:0.000505s ]
INFO: [ app_begin ] --START--
INFO: Run Behavior\ReadHtmlCacheBehavior [ RunTime:0.000451s ]
INFO: [ app_begin ] --END-- [ RunTime:0.000507s ]
INFO: [ app_end ] --START--
INFO: Run Behavior\ShowPageTraceBehavior [ RunTime:0.000736s ]
INFO: [ app_end ] --END-- [ RunTime:0.000846s ]

[ 2016-07-28T18:47:25+08:00 ] ::1 /index.php/Admin/Signup/edit
INFO: [ app_init ] --START--
INFO: Run Behavior\BuildLiteBehavior [ RunTime:0.000018s ]
INFO: [ app_init ] --END-- [ RunTime:0.000410s ]
INFO: [ app_begin ] --START--
INFO: Run Behavior\ReadHtmlCacheBehavior [ RunTime:0.000449s ]
INFO: [ app_begin ] --END-- [ RunTime:0.000508s ]
SQL: SHOW COLUMNS FROM `it_active` [ RunTime:0.0011s ]
NOTIC: [8] Undefined index: validate /Applications/MAMP/htdocs/xsh/ThinkPHP/Library/Think/Model.class.php 第 1185 行.
NOTIC: [8] Undefined index: auto /Applications/MAMP/htdocs/xsh/ThinkPHP/Library/Think/Model.class.php 第 1128 行.
SQL: UPDATE `it_active` SET `title`='信息技术学院学生会2016招新',`writer`='信院学生会',`time`='1474300800',`content`='<p><section class=\"\" style=\"margin: 0px; padding: 0px; max-width: 100%; box-sizing: border-box; color: rgb(62, 62, 62); font-family: inherit; font-size: 1em; line-height: 28.8px; white-space: normal; height: 2em; display: inline-block; text-align: center; text-decoration: inherit; border-color: rgb(12, 11, 11); word-wrap: break-word !important; background-color: rgb(255, 255, 255);\"><section class=\"\" style=\"margin: 0px; padding: 0px 0.3em; max-width: 100%; box-sizing: border-box; word-wrap: break-word !important; height: 2em; line-height: 2em; display: inline-block; vertical-align: top; border-top-width: 0.1em; border-bottom-width: 0.1em; border-left-width: 0.1em; border-style: solid none solid solid; border-color: rgb(12, 11, 11); overflow: hidden;\"><section class=\"\" style=\"margin: 0px; padding: 0px; max-width: 100%; box-sizing: border-box; word-wrap: break-word !important;\">什么是信院学生会</section></section><section class=\"\" style=\"margin: 0px 0px 0px -0.6em; padding: 0px; max-width: 100%; box-sizing: border-box; word-wrap: break-word !important; display: inline-block; vertical-align: top; height: 2em; border-bottom-width: 0.1em; border-bottom-style: solid; border-bottom-color: rgb(12, 11, 11); border-right-width: 0.1em; border-right-style: solid; border-right-color: rgb(12, 11, 11); width: 1.2em; transform: skew(30deg);\"></section><section class=\"\" style=\"margin: -0.2em; padding: 0px; max-width: 100%; box-sizing: border-box; word-wrap: break-word !important; width: 0px; display: inline-block; vertical-align: middle; border-top-width: 1.8em; border-top-style: solid; border-top-color: rgb(12, 11, 11); border-bottom-color: rgb(12, 11, 11); border-left-width: 1em !important; border-left-style: solid !important; border-left-color: transparent !important; border-right-width: 1em !important; border-right-style: solid !important; border-right-color: transparent !important;\"></section></section></p><p style=\"margin-top: 0px; margin-bottom: 0px; padding: 0px; max-width: 100%; clear: both; min-height: 1em; white-space: pre-wrap; color: rgb(62, 62, 62); font-family: &quot;Helvetica Neue&quot;, Helvetica, &quot;Hiragino Sans GB&quot;, &quot;Microsoft YaHei&quot;, Arial, sans-serif; font-size: 18px; line-height: 28.8px; box-sizing: border-box !important; word-wrap: break-word !important; background-color: rgb(255, 255, 255);\"><br/></p><p><section style=\"margin: 0px; padding: 0px; max-width: 100%; color: rgb(62, 62, 62); font-family: &quot;Helvetica Neue&quot;, Helvetica, &quot;Hiragino Sans GB&quot;, &quot;Microsoft YaHei&quot;, Arial, sans-serif; font-size: 18px; line-height: 28.8px; white-space: normal; width: 0px; height: 0px; clear: both; box-sizing: border-box !important; word-wrap: break-word !important; background-color: rgb(255, 255, 255);\"></section></p><p style=\"margin-top: 0px; margin-bottom: 0px; padding: 0px; max-width: 100%; clear: both; min-height: 1em; white-space: pre-wrap; color: rgb(62, 62, 62); font-family: &quot;Helvetica Neue&quot;, Helvetica, &quot;Hiragino Sans GB&quot;, &quot;Microsoft YaHei&quot;, Arial, sans-serif; font-size: 18px; line-height: 28.8px; box-sizing: border-box !important; word-wrap: break-word !important; background-color: rgb(255, 255, 255);\"><br style=\"margin: 0px; padding: 0px; max-width: 100%; box-sizing: border-box !important; word-wrap: break-word !important;\"/></p><p><section class=\"\" style=\"margin: 0.5em 0px; padding: 0px; max-width: 100%; box-sizing: border-box; color: rgb(62, 62, 62); font-family: inherit; white-space: normal; border: none rgb(12, 11, 11); font-size: 1.2em; text-align: center; text-decoration: inherit; word-wrap: break-word !important; background-color: rgb(255, 255, 255);\"><section class=\"\" style=\"margin: 0px; padding: 3px; max-width: 100%; box-sizing: border-box; word-wrap: break-word !important; border-top-width: 6px; border-top-style: solid; border-color: rgb(12, 11, 11); display: inline-block;\"><section class=\"\" style=\"margin: 0px; padding: 0px; max-width: 100%; box-sizing: border-box; word-wrap: break-word !important;\">我们是</section></section><section style=\"margin: 0px; padding: 0px; max-width: 100%; box-sizing: border-box !important; word-wrap: break-word !important; width: 0px; height: 0px; clear: both;\"></section></section><section class=\"\" style=\"margin: 0.8em 1em; padding: 0px; max-width: 100%; box-sizing: border-box; color: rgb(62, 62, 62); font-family: &quot;Helvetica Neue&quot;, Helvetica, &quot;Hiragino Sans GB&quot;, &quot;Microsoft YaHei&quot;, Arial, sans-serif; font-size: 18px; line-height: 28.8px; white-space: normal; border: 0px; word-wrap: break-word !important; background-color: rgb(255, 255, 255);\"><section class=\"\" style=\"margin: 0px; padding: 10px; max-width: 100%; box-sizing: border-box; word-wrap: break-word; border: 2px dotted transparent; font-size: 1.2em; line-height: 1.4; word-break: break-all; border-radius: 15px; font-family: inherit; text-decoration: inherit; color: rgb(12, 11, 11);\"><section class=\"\" style=\"margin: 0px; padding: 0px; max-width: 100%; box-sizing: border-box; word-wrap: break-word !important;\">在信息技术学院党总支的领导下，唯一代表信息技术学院全体学生共同利益的自治组织。</section></section><section style=\"margin: 0px; padding: 0px; max-width: 100%; box-sizing: border-box !important; word-wrap: break-word !important; width: 0px; height: 0px; clear: both;\"></section></section><section class=\"\" style=\"margin: 0.5em 0px; padding: 0px; max-width: 100%; box-sizing: border-box; color: rgb(62, 62, 62); font-family: inherit; white-space: normal; border: none rgb(12, 11, 11); font-size: 1.2em; text-align: center; text-decoration: inherit; word-wrap: break-word !important; background-color: rgb(255, 255, 255);\"><section class=\"\" style=\"margin: 0px; padding: 3px; max-width: 100%; box-sizing: border-box; word-wrap: break-word !important; border-top-width: 6px; border-top-style: solid; border-color: rgb(12, 11, 11); display: inline-block;\"><section class=\"\" style=\"margin: 0px; padding: 0px; max-width: 100%; box-sizing: border-box; word-wrap: break-word !important;\">我们的宗旨是</section></section><section style=\"margin: 0px; padding: 0px; max-width: 100%; box-sizing: border-box !important; word-wrap: break-word !important; width: 0px; height: 0px; clear: both;\"></section></section><section class=\"\" style=\"margin: 0.8em 1em; padding: 0px; max-width: 100%; box-sizing: border-box; color: rgb(62, 62, 62); font-family: &quot;Helvetica Neue&quot;, Helvetica, &quot;Hiragino Sans GB&quot;, &quot;Microsoft YaHei&quot;, Arial, sans-serif; font-size: 18px; line-height: 28.8px; white-space: normal; border: 0px; word-wrap: break-word !important; background-color: rgb(255, 255, 255);\"><section class=\"\" style=\"margin: 0px; padding: 10px; max-width: 100%; box-sizing: border-box; word-wrap: break-word; border: 2px dotted transparent; font-size: 1.2em; line-height: 1.4; word-break: break-all; border-radius: 15px; font-family: inherit; text-decoration: inherit; color: rgb(51, 51, 51);\"><section class=\"\" style=\"margin: 0px; padding: 0px; max-width: 100%; box-sizing: border-box; word-wrap: break-word !important;\">全心全意为学生服务；倡导和组织自我管理、自我教育；发挥作为校、院联系学生的桥梁和纽带作用；在维护全院学生整体利益的同时，表达和维护同学的具体利益。</section></section><section style=\"margin: 0px; padding: 0px; max-width: 100%; box-sizing: border-box !important; word-wrap: break-word !important; width: 0px; height: 0px; clear: both;\"></section></section><section class=\"\" style=\"margin: 0.5em 0px; padding: 0px; max-width: 100%; box-sizing: border-box; color: rgb(62, 62, 62); font-family: &quot;Helvetica Neue&quot;, Helvetica, &quot;Hiragino Sans GB&quot;, &quot;Microsoft YaHei&quot;, Arial, sans-serif; font-size: 18px; line-height: 28.8px; white-space: normal; border: none; word-wrap: break-word !important; background-color: rgb(255, 255, 255);\"><section class=\"\" style=\"margin: 0px; padding: 0px; max-width: 100%; box-sizing: border-box; height: 2em; display: inline-block; font-size: 1em; font-family: inherit; text-align: center; text-decoration: inherit; border-color: rgb(12, 11, 11); word-wrap: break-word !important;\"><section class=\"\" style=\"margin: 0px; padding: 0px 0.3em; max-width: 100%; box-sizing: border-box; word-wrap: break-word !important; height: 2em; line-height: 2em; display: inline-block; vertical-align: top; border-top-width: 0.1em; border-bottom-width: 0.1em; border-left-width: 0.1em; border-style: solid none solid solid; border-color: rgb(12, 11, 11); overflow: hidden;\"><section class=\"\" style=\"margin: 0px; padding: 0px; max-width: 100%; box-sizing: border-box; word-wrap: break-word !important;\">给你“一”个理由为什么进学生会</section></section><section class=\"\" style=\"margin: 0px 0px 0px -0.6em; padding: 0px; max-width: 100%; box-sizing: border-box; word-wrap: break-word !important; display: inline-block; vertical-align: top; height: 2em; border-bottom-width: 0.1em; border-bottom-style: solid; border-bottom-color: rgb(12, 11, 11); border-right-width: 0.1em; border-right-style: solid; border-right-color: rgb(12, 11, 11); width: 1.2em; transform: skew(30deg);\"></section><section class=\"\" style=\"margin: -0.2em; padding: 0px; max-width: 100%; box-sizing: border-box; word-wrap: break-word !important; width: 0px; display: inline-block; vertical-align: middle; border-top-width: 1.8em; border-top-style: solid; border-top-color: rgb(12, 11, 11); border-bottom-color: rgb(12, 11, 11); border-left-width: 1em !important; border-left-style: solid !important; border-left-color: transparent !important; border-right-width: 1em !important; border-right-style: solid !important; border-right-color: transparent !important;\"></section></section><section style=\"margin: 0px; padding: 0px; max-width: 100%; box-sizing: border-box !important; word-wrap: break-word !important; width: 0px; height: 0px; clear: both;\"></section></section><section class=\"\" style=\"margin: 1.8em 0px 0.5em; padding: 0px; max-width: 100%; box-sizing: border-box; color: rgb(62, 62, 62); font-family: &quot;Helvetica Neue&quot;, Helvetica, &quot;Hiragino Sans GB&quot;, &quot;Microsoft YaHei&quot;, Arial, sans-serif; font-size: 18px; line-height: 28.8px; white-space: normal; border: 0px; word-wrap: break-word !important; background-color: rgb(255, 255, 255);\"><section class=\"\" style=\"margin: 0px 0px 0px 1.3em; padding: 10px; max-width: 100%; box-sizing: border-box; word-wrap: break-word !important; border: 2px solid transparent; font-size: 1em; font-family: inherit; text-decoration: inherit;\"><section class=\"\" style=\"margin: -1.3em 0px 0px -1.3em; padding: 0px 5px; max-width: 100%; box-sizing: border-box; word-wrap: break-word !important; border: 2px solid rgb(221, 225, 102); display: inline-block; float: left; vertical-align: top; font-size: 1.5em; font-family: inherit; text-decoration: inherit; background-color: rgb(249, 110, 87);\"><section class=\"\" style=\"margin: 0px; padding: 0px; max-width: 100%; box-sizing: border-box; word-wrap: break-word !important;\">01</section></section><section class=\"\" style=\"margin: 0px; padding: 0px; max-width: 100%; box-sizing: border-box; word-wrap: break-word !important; clear: both;\"></section><section class=\"\" style=\"margin: 0px; padding: 0px; max-width: 100%; box-sizing: border-box; word-wrap: break-word !important;\"><section class=\"\" style=\"margin: 0px; padding: 0px; max-width: 100%; box-sizing: border-box; word-wrap: break-word !important;\">学生会由八个部门组成，各个部门有着不同的职能，具体内容将慢慢推出。无论加入哪个部门，部长们都会与你们共同学习、成长。</section></section></section><section style=\"margin: 0px; padding: 0px; max-width: 100%; box-sizing: border-box !important; word-wrap: break-word !important; width: 0px; height: 0px; clear: both;\"></section></section><section class=\"\" style=\"margin: 1.8em 0px 0.5em; padding: 0px; max-width: 100%; box-sizing: border-box; color: rgb(62, 62, 62); font-family: &quot;Helvetica Neue&quot;, Helvetica, &quot;Hiragino Sans GB&quot;, &quot;Microsoft YaHei&quot;, Arial, sans-serif; font-size: 18px; line-height: 28.8px; white-space: normal; border: 0px; word-wrap: break-word !important; background-color: rgb(255, 255, 255);\"><section class=\"\" style=\"margin: 0px 1.3em 0px 0px; padding: 10px; max-width: 100%; box-sizing: border-box; word-wrap: break-word !important; border: 2px solid transparent; font-size: 1em; font-family: inherit; text-decoration: inherit;\"><section class=\"\" style=\"margin: -1.3em -1.3em 0px 0px; padding: 0px 5px; max-width: 100%; box-sizing: border-box; word-wrap: break-word !important; border: 2px solid rgb(221, 225, 102); float: right; display: inline-block; vertical-align: top; font-size: 1.5em; font-family: inherit; text-decoration: inherit; background-color: rgb(249, 110, 87);\"><section class=\"\" style=\"margin: 0px; padding: 0px; max-width: 100%; box-sizing: border-box; word-wrap: break-word !important;\">02</section></section><section class=\"\" style=\"margin: 0px; padding: 0px; max-width: 100%; box-sizing: border-box; word-wrap: break-word !important; clear: both;\"></section><section class=\"\" style=\"margin: 0px; padding: 0px; max-width: 100%; box-sizing: border-box; word-wrap: break-word !important;\"><section class=\"\" style=\"margin: 0px; padding: 0px; max-width: 100%; box-sizing: border-box; word-wrap: break-word !important;\">进入大学，学习固然重要，但是在我们这个群居社会中，待人处事、日常礼仪、活动计划与实施等事情的学习也是必不可少的。</section></section></section><section style=\"margin: 0px; padding: 0px; max-width: 100%; box-sizing: border-box !important; word-wrap: break-word !important; width: 0px; height: 0px; clear: both;\"></section></section><section class=\"\" style=\"margin: 1.8em 0px 0.5em; padding: 0px; max-width: 100%; box-sizing: border-box; color: rgb(62, 62, 62); font-family: &quot;Helvetica Neue&quot;, Helvetica, &quot;Hiragino Sans GB&quot;, &quot;Microsoft YaHei&quot;, Arial, sans-serif; font-size: 18px; line-height: 28.8px; white-space: normal; border: 0px; word-wrap: break-word !important; background-color: rgb(255, 255, 255);\"><section class=\"\" style=\"margin: 0px 0px 0px 1.3em; padding: 10px; max-width: 100%; box-sizing: border-box; word-wrap: break-word !important; border: 2px solid transparent; font-size: 1em; font-family: inherit; text-decoration: inherit;\"><section class=\"\" style=\"margin: -1.3em 0px 0px -1.3em; padding: 0px 5px; max-width: 100%; box-sizing: border-box; word-wrap: break-word !important; border: 2px solid rgb(255, 202, 0); display: inline-block; float: left; vertical-align: top; font-size: 1.5em; font-family: inherit; text-decoration: inherit; background-color: rgb(249, 110, 87);\"><section class=\"\" style=\"margin: 0px; padding: 0px; max-width: 100%; box-sizing: border-box; word-wrap: break-word !important;\">03</section></section><section class=\"\" style=\"margin: 0px; padding: 0px; max-width: 100%; box-sizing: border-box; word-wrap: break-word !important; clear: both;\"></section><section class=\"\" style=\"margin: 0px; padding: 0px; max-width: 100%; box-sizing: border-box; word-wrap: break-word !important;\"><section class=\"\" style=\"margin: 0px; padding: 0px; max-width: 100%; box-sizing: border-box; word-wrap: break-word !important;\">当然，在这里除了信院各大活动的举办、实施等工作之外，还有你<span class=\"\" style=\"margin: 0px; padding: 0px; max-width: 100%; box-sizing: border-box; word-wrap: break-word !important; font-family: inherit; font-size: 1em; text-decoration: inherit; line-height: 1.6;\">们期待的联谊、聚会等。期待你们加入一起工作、一起玩耍、一起飞。</span></section></section></section><section style=\"margin: 0px; padding: 0px; max-width: 100%; box-sizing: border-box !important; word-wrap: break-word !important; width: 0px; height: 0px; clear: both;\"></section></section><section class=\"\" style=\"margin: 1.8em 0px 0.5em; padding: 0px; max-width: 100%; box-sizing: border-box; color: rgb(62, 62, 62); font-family: &quot;Helvetica Neue&quot;, Helvetica, &quot;Hiragino Sans GB&quot;, &quot;Microsoft YaHei&quot;, Arial, sans-serif; font-size: 18px; line-height: 28.8px; white-space: normal; border: 0px; word-wrap: break-word !important; background-color: rgb(255, 255, 255);\"><section class=\"\" style=\"margin: 0px 1.3em 0px 0px; padding: 10px; max-width: 100%; box-sizing: border-box; word-wrap: break-word !important; border: 2px solid transparent; font-size: 1em; font-family: inherit; text-decoration: inherit;\"><section class=\"\" style=\"margin: -1.3em -1.3em 0px 0px; padding: 0px 5px; max-width: 100%; box-sizing: border-box; word-wrap: break-word !important; border: 2px solid rgb(221, 225, 102); float: right; display: inline-block; vertical-align: top; font-size: 1.5em; font-family: inherit; text-decoration: inherit; background-color: rgb(249, 110, 87);\"><section class=\"\" style=\"margin: 0px; padding: 0px; max-width: 100%; box-sizing: border-box; word-wrap: break-word !important;\">04</section></section><section class=\"\" style=\"margin: 0px; padding: 0px; max-width: 100%; box-sizing: border-box; word-wrap: break-word !important; clear: both;\"></section><section class=\"\" style=\"margin: 0px; padding: 0px; max-width: 100%; box-sizing: border-box; word-wrap: break-word !important;\"><section class=\"\" style=\"margin: 0px; padding: 0px; max-width: 100%; box-sizing: border-box; word-wrap: break-word !important;\">据传说，加入学生会的人颜值会越来越高哦！而且脱单几率大幅度上涨，出柜几率大幅下跌。不信？等会最先看看我们的主席团吧。</section></section></section></section></p><p><br/></p>' WHERE `id` = 2 [ RunTime:0.0111s ]
INFO: [ view_parse ] --START--
INFO: [ template_filter ] --START--
INFO: Run Behavior\ContentReplaceBehavior [ RunTime:0.000188s ]
INFO: [ template_filter ] --END-- [ RunTime:0.000364s ]
INFO: Run Behavior\ParseTemplateBehavior [ RunTime:0.008002s ]
INFO: [ view_parse ] --END-- [ RunTime:0.008078s ]
INFO: [ view_filter ] --START--
INFO: Run Behavior\WriteHtmlCacheBehavior [ RunTime:0.000161s ]
INFO: [ view_filter ] --END-- [ RunTime:0.000207s ]
INFO: [ app_end ] --START--
INFO: Run Behavior\ShowPageTraceBehavior [ RunTime:0.000470s ]
INFO: [ app_end ] --END-- [ RunTime:0.000519s ]

[ 2016-07-28T18:47:26+08:00 ] ::1 /index.php/Admin/Signup/Index.html
INFO: [ app_init ] --START--
INFO: Run Behavior\BuildLiteBehavior [ RunTime:0.000015s ]
INFO: [ app_init ] --END-- [ RunTime:0.000338s ]
INFO: [ app_begin ] --START--
INFO: Run Behavior\ReadHtmlCacheBehavior [ RunTime:0.000427s ]
INFO: [ app_begin ] --END-- [ RunTime:0.000479s ]
SQL: SHOW COLUMNS FROM `it_active` [ RunTime:0.0012s ]
SQL: SELECT * FROM `it_active` ORDER BY id desc  [ RunTime:0.0004s ]
INFO: [ view_parse ] --START--
INFO: [ template_filter ] --START--
INFO: Run Behavior\ContentReplaceBehavior [ RunTime:0.000071s ]
INFO: [ template_filter ] --END-- [ RunTime:0.000164s ]
NOTIC: [8] Undefined variable: page /Applications/MAMP/htdocs/xsh/Application/Runtime/Cache/Admin/b03358919f377d4ba7ebea8c218c00e5.php 第 119 行.
INFO: Run Behavior\ParseTemplateBehavior [ RunTime:0.011605s ]
INFO: [ view_parse ] --END-- [ RunTime:0.011668s ]
INFO: [ view_filter ] --START--
INFO: Run Behavior\WriteHtmlCacheBehavior [ RunTime:0.000145s ]
INFO: [ view_filter ] --END-- [ RunTime:0.000191s ]
INFO: [ app_end ] --START--
INFO: Run Behavior\ShowPageTraceBehavior [ RunTime:0.000814s ]
INFO: [ app_end ] --END-- [ RunTime:0.000986s ]

