[ 2016-05-24T18:39:10+08:00 ] ::1 /xsh/admin
INFO: [ app_init ] --START--
INFO: Run Behavior\BuildLiteBehavior [ RunTime:0.000025s ]
INFO: [ app_init ] --END-- [ RunTime:0.000914s ]
INFO: [ app_begin ] --START--
INFO: Run Behavior\ReadHtmlCacheBehavior [ RunTime:0.000645s ]
INFO: [ app_begin ] --END-- [ RunTime:0.000737s ]

[ 2016-05-24T18:39:10+08:00 ] ::1 /xsh/index.php/Admin/Public/login.html
INFO: [ app_init ] --START--
INFO: Run Behavior\BuildLiteBehavior [ RunTime:0.000015s ]
INFO: [ app_init ] --END-- [ RunTime:0.000331s ]
INFO: [ app_begin ] --START--
INFO: Run Behavior\ReadHtmlCacheBehavior [ RunTime:0.000426s ]
INFO: [ app_begin ] --END-- [ RunTime:0.000479s ]
INFO: [ view_parse ] --START--
INFO: [ template_filter ] --START--
INFO: Run Behavior\ContentReplaceBehavior [ RunTime:0.000074s ]
INFO: [ template_filter ] --END-- [ RunTime:0.000152s ]
NOTIC: [8] Undefined index: nickname /Applications/MAMP/htdocs/xsh/Application/Runtime/Cache/Admin/3c5566b2bfbf6ef00ac5366ba47246fe.php 第 38 行.
INFO: Run Behavior\ParseTemplateBehavior [ RunTime:0.011873s ]
INFO: [ view_parse ] --END-- [ RunTime:0.011935s ]
INFO: [ view_filter ] --START--
INFO: Run Behavior\WriteHtmlCacheBehavior [ RunTime:0.000145s ]
INFO: [ view_filter ] --END-- [ RunTime:0.000191s ]
INFO: [ app_end ] --START--
INFO: Run Behavior\ShowPageTraceBehavior [ RunTime:0.000591s ]
INFO: [ app_end ] --END-- [ RunTime:0.000651s ]

[ 2016-05-24T18:39:14+08:00 ] ::1 /xsh/index.php/Admin/Public/login
INFO: [ app_init ] --START--
INFO: Run Behavior\BuildLiteBehavior [ RunTime:0.000013s ]
INFO: [ app_init ] --END-- [ RunTime:0.000333s ]
INFO: [ app_begin ] --START--
INFO: Run Behavior\ReadHtmlCacheBehavior [ RunTime:0.000416s ]
INFO: [ app_begin ] --END-- [ RunTime:0.000470s ]
SQL: SHOW COLUMNS FROM `it_admin` [ RunTime:0.0011s ]
SQL: SELECT * FROM `it_admin` WHERE `username` = 'admin' LIMIT 1   [ RunTime:0.0033s ]
INFO: [ view_parse ] --START--
INFO: [ template_filter ] --START--
INFO: Run Behavior\ContentReplaceBehavior [ RunTime:0.000044s ]
INFO: [ template_filter ] --END-- [ RunTime:0.000127s ]
INFO: Run Behavior\ParseTemplateBehavior [ RunTime:0.008732s ]
INFO: [ view_parse ] --END-- [ RunTime:0.008845s ]
INFO: [ view_filter ] --START--
INFO: Run Behavior\WriteHtmlCacheBehavior [ RunTime:0.000159s ]
INFO: [ view_filter ] --END-- [ RunTime:0.000206s ]
INFO: [ app_end ] --START--
INFO: Run Behavior\ShowPageTraceBehavior [ RunTime:0.000560s ]
INFO: [ app_end ] --END-- [ RunTime:0.000617s ]

[ 2016-05-24T18:39:15+08:00 ] ::1 /xsh/index.php/Admin/Index/Index.html
INFO: [ app_init ] --START--
INFO: Run Behavior\BuildLiteBehavior [ RunTime:0.000025s ]
INFO: [ app_init ] --END-- [ RunTime:0.000505s ]
INFO: [ app_begin ] --START--
INFO: Run Behavior\ReadHtmlCacheBehavior [ RunTime:0.000710s ]
INFO: [ app_begin ] --END-- [ RunTime:0.000810s ]
SQL: SHOW COLUMNS FROM `it_article` [ RunTime:0.0011s ]
SQL: SHOW COLUMNS FROM `it_student` [ RunTime:0.0038s ]
SQL: SHOW COLUMNS FROM `it_admin` [ RunTime:0.0010s ]
SQL: SELECT COUNT(*) AS tp_count FROM `it_article` LIMIT 1   [ RunTime:0.0002s ]
SQL: SELECT COUNT(*) AS tp_count FROM `it_student` LIMIT 1   [ RunTime:0.0101s ]
SQL: SELECT COUNT(*) AS tp_count FROM `it_admin` LIMIT 1   [ RunTime:0.0001s ]
INFO: [ view_parse ] --START--
INFO: [ template_filter ] --START--
INFO: Run Behavior\ContentReplaceBehavior [ RunTime:0.000075s ]
INFO: [ template_filter ] --END-- [ RunTime:0.000172s ]
INFO: Run Behavior\ParseTemplateBehavior [ RunTime:0.012928s ]
INFO: [ view_parse ] --END-- [ RunTime:0.013002s ]
INFO: [ view_filter ] --START--
INFO: Run Behavior\WriteHtmlCacheBehavior [ RunTime:0.000164s ]
INFO: [ view_filter ] --END-- [ RunTime:0.000224s ]
INFO: [ app_end ] --START--
INFO: Run Behavior\ShowPageTraceBehavior [ RunTime:0.000563s ]
INFO: [ app_end ] --END-- [ RunTime:0.000650s ]

[ 2016-05-24T18:39:18+08:00 ] ::1 /xsh/index.php/Admin/Tc/Index.html
INFO: [ app_init ] --START--
INFO: Run Behavior\BuildLiteBehavior [ RunTime:0.000017s ]
INFO: [ app_init ] --END-- [ RunTime:0.000515s ]
INFO: [ app_begin ] --START--
INFO: Run Behavior\ReadHtmlCacheBehavior [ RunTime:0.000583s ]
INFO: [ app_begin ] --END-- [ RunTime:0.000648s ]
SQL: SHOW COLUMNS FROM `it_kjxs` [ RunTime:0.0011s ]
SQL: SELECT COUNT(*) AS tp_count FROM `it_kjxs` LIMIT 1   [ RunTime:0.0016s ]
SQL: SELECT * FROM `it_kjxs` ORDER BY id DESC LIMIT 0,15   [ RunTime:0.0003s ]
INFO: [ view_parse ] --START--
INFO: [ template_filter ] --START--
INFO: Run Behavior\ContentReplaceBehavior [ RunTime:0.000110s ]
INFO: [ template_filter ] --END-- [ RunTime:0.000205s ]
INFO: Run Behavior\ParseTemplateBehavior [ RunTime:0.015382s ]
INFO: [ view_parse ] --END-- [ RunTime:0.015470s ]
INFO: [ view_filter ] --START--
INFO: Run Behavior\WriteHtmlCacheBehavior [ RunTime:0.000194s ]
INFO: [ view_filter ] --END-- [ RunTime:0.000282s ]
INFO: [ app_end ] --START--
INFO: Run Behavior\ShowPageTraceBehavior [ RunTime:0.000925s ]
INFO: [ app_end ] --END-- [ RunTime:0.001021s ]

[ 2016-05-24T18:39:26+08:00 ] ::1 /xsh/index.php/Admin/Tc/Index/p/8.html
INFO: [ app_init ] --START--
INFO: Run Behavior\BuildLiteBehavior [ RunTime:0.000021s ]
INFO: [ app_init ] --END-- [ RunTime:0.000522s ]
INFO: [ app_begin ] --START--
INFO: Run Behavior\ReadHtmlCacheBehavior [ RunTime:0.000561s ]
INFO: [ app_begin ] --END-- [ RunTime:0.000624s ]
SQL: SHOW COLUMNS FROM `it_kjxs` [ RunTime:0.0012s ]
SQL: SELECT COUNT(*) AS tp_count FROM `it_kjxs` LIMIT 1   [ RunTime:0.0002s ]
SQL: SELECT * FROM `it_kjxs` ORDER BY id DESC LIMIT 105,15   [ RunTime:0.0004s ]
INFO: [ view_parse ] --START--
INFO: [ template_filter ] --START--
INFO: Run Behavior\ContentReplaceBehavior [ RunTime:0.000105s ]
INFO: [ template_filter ] --END-- [ RunTime:0.000181s ]
INFO: Run Behavior\ParseTemplateBehavior [ RunTime:0.015093s ]
INFO: [ view_parse ] --END-- [ RunTime:0.015172s ]
INFO: [ view_filter ] --START--
INFO: Run Behavior\WriteHtmlCacheBehavior [ RunTime:0.000169s ]
INFO: [ view_filter ] --END-- [ RunTime:0.000225s ]
INFO: [ app_end ] --START--
INFO: Run Behavior\ShowPageTraceBehavior [ RunTime:0.000758s ]
INFO: [ app_end ] --END-- [ RunTime:0.000836s ]

[ 2016-05-24T11:39:32+01:00 ] ::1 /xsh/index.php/Admin/Tc/excel_runexport.html
INFO: [ app_init ] --START--
INFO: Run Behavior\BuildLiteBehavior [ RunTime:0.000016s ]
INFO: [ app_init ] --END-- [ RunTime:0.000344s ]
INFO: [ app_begin ] --START--
INFO: Run Behavior\ReadHtmlCacheBehavior [ RunTime:0.000421s ]
INFO: [ app_begin ] --END-- [ RunTime:0.000475s ]
SQL: SHOW COLUMNS FROM `it_tc` [ RunTime:0.0017s ]
SQL: SELECT * FROM `it_tc` WHERE `id` LIKE '15%' ORDER BY id  [ RunTime:0.0346s ]
NOTIC: [8] Undefined variable: rid /Applications/MAMP/htdocs/xsh/Application/Admin/Controller/TcController.class.php 第 210 行.
SQL: SELECT SUM(score) AS tp_sum FROM `it_tc` WHERE ( id=1501010001 ) LIMIT 1   [ RunTime:0.0040s ]
SQL: SELECT SUM(score) AS tp_sum FROM `it_tc` WHERE ( id=1501010011 ) LIMIT 1   [ RunTime:0.0024s ]
SQL: SELECT SUM(score) AS tp_sum FROM `it_tc` WHERE ( id=1501010018 ) LIMIT 1   [ RunTime:0.0024s ]
SQL: SELECT SUM(score) AS tp_sum FROM `it_tc` WHERE ( id=1501010020 ) LIMIT 1   [ RunTime:0.0022s ]
SQL: SELECT SUM(score) AS tp_sum FROM `it_tc` WHERE ( id=1501010023 ) LIMIT 1   [ RunTime:0.0035s ]
SQL: SELECT SUM(score) AS tp_sum FROM `it_tc` WHERE ( id=1501010031 ) LIMIT 1   [ RunTime:0.0025s ]
SQL: SELECT SUM(score) AS tp_sum FROM `it_tc` WHERE ( id=1501010040 ) LIMIT 1   [ RunTime:0.0024s ]
SQL: SELECT SUM(score) AS tp_sum FROM `it_tc` WHERE ( id=1501010042 ) LIMIT 1   [ RunTime:0.0024s ]
SQL: SELECT SUM(score) AS tp_sum FROM `it_tc` WHERE ( id=1501010046 ) LIMIT 1   [ RunTime:0.0022s ]
SQL: SELECT SUM(score) AS tp_sum FROM `it_tc` WHERE ( id=1501010047 ) LIMIT 1   [ RunTime:0.0022s ]
SQL: SELECT SUM(score) AS tp_sum FROM `it_tc` WHERE ( id=1501010054 ) LIMIT 1   [ RunTime:0.0022s ]
SQL: SELECT SUM(score) AS tp_sum FROM `it_tc` WHERE ( id=1501010060 ) LIMIT 1   [ RunTime:0.0024s ]
SQL: SELECT SUM(score) AS tp_sum FROM `it_tc` WHERE ( id=1501010064 ) LIMIT 1   [ RunTime:0.0023s ]
SQL: SELECT SUM(score) AS tp_sum FROM `it_tc` WHERE ( id=1501010066 ) LIMIT 1   [ RunTime:0.0024s ]
SQL: SELECT SUM(score) AS tp_sum FROM `it_tc` WHERE ( id=1501010069 ) LIMIT 1   [ RunTime:0.0023s ]
SQL: SELECT SUM(score) AS tp_sum FROM `it_tc` WHERE ( id=1501010079 ) LIMIT 1   [ RunTime:0.0021s ]
SQL: SELECT SUM(score) AS tp_sum FROM `it_tc` WHERE ( id=1501010082 ) LIMIT 1   [ RunTime:0.0024s ]
SQL: SELECT SUM(score) AS tp_sum FROM `it_tc` WHERE ( id=1501010083 ) LIMIT 1   [ RunTime:0.0023s ]
SQL: SELECT SUM(score) AS tp_sum FROM `it_tc` WHERE ( id=1501010085 ) LIMIT 1   [ RunTime:0.0024s ]
SQL: SELECT SUM(score) AS tp_sum FROM `it_tc` WHERE ( id=1501010086 ) LIMIT 1   [ RunTime:0.0023s ]
SQL: SELECT SUM(score) AS tp_sum FROM `it_tc` WHERE ( id=1501010088 ) LIMIT 1   [ RunTime:0.0022s ]
SQL: SELECT SUM(score) AS tp_sum FROM `it_tc` WHERE ( id=1501010090 ) LIMIT 1   [ RunTime:0.0022s ]
SQL: SELECT SUM(score) AS tp_sum FROM `it_tc` WHERE ( id=1501010091 ) LIMIT 1   [ RunTime:0.0020s ]
SQL: SELECT SUM(score) AS tp_sum FROM `it_tc` WHERE ( id=1501010096 ) LIMIT 1   [ RunTime:0.0021s ]
SQL: SELECT SUM(score) AS tp_sum FROM `it_tc` WHERE ( id=1501010099 ) LIMIT 1   [ RunTime:0.0020s ]
SQL: SELECT SUM(score) AS tp_sum FROM `it_tc` WHERE ( id=1501010103 ) LIMIT 1   [ RunTime:0.0020s ]
SQL: SELECT SUM(score) AS tp_sum FROM `it_tc` WHERE ( id=1501010107 ) LIMIT 1   [ RunTime:0.0020s ]
SQL: SELECT SUM(score) AS tp_sum FROM `it_tc` WHERE ( id=1501010122 ) LIMIT 1   [ RunTime:0.0020s ]
SQL: SELECT SUM(score) AS tp_sum FROM `it_tc` WHERE ( id=1501010125 ) LIMIT 1   [ RunTime:0.0023s ]
SQL: SELECT SUM(score) AS tp_sum FROM `it_tc` WHERE ( id=1501010130 ) LIMIT 1   [ RunTime:0.0022s ]
SQL: SELECT SUM(score) AS tp_sum FROM `it_tc` WHERE ( id=1501030001 ) LIMIT 1   [ RunTime:0.0020s ]
SQL: SELECT SUM(score) AS tp_sum FROM `it_tc` WHERE ( id=1501030003 ) LIMIT 1   [ RunTime:0.0020s ]
SQL: SELECT SUM(score) AS tp_sum FROM `it_tc` WHERE ( id=1501030004 ) LIMIT 1   [ RunTime:0.0020s ]
SQL: SELECT SUM(score) AS tp_sum FROM `it_tc` WHERE ( id=1501030011 ) LIMIT 1   [ RunTime:0.0021s ]
SQL: SELECT SUM(score) AS tp_sum FROM `it_tc` WHERE ( id=1501030012 ) LIMIT 1   [ RunTime:0.0024s ]
SQL: SELECT SUM(score) AS tp_sum FROM `it_tc` WHERE ( id=1501030015 ) LIMIT 1   [ RunTime:0.0023s ]
SQL: SELECT SUM(score) AS tp_sum FROM `it_tc` WHERE ( id=1501030016 ) LIMIT 1   [ RunTime:0.0020s ]
SQL: SELECT SUM(score) AS tp_sum FROM `it_tc` WHERE ( id=1501030020 ) LIMIT 1   [ RunTime:0.0020s ]
SQL: SELECT SUM(score) AS tp_sum FROM `it_tc` WHERE ( id=1501030021 ) LIMIT 1   [ RunTime:0.0022s ]
SQL: SELECT SUM(score) AS tp_sum FROM `it_tc` WHERE ( id=1501030023 ) LIMIT 1   [ RunTime:0.0022s ]
SQL: SELECT SUM(score) AS tp_sum FROM `it_tc` WHERE ( id=1501030024 ) LIMIT 1   [ RunTime:0.0020s ]
SQL: SELECT SUM(score) AS tp_sum FROM `it_tc` WHERE ( id=1501030025 ) LIMIT 1   [ RunTime:0.0023s ]
SQL: SELECT SUM(score) AS tp_sum FROM `it_tc` WHERE ( id=1501030028 ) LIMIT 1   [ RunTime:0.0021s ]
SQL: SELECT SUM(score) AS tp_sum FROM `it_tc` WHERE ( id=1501030034 ) LIMIT 1   [ RunTime:0.0027s ]
SQL: SELECT SUM(score) AS tp_sum FROM `it_tc` WHERE ( id=1501030035 ) LIMIT 1   [ RunTime:0.0022s ]
SQL: SELECT SUM(score) AS tp_sum FROM `it_tc` WHERE ( id=1501030037 ) LIMIT 1   [ RunTime:0.0022s ]
SQL: SELECT SUM(score) AS tp_sum FROM `it_tc` WHERE ( id=1501030038 ) LIMIT 1   [ RunTime:0.0022s ]
SQL: SELECT SUM(score) AS tp_sum FROM `it_tc` WHERE ( id=1501030039 ) LIMIT 1   [ RunTime:0.0023s ]
SQL: SELECT SUM(score) AS tp_sum FROM `it_tc` WHERE ( id=1501030044 ) LIMIT 1   [ RunTime:0.0022s ]
SQL: SELECT SUM(score) AS tp_sum FROM `it_tc` WHERE ( id=1501030049 ) LIMIT 1   [ RunTime:0.0020s ]
SQL: SELECT SUM(score) AS tp_sum FROM `it_tc` WHERE ( id=1501030050 ) LIMIT 1   [ RunTime:0.0020s ]
SQL: SELECT SUM(score) AS tp_sum FROM `it_tc` WHERE ( id=1501030055 ) LIMIT 1   [ RunTime:0.0023s ]
SQL: SELECT SUM(score) AS tp_sum FROM `it_tc` WHERE ( id=1501030058 ) LIMIT 1   [ RunTime:0.0020s ]
SQL: SELECT SUM(score) AS tp_sum FROM `it_tc` WHERE ( id=1501030060 ) LIMIT 1   [ RunTime:0.0025s ]
SQL: SELECT SUM(score) AS tp_sum FROM `it_tc` WHERE ( id=1501030061 ) LIMIT 1   [ RunTime:0.0026s ]
SQL: SELECT SUM(score) AS tp_sum FROM `it_tc` WHERE ( id=1501030062 ) LIMIT 1   [ RunTime:0.0126s ]
SQL: SELECT SUM(score) AS tp_sum FROM `it_tc` WHERE ( id=1501030063 ) LIMIT 1   [ RunTime:0.0024s ]
SQL: SELECT SUM(score) AS tp_sum FROM `it_tc` WHERE ( id=1501030064 ) LIMIT 1   [ RunTime:0.0024s ]
SQL: SELECT SUM(score) AS tp_sum FROM `it_tc` WHERE ( id=1501030067 ) LIMIT 1   [ RunTime:0.0023s ]
SQL: SELECT SUM(score) AS tp_sum FROM `it_tc` WHERE ( id=1501030068 ) LIMIT 1   [ RunTime:0.0022s ]
SQL: SELECT SUM(score) AS tp_sum FROM `it_tc` WHERE ( id=1501030069 ) LIMIT 1   [ RunTime:0.0020s ]
SQL: SELECT SUM(score) AS tp_sum FROM `it_tc` WHERE ( id=1501030070 ) LIMIT 1   [ RunTime:0.0022s ]
SQL: SELECT SUM(score) AS tp_sum FROM `it_tc` WHERE ( id=1501030074 ) LIMIT 1   [ RunTime:0.0020s ]
SQL: SELECT SUM(score) AS tp_sum FROM `it_tc` WHERE ( id=1501030076 ) LIMIT 1   [ RunTime:0.0020s ]
SQL: SELECT SUM(score) AS tp_sum FROM `it_tc` WHERE ( id=1501030079 ) LIMIT 1   [ RunTime:0.0020s ]
SQL: SELECT SUM(score) AS tp_sum FROM `it_tc` WHERE ( id=1501030080 ) LIMIT 1   [ RunTime:0.0020s ]
SQL: SELECT SUM(score) AS tp_sum FROM `it_tc` WHERE ( id=1501030082 ) LIMIT 1   [ RunTime:0.0020s ]
SQL: SELECT SUM(score) AS tp_sum FROM `it_tc` WHERE ( id=1501030086 ) LIMIT 1   [ RunTime:0.0023s ]
SQL: SELECT SUM(score) AS tp_sum FROM `it_tc` WHERE ( id=1501030087 ) LIMIT 1   [ RunTime:0.0021s ]
SQL: SELECT SUM(score) AS tp_sum FROM `it_tc` WHERE ( id=1501030088 ) LIMIT 1   [ RunTime:0.0024s ]
SQL: SELECT SUM(score) AS tp_sum FROM `it_tc` WHERE ( id=1501030092 ) LIMIT 1   [ RunTime:0.0024s ]
SQL: SELECT SUM(score) AS tp_sum FROM `it_tc` WHERE ( id=1501030093 ) LIMIT 1   [ RunTime:0.0024s ]
SQL: SELECT SUM(score) AS tp_sum FROM `it_tc` WHERE ( id=1501030095 ) LIMIT 1   [ RunTime:0.0024s ]
SQL: SELECT SUM(score) AS tp_sum FROM `it_tc` WHERE ( id=1501030096 ) LIMIT 1   [ RunTime:0.0025s ]
SQL: SELECT SUM(score) AS tp_sum FROM `it_tc` WHERE ( id=1501030098 ) LIMIT 1   [ RunTime:0.0022s ]
SQL: SELECT SUM(score) AS tp_sum FROM `it_tc` WHERE ( id=1501030102 ) LIMIT 1   [ RunTime:0.0021s ]
SQL: SELECT SUM(score) AS tp_sum FROM `it_tc` WHERE ( id=1501030103 ) LIMIT 1   [ RunTime:0.0021s ]
SQL: SELECT SUM(score) AS tp_sum FROM `it_tc` WHERE ( id=1501030105 ) LIMIT 1   [ RunTime:0.0027s ]
SQL: SELECT SUM(score) AS tp_sum FROM `it_tc` WHERE ( id=1501030106 ) LIMIT 1   [ RunTime:0.0024s ]
SQL: SELECT SUM(score) AS tp_sum FROM `it_tc` WHERE ( id=1501030107 ) LIMIT 1   [ RunTime:0.0026s ]
SQL: SELECT SUM(score) AS tp_sum FROM `it_tc` WHERE ( id=1501030108 ) LIMIT 1   [ RunTime:0.0024s ]
SQL: SELECT SUM(score) AS tp_sum FROM `it_tc` WHERE ( id=1501030111 ) LIMIT 1   [ RunTime:0.0022s ]
SQL: SELECT SUM(score) AS tp_sum FROM `it_tc` WHERE ( id=1501030112 ) LIMIT 1   [ RunTime:0.0021s ]
SQL: SELECT SUM(score) AS tp_sum FROM `it_tc` WHERE ( id=1501030113 ) LIMIT 1   [ RunTime:0.0031s ]
SQL: SELECT SUM(score) AS tp_sum FROM `it_tc` WHERE ( id=1501030117 ) LIMIT 1   [ RunTime:0.0027s ]
SQL: SELECT SUM(score) AS tp_sum FROM `it_tc` WHERE ( id=1501030118 ) LIMIT 1   [ RunTime:0.0024s ]
SQL: SELECT SUM(score) AS tp_sum FROM `it_tc` WHERE ( id=1501030121 ) LIMIT 1   [ RunTime:0.0023s ]
SQL: SELECT SUM(score) AS tp_sum FROM `it_tc` WHERE ( id=1501030122 ) LIMIT 1   [ RunTime:0.0022s ]
SQL: SELECT SUM(score) AS tp_sum FROM `it_tc` WHERE ( id=1501030125 ) LIMIT 1   [ RunTime:0.0020s ]
SQL: SELECT SUM(score) AS tp_sum FROM `it_tc` WHERE ( id=1501030126 ) LIMIT 1   [ RunTime:0.0020s ]
SQL: SELECT SUM(score) AS tp_sum FROM `it_tc` WHERE ( id=1501030127 ) LIMIT 1   [ RunTime:0.0023s ]
SQL: SELECT SUM(score) AS tp_sum FROM `it_tc` WHERE ( id=1501030128 ) LIMIT 1   [ RunTime:0.0020s ]
SQL: SELECT SUM(score) AS tp_sum FROM `it_tc` WHERE ( id=1501030129 ) LIMIT 1   [ RunTime:0.0020s ]
SQL: SELECT SUM(score) AS tp_sum FROM `it_tc` WHERE ( id=1501030132 ) LIMIT 1   [ RunTime:0.0020s ]
SQL: SELECT SUM(score) AS tp_sum FROM `it_tc` WHERE ( id=1501030133 ) LIMIT 1   [ RunTime:0.0021s ]
SQL: SELECT SUM(score) AS tp_sum FROM `it_tc` WHERE ( id=1501030134 ) LIMIT 1   [ RunTime:0.0021s ]
SQL: SELECT SUM(score) AS tp_sum FROM `it_tc` WHERE ( id=1501030135 ) LIMIT 1   [ RunTime:0.0021s ]
SQL: SELECT SUM(score) AS tp_sum FROM `it_tc` WHERE ( id=1501030138 ) LIMIT 1   [ RunTime:0.0020s ]
SQL: SELECT SUM(score) AS tp_sum FROM `it_tc` WHERE ( id=1501040001 ) LIMIT 1   [ RunTime:0.0020s ]
SQL: SELECT SUM(score) AS tp_sum FROM `it_tc` WHERE ( id=1501040004 ) LIMIT 1   [ RunTime:0.0020s ]
SQL: SELECT SUM(score) AS tp_sum FROM `it_tc` WHERE ( id=1501040005 ) LIMIT 1   [ RunTime:0.0021s ]
SQL: SELECT SUM(score) AS tp_sum FROM `it_tc` WHERE ( id=1501040007 ) LIMIT 1   [ RunTime:0.0021s ]
SQL: SELECT SUM(score) AS tp_sum FROM `it_tc` WHERE ( id=1501040008 ) LIMIT 1   [ RunTime:0.0024s ]
SQL: SELECT SUM(score) AS tp_sum FROM `it_tc` WHERE ( id=1501040009 ) LIMIT 1   [ RunTime:0.0031s ]
SQL: SELECT SUM(score) AS tp_sum FROM `it_tc` WHERE ( id=1501040011 ) LIMIT 1   [ RunTime:0.0021s ]
SQL: SELECT SUM(score) AS tp_sum FROM `it_tc` WHERE ( id=1501040013 ) LIMIT 1   [ RunTime:0.0021s ]
SQL: SELECT SUM(score) AS tp_sum FROM `it_tc` WHERE ( id=1501040015 ) LIMIT 1   [ RunTime:0.0023s ]
SQL: SELECT SUM(score) AS tp_sum FROM `it_tc` WHERE ( id=1501040019 ) LIMIT 1   [ RunTime:0.0021s ]
SQL: SELECT SUM(score) AS tp_sum FROM `it_tc` WHERE ( id=1501040020 ) LIMIT 1   [ RunTime:0.0021s ]
SQL: SELECT SUM(score) AS tp_sum FROM `it_tc` WHERE ( id=1501040027 ) LIMIT 1   [ RunTime:0.0025s ]
SQL: SELECT SUM(score) AS tp_sum FROM `it_tc` WHERE ( id=1501040030 ) LIMIT 1   [ RunTime:0.0020s ]
SQL: SELECT SUM(score) AS tp_sum FROM `it_tc` WHERE ( id=1501040042 ) LIMIT 1   [ RunTime:0.0020s ]
SQL: SELECT SUM(score) AS tp_sum FROM `it_tc` WHERE ( id=1501040052 ) LIMIT 1   [ RunTime:0.0022s ]
SQL: SELECT SUM(score) AS tp_sum FROM `it_tc` WHERE ( id=1501040054 ) LIMIT 1   [ RunTime:0.0020s ]
SQL: SELECT SUM(score) AS tp_sum FROM `it_tc` WHERE ( id=1501040055 ) LIMIT 1   [ RunTime:0.0020s ]
SQL: SELECT SUM(score) AS tp_sum FROM `it_tc` WHERE ( id=1501040056 ) LIMIT 1   [ RunTime:0.0022s ]
SQL: SELECT SUM(score) AS tp_sum FROM `it_tc` WHERE ( id=1501040057 ) LIMIT 1   [ RunTime:0.0021s ]
SQL: SELECT SUM(score) AS tp_sum FROM `it_tc` WHERE ( id=1501040058 ) LIMIT 1   [ RunTime:0.0020s ]
SQL: SELECT SUM(score) AS tp_sum FROM `it_tc` WHERE ( id=1501040061 ) LIMIT 1   [ RunTime:0.0022s ]
SQL: SELECT SUM(score) AS tp_sum FROM `it_tc` WHERE ( id=1501040062 ) LIMIT 1   [ RunTime:0.0020s ]
SQL: SELECT SUM(score) AS tp_sum FROM `it_tc` WHERE ( id=1501040066 ) LIMIT 1   [ RunTime:0.0020s ]
SQL: SELECT SUM(score) AS tp_sum FROM `it_tc` WHERE ( id=1501040069 ) LIMIT 1   [ RunTime:0.0020s ]
SQL: SELECT SUM(score) AS tp_sum FROM `it_tc` WHERE ( id=1501040074 ) LIMIT 1   [ RunTime:0.0020s ]
SQL: SELECT SUM(score) AS tp_sum FROM `it_tc` WHERE ( id=1501040075 ) LIMIT 1   [ RunTime:0.0020s ]
SQL: SELECT SUM(score) AS tp_sum FROM `it_tc` WHERE ( id=1501040078 ) LIMIT 1   [ RunTime:0.0024s ]
SQL: SELECT SUM(score) AS tp_sum FROM `it_tc` WHERE ( id=1501040081 ) LIMIT 1   [ RunTime:0.0024s ]
SQL: SELECT SUM(score) AS tp_sum FROM `it_tc` WHERE ( id=1501040082 ) LIMIT 1   [ RunTime:0.0024s ]
SQL: SELECT SUM(score) AS tp_sum FROM `it_tc` WHERE ( id=1501040092 ) LIMIT 1   [ RunTime:0.0023s ]
SQL: SELECT SUM(score) AS tp_sum FROM `it_tc` WHERE ( id=1501040093 ) LIMIT 1   [ RunTime:0.0023s ]
SQL: SELECT SUM(score) AS tp_sum FROM `it_tc` WHERE ( id=1501040094 ) LIMIT 1   [ RunTime:0.0029s ]
SQL: SELECT SUM(score) AS tp_sum FROM `it_tc` WHERE ( id=1501040096 ) LIMIT 1   [ RunTime:0.0025s ]
SQL: SELECT SUM(score) AS tp_sum FROM `it_tc` WHERE ( id=1501040098 ) LIMIT 1   [ RunTime:0.0029s ]
SQL: SELECT SUM(score) AS tp_sum FROM `it_tc` WHERE ( id=1501040099 ) LIMIT 1   [ RunTime:0.0022s ]
SQL: SELECT SUM(score) AS tp_sum FROM `it_tc` WHERE ( id=1501040101 ) LIMIT 1   [ RunTime:0.0027s ]
SQL: SELECT SUM(score) AS tp_sum FROM `it_tc` WHERE ( id=1501040103 ) LIMIT 1   [ RunTime:0.0022s ]
SQL: SELECT SUM(score) AS tp_sum FROM `it_tc` WHERE ( id=1501040105 ) LIMIT 1   [ RunTime:0.0020s ]
SQL: SELECT SUM(score) AS tp_sum FROM `it_tc` WHERE ( id=1501040107 ) LIMIT 1   [ RunTime:0.0022s ]
SQL: SELECT SUM(score) AS tp_sum FROM `it_tc` WHERE ( id=1501040109 ) LIMIT 1   [ RunTime:0.0022s ]
SQL: SELECT SUM(score) AS tp_sum FROM `it_tc` WHERE ( id=1501040114 ) LIMIT 1   [ RunTime:0.0020s ]
SQL: SELECT SUM(score) AS tp_sum FROM `it_tc` WHERE ( id=1501040116 ) LIMIT 1   [ RunTime:0.0027s ]
SQL: SELECT SUM(score) AS tp_sum FROM `it_tc` WHERE ( id=1501040118 ) LIMIT 1   [ RunTime:0.0020s ]
SQL: SELECT SUM(score) AS tp_sum FROM `it_tc` WHERE ( id=1501040121 ) LIMIT 1   [ RunTime:0.0021s ]
SQL: SELECT SUM(score) AS tp_sum FROM `it_tc` WHERE ( id=1501040123 ) LIMIT 1   [ RunTime:0.0022s ]
SQL: SELECT SUM(score) AS tp_sum FROM `it_tc` WHERE ( id=1501040125 ) LIMIT 1   [ RunTime:0.0020s ]
SQL: SELECT SUM(score) AS tp_sum FROM `it_tc` WHERE ( id=1501040127 ) LIMIT 1   [ RunTime:0.0020s ]
SQL: SELECT SUM(score) AS tp_sum FROM `it_tc` WHERE ( id=1501040128 ) LIMIT 1   [ RunTime:0.0020s ]
SQL: SELECT SUM(score) AS tp_sum FROM `it_tc` WHERE ( id=1501040129 ) LIMIT 1   [ RunTime:0.0023s ]
SQL: SELECT SUM(score) AS tp_sum FROM `it_tc` WHERE ( id=1501050001 ) LIMIT 1   [ RunTime:0.0020s ]
SQL: SELECT SUM(score) AS tp_sum FROM `it_tc` WHERE ( id=1501050002 ) LIMIT 1   [ RunTime:0.0020s ]
SQL: SELECT SUM(score) AS tp_sum FROM `it_tc` WHERE ( id=1501050005 ) LIMIT 1   [ RunTime:0.0037s ]
SQL: SELECT SUM(score) AS tp_sum FROM `it_tc` WHERE ( id=1501050008 ) LIMIT 1   [ RunTime:0.0025s ]
SQL: SELECT SUM(score) AS tp_sum FROM `it_tc` WHERE ( id=1501050009 ) LIMIT 1   [ RunTime:0.0025s ]
SQL: SELECT SUM(score) AS tp_sum FROM `it_tc` WHERE ( id=1501050012 ) LIMIT 1   [ RunTime:0.0024s ]
SQL: SELECT SUM(score) AS tp_sum FROM `it_tc` WHERE ( id=1501050013 ) LIMIT 1   [ RunTime:0.0023s ]
SQL: SELECT SUM(score) AS tp_sum FROM `it_tc` WHERE ( id=1501050014 ) LIMIT 1   [ RunTime:0.0022s ]
SQL: SELECT SUM(score) AS tp_sum FROM `it_tc` WHERE ( id=1501050015 ) LIMIT 1   [ RunTime:0.0020s ]
SQL: SELECT SUM(score) AS tp_sum FROM `it_tc` WHERE ( id=1501050021 ) LIMIT 1   [ RunTime:0.0020s ]
SQL: SELECT SUM(score) AS tp_sum FROM `it_tc` WHERE ( id=1501050024 ) LIMIT 1   [ RunTime:0.0023s ]
SQL: SELECT SUM(score) AS tp_sum FROM `it_tc` WHERE ( id=1501050025 ) LIMIT 1   [ RunTime:0.0020s ]
SQL: SELECT SUM(score) AS tp_sum FROM `it_tc` WHERE ( id=1501050026 ) LIMIT 1   [ RunTime:0.0022s ]
SQL: SELECT SUM(score) AS tp_sum FROM `it_tc` WHERE ( id=1501050027 ) LIMIT 1   [ RunTime:0.0023s ]
SQL: SELECT SUM(score) AS tp_sum FROM `it_tc` WHERE ( id=1501050029 ) LIMIT 1   [ RunTime:0.0022s ]
SQL: SELECT SUM(score) AS tp_sum FROM `it_tc` WHERE ( id=1501050030 ) LIMIT 1   [ RunTime:0.0023s ]
SQL: SELECT SUM(score) AS tp_sum FROM `it_tc` WHERE ( id=1501050031 ) LIMIT 1   [ RunTime:0.0025s ]
SQL: SELECT SUM(score) AS tp_sum FROM `it_tc` WHERE ( id=1501050032 ) LIMIT 1   [ RunTime:0.0023s ]
SQL: SELECT SUM(score) AS tp_sum FROM `it_tc` WHERE ( id=1501050034 ) LIMIT 1   [ RunTime:0.0020s ]
SQL: SELECT SUM(score) AS tp_sum FROM `it_tc` WHERE ( id=1501050035 ) LIMIT 1   [ RunTime:0.0020s ]
SQL: SELECT SUM(score) AS tp_sum FROM `it_tc` WHERE ( id=1501050037 ) LIMIT 1   [ RunTime:0.0020s ]
SQL: SELECT SUM(score) AS tp_sum FROM `it_tc` WHERE ( id=1501050039 ) LIMIT 1   [ RunTime:0.0022s ]
SQL: SELECT SUM(score) AS tp_sum FROM `it_tc` WHERE ( id=1501050040 ) LIMIT 1   [ RunTime:0.0025s ]
SQL: SELECT SUM(score) AS tp_sum FROM `it_tc` WHERE ( id=1501050041 ) LIMIT 1   [ RunTime:0.0021s ]
SQL: SELECT SUM(score) AS tp_sum FROM `it_tc` WHERE ( id=1501050042 ) LIMIT 1   [ RunTime:0.0022s ]
SQL: SELECT SUM(score) AS tp_sum FROM `it_tc` WHERE ( id=1501050044 ) LIMIT 1   [ RunTime:0.0022s ]
SQL: SELECT SUM(score) AS tp_sum FROM `it_tc` WHERE ( id=1501050046 ) LIMIT 1   [ RunTime:0.0020s ]
SQL: SELECT SUM(score) AS tp_sum FROM `it_tc` WHERE ( id=1501050048 ) LIMIT 1   [ RunTime:0.0021s ]
SQL: SELECT SUM(score) AS tp_sum FROM `it_tc` WHERE ( id=1501050049 ) LIMIT 1   [ RunTime:0.0020s ]
SQL: SELECT SUM(score) AS tp_sum FROM `it_tc` WHERE ( id=1501050050 ) LIMIT 1   [ RunTime:0.0020s ]
SQL: SELECT SUM(score) AS tp_sum FROM `it_tc` WHERE ( id=1501050051 ) LIMIT 1   [ RunTime:0.0020s ]
SQL: SELECT SUM(score) AS tp_sum FROM `it_tc` WHERE ( id=1501050052 ) LIMIT 1   [ RunTime:0.0021s ]
SQL: SELECT SUM(score) AS tp_sum FROM `it_tc` WHERE ( id=1501050053 ) LIMIT 1   [ RunTime:0.0020s ]
SQL: SELECT SUM(score) AS tp_sum FROM `it_tc` WHERE ( id=1501050055 ) LIMIT 1   [ RunTime:0.0022s ]
SQL: SELECT SUM(score) AS tp_sum FROM `it_tc` WHERE ( id=1501050057 ) LIMIT 1   [ RunTime:0.0020s ]
SQL: SELECT SUM(score) AS tp_sum FROM `it_tc` WHERE ( id=1501050061 ) LIMIT 1   [ RunTime:0.0023s ]
SQL: SELECT SUM(score) AS tp_sum FROM `it_tc` WHERE ( id=1501050062 ) LIMIT 1   [ RunTime:0.0027s ]
SQL: SELECT SUM(score) AS tp_sum FROM `it_tc` WHERE ( id=1501050064 ) LIMIT 1   [ RunTime:0.0021s ]
SQL: SELECT SUM(score) AS tp_sum FROM `it_tc` WHERE ( id=1501050066 ) LIMIT 1   [ RunTime:0.0020s ]
SQL: SELECT SUM(score) AS tp_sum FROM `it_tc` WHERE ( id=1501050067 ) LIMIT 1   [ RunTime:0.0024s ]
SQL: SELECT SUM(score) AS tp_sum FROM `it_tc` WHERE ( id=1501050068 ) LIMIT 1   [ RunTime:0.0021s ]
SQL: SELECT SUM(score) AS tp_sum FROM `it_tc` WHERE ( id=1501050069 ) LIMIT 1   [ RunTime:0.0023s ]
SQL: SELECT SUM(score) AS tp_sum FROM `it_tc` WHERE ( id=1501050070 ) LIMIT 1   [ RunTime:0.0026s ]
SQL: SELECT SUM(score) AS tp_sum FROM `it_tc` WHERE ( id=1501050071 ) LIMIT 1   [ RunTime:0.0020s ]
SQL: SELECT SUM(score) AS tp_sum FROM `it_tc` WHERE ( id=1501050072 ) LIMIT 1   [ RunTime:0.0026s ]
SQL: SELECT SUM(score) AS tp_sum FROM `it_tc` WHERE ( id=1501050074 ) LIMIT 1   [ RunTime:0.0022s ]
SQL: SELECT SUM(score) AS tp_sum FROM `it_tc` WHERE ( id=1501050076 ) LIMIT 1   [ RunTime:0.0023s ]
SQL: SELECT SUM(score) AS tp_sum FROM `it_tc` WHERE ( id=1501050078 ) LIMIT 1   [ RunTime:0.0025s ]
SQL: SELECT SUM(score) AS tp_sum FROM `it_tc` WHERE ( id=1501050080 ) LIMIT 1   [ RunTime:0.0023s ]
SQL: SELECT SUM(score) AS tp_sum FROM `it_tc` WHERE ( id=1501050081 ) LIMIT 1   [ RunTime:0.0022s ]
SQL: SELECT SUM(score) AS tp_sum FROM `it_tc` WHERE ( id=1501050083 ) LIMIT 1   [ RunTime:0.0020s ]
SQL: SELECT SUM(score) AS tp_sum FROM `it_tc` WHERE ( id=1501050084 ) LIMIT 1   [ RunTime:0.0022s ]
SQL: SELECT SUM(score) AS tp_sum FROM `it_tc` WHERE ( id=1501050085 ) LIMIT 1   [ RunTime:0.0025s ]
SQL: SELECT SUM(score) AS tp_sum FROM `it_tc` WHERE ( id=1501050088 ) LIMIT 1   [ RunTime:0.0021s ]
SQL: SELECT SUM(score) AS tp_sum FROM `it_tc` WHERE ( id=1501050089 ) LIMIT 1   [ RunTime:0.0021s ]
SQL: SELECT SUM(score) AS tp_sum FROM `it_tc` WHERE ( id=1501050090 ) LIMIT 1   [ RunTime:0.0023s ]
SQL: SELECT SUM(score) AS tp_sum FROM `it_tc` WHERE ( id=1501070005 ) LIMIT 1   [ RunTime:0.0021s ]
SQL: SELECT SUM(score) AS tp_sum FROM `it_tc` WHERE ( id=1501070007 ) LIMIT 1   [ RunTime:0.0022s ]
SQL: SELECT SUM(score) AS tp_sum FROM `it_tc` WHERE ( id=1501070011 ) LIMIT 1   [ RunTime:0.0025s ]
SQL: SELECT SUM(score) AS tp_sum FROM `it_tc` WHERE ( id=1501070017 ) LIMIT 1   [ RunTime:0.0021s ]
SQL: SELECT SUM(score) AS tp_sum FROM `it_tc` WHERE ( id=1501070018 ) LIMIT 1   [ RunTime:0.0035s ]
SQL: SELECT SUM(score) AS tp_sum FROM `it_tc` WHERE ( id=1501070022 ) LIMIT 1   [ RunTime:0.0026s ]
SQL: SELECT SUM(score) AS tp_sum FROM `it_tc` WHERE ( id=1501070031 ) LIMIT 1   [ RunTime:0.0022s ]
SQL: SELECT SUM(score) AS tp_sum FROM `it_tc` WHERE ( id=1501070032 ) LIMIT 1   [ RunTime:0.0029s ]
SQL: SELECT SUM(score) AS tp_sum FROM `it_tc` WHERE ( id=1501070034 ) LIMIT 1   [ RunTime:0.0021s ]
SQL: SELECT SUM(score) AS tp_sum FROM `it_tc` WHERE ( id=1501070038 ) LIMIT 1   [ RunTime:0.0031s ]
SQL: SELECT SUM(score) AS tp_sum FROM `it_tc` WHERE ( id=1501070040 ) LIMIT 1   [ RunTime:0.0028s ]
SQL: SELECT SUM(score) AS tp_sum FROM `it_tc` WHERE ( id=1501070046 ) LIMIT 1   [ RunTime:0.0023s ]
SQL: SELECT SUM(score) AS tp_sum FROM `it_tc` WHERE ( id=1501070049 ) LIMIT 1   [ RunTime:0.0027s ]
SQL: SELECT SUM(score) AS tp_sum FROM `it_tc` WHERE ( id=1501070052 ) LIMIT 1   [ RunTime:0.0021s ]
SQL: SELECT SUM(score) AS tp_sum FROM `it_tc` WHERE ( id=1501070056 ) LIMIT 1   [ RunTime:0.0029s ]
SQL: SELECT SUM(score) AS tp_sum FROM `it_tc` WHERE ( id=1501070057 ) LIMIT 1   [ RunTime:0.0033s ]
SQL: SELECT SUM(score) AS tp_sum FROM `it_tc` WHERE ( id=1501070058 ) LIMIT 1   [ RunTime:0.0021s ]
SQL: SELECT SUM(score) AS tp_sum FROM `it_tc` WHERE ( id=1501070059 ) LIMIT 1   [ RunTime:0.0031s ]
SQL: SELECT SUM(score) AS tp_sum FROM `it_tc` WHERE ( id=1501070064 ) LIMIT 1   [ RunTime:0.0023s ]
SQL: SELECT SUM(score) AS tp_sum FROM `it_tc` WHERE ( id=1501070065 ) LIMIT 1   [ RunTime:0.0028s ]
SQL: SELECT SUM(score) AS tp_sum FROM `it_tc` WHERE ( id=1501070066 ) LIMIT 1   [ RunTime:0.0021s ]
SQL: SELECT SUM(score) AS tp_sum FROM `it_tc` WHERE ( id=1501070067 ) LIMIT 1   [ RunTime:0.0020s ]
SQL: SELECT SUM(score) AS tp_sum FROM `it_tc` WHERE ( id=1501070070 ) LIMIT 1   [ RunTime:0.0024s ]
SQL: SELECT SUM(score) AS tp_sum FROM `it_tc` WHERE ( id=1518010043 ) LIMIT 1   [ RunTime:0.0025s ]
SQL: SELECT SUM(score) AS tp_sum FROM `it_tc` WHERE ( id=1520070007 ) LIMIT 1   [ RunTime:0.0025s ]
SQL: SELECT SUM(score) AS tp_sum FROM `it_tc` WHERE ( id=1536976424 ) LIMIT 1   [ RunTime:0.0029s ]
SQL: SELECT SUM(score) AS tp_sum FROM `it_tc` WHERE ( id=1582059561 ) LIMIT 1   [ RunTime:0.0028s ]

