[ 2016-11-19T23:28:54+08:00 ] ::1 /xsh/admin
INFO: [ app_init ] --START--
INFO: Run Behavior\BuildLiteBehavior [ RunTime:0.000046s ]
INFO: [ app_init ] --END-- [ RunTime:0.000585s ]
INFO: [ app_begin ] --START--
INFO: Run Behavior\ReadHtmlCacheBehavior [ RunTime:0.000923s ]
INFO: [ app_begin ] --END-- [ RunTime:0.001068s ]

[ 2016-11-19T23:28:54+08:00 ] ::1 /xsh/index.php/Admin/Public/login.html
INFO: [ app_init ] --START--
INFO: Run Behavior\BuildLiteBehavior [ RunTime:0.000014s ]
INFO: [ app_init ] --END-- [ RunTime:0.000329s ]
INFO: [ app_begin ] --START--
INFO: Run Behavior\ReadHtmlCacheBehavior [ RunTime:0.000423s ]
INFO: [ app_begin ] --END-- [ RunTime:0.000476s ]
INFO: [ view_parse ] --START--
INFO: [ template_filter ] --START--
INFO: Run Behavior\ContentReplaceBehavior [ RunTime:0.000048s ]
INFO: [ template_filter ] --END-- [ RunTime:0.000118s ]
NOTIC: [8] Undefined index: nickname /Applications/MAMP/htdocs/xsh/Application/Runtime/Cache/Admin/3c5566b2bfbf6ef00ac5366ba47246fe.php 第 38 行.
INFO: Run Behavior\ParseTemplateBehavior [ RunTime:0.009201s ]
INFO: [ view_parse ] --END-- [ RunTime:0.009282s ]
INFO: [ view_filter ] --START--
INFO: Run Behavior\WriteHtmlCacheBehavior [ RunTime:0.000174s ]
INFO: [ view_filter ] --END-- [ RunTime:0.000228s ]
INFO: [ app_end ] --START--
INFO: Run Behavior\ShowPageTraceBehavior [ RunTime:0.000531s ]
INFO: [ app_end ] --END-- [ RunTime:0.000583s ]

[ 2016-11-19T23:28:58+08:00 ] ::1 /xsh/index.php/Admin/Public/login
INFO: [ app_init ] --START--
INFO: Run Behavior\BuildLiteBehavior [ RunTime:0.000018s ]
INFO: [ app_init ] --END-- [ RunTime:0.000397s ]
INFO: [ app_begin ] --START--
INFO: Run Behavior\ReadHtmlCacheBehavior [ RunTime:0.000694s ]
INFO: [ app_begin ] --END-- [ RunTime:0.000920s ]
SQL: SHOW COLUMNS FROM `it_admin` [ RunTime:0.0029s ]
SQL: SELECT * FROM `it_admin` WHERE `username` = 'admin' LIMIT 1   [ RunTime:0.0050s ]
INFO: [ view_parse ] --START--
INFO: [ template_filter ] --START--
INFO: Run Behavior\ContentReplaceBehavior [ RunTime:0.000046s ]
INFO: [ template_filter ] --END-- [ RunTime:0.000130s ]
INFO: Run Behavior\ParseTemplateBehavior [ RunTime:0.008675s ]
INFO: [ view_parse ] --END-- [ RunTime:0.008822s ]
INFO: [ view_filter ] --START--
INFO: Run Behavior\WriteHtmlCacheBehavior [ RunTime:0.000187s ]
INFO: [ view_filter ] --END-- [ RunTime:0.000240s ]
INFO: [ app_end ] --START--
INFO: Run Behavior\ShowPageTraceBehavior [ RunTime:0.000906s ]
INFO: [ app_end ] --END-- [ RunTime:0.001020s ]

[ 2016-11-19T23:28:59+08:00 ] ::1 /xsh/index.php/Admin/Index/Index.html
INFO: [ app_init ] --START--
INFO: Run Behavior\BuildLiteBehavior [ RunTime:0.000015s ]
INFO: [ app_init ] --END-- [ RunTime:0.000331s ]
INFO: [ app_begin ] --START--
INFO: Run Behavior\ReadHtmlCacheBehavior [ RunTime:0.000478s ]
INFO: [ app_begin ] --END-- [ RunTime:0.000534s ]
SQL: SHOW COLUMNS FROM `it_article` [ RunTime:0.0013s ]
SQL: SHOW COLUMNS FROM `it_student` [ RunTime:0.0048s ]
SQL: SHOW COLUMNS FROM `it_admin` [ RunTime:0.0010s ]
SQL: SELECT COUNT(*) AS tp_count FROM `it_article` LIMIT 1   [ RunTime:0.0044s ]
SQL: SELECT COUNT(*) AS tp_count FROM `it_student` LIMIT 1   [ RunTime:0.0065s ]
SQL: SELECT COUNT(*) AS tp_count FROM `it_admin` LIMIT 1   [ RunTime:0.0001s ]
INFO: [ view_parse ] --START--
INFO: [ template_filter ] --START--
INFO: Run Behavior\ContentReplaceBehavior [ RunTime:0.000067s ]
INFO: [ template_filter ] --END-- [ RunTime:0.000136s ]
INFO: Run Behavior\ParseTemplateBehavior [ RunTime:0.012841s ]
INFO: [ view_parse ] --END-- [ RunTime:0.012950s ]
INFO: [ view_filter ] --START--
INFO: Run Behavior\WriteHtmlCacheBehavior [ RunTime:0.000178s ]
INFO: [ view_filter ] --END-- [ RunTime:0.000235s ]
INFO: [ app_end ] --START--
INFO: Run Behavior\ShowPageTraceBehavior [ RunTime:0.000544s ]
INFO: [ app_end ] --END-- [ RunTime:0.000608s ]

[ 2016-11-19T23:29:02+08:00 ] ::1 /xsh/index.php/Admin/Tc/Index.html
INFO: [ app_init ] --START--
INFO: Run Behavior\BuildLiteBehavior [ RunTime:0.000016s ]
INFO: [ app_init ] --END-- [ RunTime:0.000340s ]
INFO: [ app_begin ] --START--
INFO: Run Behavior\ReadHtmlCacheBehavior [ RunTime:0.000442s ]
INFO: [ app_begin ] --END-- [ RunTime:0.000498s ]
SQL: SHOW COLUMNS FROM `it_kjxs` [ RunTime:0.0026s ]
SQL: SELECT COUNT(*) AS tp_count FROM `it_kjxs` LIMIT 1   [ RunTime:0.0002s ]
SQL: SELECT * FROM `it_kjxs` ORDER BY id DESC LIMIT 0,15   [ RunTime:0.0003s ]
INFO: [ view_parse ] --START--
INFO: [ template_filter ] --START--
INFO: Run Behavior\ContentReplaceBehavior [ RunTime:0.000074s ]
INFO: [ template_filter ] --END-- [ RunTime:0.000151s ]
INFO: Run Behavior\ParseTemplateBehavior [ RunTime:0.017110s ]
INFO: [ view_parse ] --END-- [ RunTime:0.017202s ]
INFO: [ view_filter ] --START--
INFO: Run Behavior\WriteHtmlCacheBehavior [ RunTime:0.000171s ]
INFO: [ view_filter ] --END-- [ RunTime:0.000228s ]
INFO: [ app_end ] --START--
INFO: Run Behavior\ShowPageTraceBehavior [ RunTime:0.000798s ]
INFO: [ app_end ] --END-- [ RunTime:0.000923s ]

[ 2016-11-19T15:29:07+00:00 ] ::1 /xsh/index.php/Admin/Tc/excel_runexport.html
INFO: [ app_init ] --START--
INFO: Run Behavior\BuildLiteBehavior [ RunTime:0.000016s ]
INFO: [ app_init ] --END-- [ RunTime:0.000366s ]
INFO: [ app_begin ] --START--
INFO: Run Behavior\ReadHtmlCacheBehavior [ RunTime:0.000465s ]
INFO: [ app_begin ] --END-- [ RunTime:0.000524s ]
SQL: SHOW COLUMNS FROM `it_tc` [ RunTime:0.0058s ]
SQL: SELECT * FROM `it_tc` WHERE `id` LIKE '15%' ORDER BY id  [ RunTime:0.0223s ]
NOTIC: [8] Undefined variable: rid /Applications/MAMP/htdocs/xsh/Application/Admin/Controller/TcController.class.php 第 210 行.
SQL: SELECT SUM(score) AS tp_sum FROM `it_tc` WHERE ( id=1501010001 ) LIMIT 1   [ RunTime:0.0041s ]
SQL: SELECT SUM(score) AS tp_sum FROM `it_tc` WHERE ( id=1501010002 ) LIMIT 1   [ RunTime:0.0031s ]
SQL: SELECT SUM(score) AS tp_sum FROM `it_tc` WHERE ( id=1501010006 ) LIMIT 1   [ RunTime:0.0027s ]
SQL: SELECT SUM(score) AS tp_sum FROM `it_tc` WHERE ( id=1501010011 ) LIMIT 1   [ RunTime:0.0026s ]
SQL: SELECT SUM(score) AS tp_sum FROM `it_tc` WHERE ( id=1501010012 ) LIMIT 1   [ RunTime:0.0025s ]
SQL: SELECT SUM(score) AS tp_sum FROM `it_tc` WHERE ( id=1501010015 ) LIMIT 1   [ RunTime:0.0026s ]
SQL: SELECT SUM(score) AS tp_sum FROM `it_tc` WHERE ( id=1501010018 ) LIMIT 1   [ RunTime:0.0025s ]
SQL: SELECT SUM(score) AS tp_sum FROM `it_tc` WHERE ( id=1501010020 ) LIMIT 1   [ RunTime:0.0028s ]
SQL: SELECT SUM(score) AS tp_sum FROM `it_tc` WHERE ( id=1501010023 ) LIMIT 1   [ RunTime:0.0024s ]
SQL: SELECT SUM(score) AS tp_sum FROM `it_tc` WHERE ( id=1501010024 ) LIMIT 1   [ RunTime:0.0023s ]
SQL: SELECT SUM(score) AS tp_sum FROM `it_tc` WHERE ( id=1501010026 ) LIMIT 1   [ RunTime:0.0023s ]
SQL: SELECT SUM(score) AS tp_sum FROM `it_tc` WHERE ( id=1501010028 ) LIMIT 1   [ RunTime:0.0031s ]
SQL: SELECT SUM(score) AS tp_sum FROM `it_tc` WHERE ( id=1501010031 ) LIMIT 1   [ RunTime:0.0033s ]
SQL: SELECT SUM(score) AS tp_sum FROM `it_tc` WHERE ( id=1501010032 ) LIMIT 1   [ RunTime:0.0030s ]
SQL: SELECT SUM(score) AS tp_sum FROM `it_tc` WHERE ( id=1501010036 ) LIMIT 1   [ RunTime:0.0024s ]
SQL: SELECT SUM(score) AS tp_sum FROM `it_tc` WHERE ( id=1501010039 ) LIMIT 1   [ RunTime:0.0024s ]
SQL: SELECT SUM(score) AS tp_sum FROM `it_tc` WHERE ( id=1501010040 ) LIMIT 1   [ RunTime:0.0023s ]
SQL: SELECT SUM(score) AS tp_sum FROM `it_tc` WHERE ( id=1501010042 ) LIMIT 1   [ RunTime:0.0031s ]
SQL: SELECT SUM(score) AS tp_sum FROM `it_tc` WHERE ( id=1501010046 ) LIMIT 1   [ RunTime:0.0025s ]
SQL: SELECT SUM(score) AS tp_sum FROM `it_tc` WHERE ( id=1501010047 ) LIMIT 1   [ RunTime:0.0026s ]
SQL: SELECT SUM(score) AS tp_sum FROM `it_tc` WHERE ( id=1501010048 ) LIMIT 1   [ RunTime:0.0027s ]
SQL: SELECT SUM(score) AS tp_sum FROM `it_tc` WHERE ( id=1501010054 ) LIMIT 1   [ RunTime:0.0023s ]
SQL: SELECT SUM(score) AS tp_sum FROM `it_tc` WHERE ( id=1501010055 ) LIMIT 1   [ RunTime:0.0023s ]
SQL: SELECT SUM(score) AS tp_sum FROM `it_tc` WHERE ( id=1501010060 ) LIMIT 1   [ RunTime:0.0023s ]
SQL: SELECT SUM(score) AS tp_sum FROM `it_tc` WHERE ( id=1501010064 ) LIMIT 1   [ RunTime:0.0023s ]
SQL: SELECT SUM(score) AS tp_sum FROM `it_tc` WHERE ( id=1501010066 ) LIMIT 1   [ RunTime:0.0025s ]
SQL: SELECT SUM(score) AS tp_sum FROM `it_tc` WHERE ( id=1501010069 ) LIMIT 1   [ RunTime:0.0023s ]
SQL: SELECT SUM(score) AS tp_sum FROM `it_tc` WHERE ( id=1501010070 ) LIMIT 1   [ RunTime:0.0025s ]
SQL: SELECT SUM(score) AS tp_sum FROM `it_tc` WHERE ( id=1501010076 ) LIMIT 1   [ RunTime:0.0033s ]
SQL: SELECT SUM(score) AS tp_sum FROM `it_tc` WHERE ( id=1501010077 ) LIMIT 1   [ RunTime:0.0024s ]
SQL: SELECT SUM(score) AS tp_sum FROM `it_tc` WHERE ( id=1501010079 ) LIMIT 1   [ RunTime:0.0024s ]
SQL: SELECT SUM(score) AS tp_sum FROM `it_tc` WHERE ( id=1501010082 ) LIMIT 1   [ RunTime:0.0025s ]
SQL: SELECT SUM(score) AS tp_sum FROM `it_tc` WHERE ( id=1501010083 ) LIMIT 1   [ RunTime:0.0024s ]
SQL: SELECT SUM(score) AS tp_sum FROM `it_tc` WHERE ( id=1501010085 ) LIMIT 1   [ RunTime:0.0024s ]
SQL: SELECT SUM(score) AS tp_sum FROM `it_tc` WHERE ( id=1501010086 ) LIMIT 1   [ RunTime:0.0023s ]
SQL: SELECT SUM(score) AS tp_sum FROM `it_tc` WHERE ( id=1501010087 ) LIMIT 1   [ RunTime:0.0023s ]
SQL: SELECT SUM(score) AS tp_sum FROM `it_tc` WHERE ( id=1501010088 ) LIMIT 1   [ RunTime:0.0023s ]
SQL: SELECT SUM(score) AS tp_sum FROM `it_tc` WHERE ( id=1501010089 ) LIMIT 1   [ RunTime:0.0027s ]
SQL: SELECT SUM(score) AS tp_sum FROM `it_tc` WHERE ( id=1501010090 ) LIMIT 1   [ RunTime:0.0023s ]
SQL: SELECT SUM(score) AS tp_sum FROM `it_tc` WHERE ( id=1501010091 ) LIMIT 1   [ RunTime:0.0027s ]
SQL: SELECT SUM(score) AS tp_sum FROM `it_tc` WHERE ( id=1501010093 ) LIMIT 1   [ RunTime:0.0023s ]
SQL: SELECT SUM(score) AS tp_sum FROM `it_tc` WHERE ( id=1501010096 ) LIMIT 1   [ RunTime:0.0024s ]
SQL: SELECT SUM(score) AS tp_sum FROM `it_tc` WHERE ( id=1501010099 ) LIMIT 1   [ RunTime:0.0023s ]
SQL: SELECT SUM(score) AS tp_sum FROM `it_tc` WHERE ( id=1501010101 ) LIMIT 1   [ RunTime:0.0023s ]
SQL: SELECT SUM(score) AS tp_sum FROM `it_tc` WHERE ( id=1501010103 ) LIMIT 1   [ RunTime:0.0023s ]
SQL: SELECT SUM(score) AS tp_sum FROM `it_tc` WHERE ( id=1501010106 ) LIMIT 1   [ RunTime:0.0028s ]
SQL: SELECT SUM(score) AS tp_sum FROM `it_tc` WHERE ( id=1501010107 ) LIMIT 1   [ RunTime:0.0026s ]
SQL: SELECT SUM(score) AS tp_sum FROM `it_tc` WHERE ( id=1501010109 ) LIMIT 1   [ RunTime:0.0024s ]
SQL: SELECT SUM(score) AS tp_sum FROM `it_tc` WHERE ( id=1501010111 ) LIMIT 1   [ RunTime:0.0025s ]
SQL: SELECT SUM(score) AS tp_sum FROM `it_tc` WHERE ( id=1501010112 ) LIMIT 1   [ RunTime:0.0023s ]
SQL: SELECT SUM(score) AS tp_sum FROM `it_tc` WHERE ( id=1501010115 ) LIMIT 1   [ RunTime:0.0028s ]
SQL: SELECT SUM(score) AS tp_sum FROM `it_tc` WHERE ( id=1501010116 ) LIMIT 1   [ RunTime:0.0024s ]
SQL: SELECT SUM(score) AS tp_sum FROM `it_tc` WHERE ( id=1501010118 ) LIMIT 1   [ RunTime:0.0023s ]
SQL: SELECT SUM(score) AS tp_sum FROM `it_tc` WHERE ( id=1501010121 ) LIMIT 1   [ RunTime:0.0023s ]
SQL: SELECT SUM(score) AS tp_sum FROM `it_tc` WHERE ( id=1501010122 ) LIMIT 1   [ RunTime:0.0025s ]
SQL: SELECT SUM(score) AS tp_sum FROM `it_tc` WHERE ( id=1501010124 ) LIMIT 1   [ RunTime:0.0026s ]
SQL: SELECT SUM(score) AS tp_sum FROM `it_tc` WHERE ( id=1501010125 ) LIMIT 1   [ RunTime:0.0026s ]
SQL: SELECT SUM(score) AS tp_sum FROM `it_tc` WHERE ( id=1501010127 ) LIMIT 1   [ RunTime:0.0025s ]
SQL: SELECT SUM(score) AS tp_sum FROM `it_tc` WHERE ( id=1501010128 ) LIMIT 1   [ RunTime:0.0023s ]
SQL: SELECT SUM(score) AS tp_sum FROM `it_tc` WHERE ( id=1501010129 ) LIMIT 1   [ RunTime:0.0023s ]
SQL: SELECT SUM(score) AS tp_sum FROM `it_tc` WHERE ( id=1501010130 ) LIMIT 1   [ RunTime:0.0023s ]
SQL: SELECT SUM(score) AS tp_sum FROM `it_tc` WHERE ( id=1501030001 ) LIMIT 1   [ RunTime:0.0035s ]
SQL: SELECT SUM(score) AS tp_sum FROM `it_tc` WHERE ( id=1501030002 ) LIMIT 1   [ RunTime:0.0032s ]
SQL: SELECT SUM(score) AS tp_sum FROM `it_tc` WHERE ( id=1501030003 ) LIMIT 1   [ RunTime:0.0028s ]
SQL: SELECT SUM(score) AS tp_sum FROM `it_tc` WHERE ( id=1501030004 ) LIMIT 1   [ RunTime:0.0025s ]
SQL: SELECT SUM(score) AS tp_sum FROM `it_tc` WHERE ( id=1501030005 ) LIMIT 1   [ RunTime:0.0023s ]
SQL: SELECT SUM(score) AS tp_sum FROM `it_tc` WHERE ( id=1501030006 ) LIMIT 1   [ RunTime:0.0026s ]
SQL: SELECT SUM(score) AS tp_sum FROM `it_tc` WHERE ( id=1501030011 ) LIMIT 1   [ RunTime:0.0023s ]
SQL: SELECT SUM(score) AS tp_sum FROM `it_tc` WHERE ( id=1501030012 ) LIMIT 1   [ RunTime:0.0023s ]
SQL: SELECT SUM(score) AS tp_sum FROM `it_tc` WHERE ( id=1501030014 ) LIMIT 1   [ RunTime:0.0023s ]
SQL: SELECT SUM(score) AS tp_sum FROM `it_tc` WHERE ( id=1501030015 ) LIMIT 1   [ RunTime:0.0033s ]
SQL: SELECT SUM(score) AS tp_sum FROM `it_tc` WHERE ( id=1501030016 ) LIMIT 1   [ RunTime:0.0029s ]
SQL: SELECT SUM(score) AS tp_sum FROM `it_tc` WHERE ( id=1501030020 ) LIMIT 1   [ RunTime:0.0027s ]
SQL: SELECT SUM(score) AS tp_sum FROM `it_tc` WHERE ( id=1501030021 ) LIMIT 1   [ RunTime:0.0026s ]
SQL: SELECT SUM(score) AS tp_sum FROM `it_tc` WHERE ( id=1501030023 ) LIMIT 1   [ RunTime:0.0025s ]
SQL: SELECT SUM(score) AS tp_sum FROM `it_tc` WHERE ( id=1501030024 ) LIMIT 1   [ RunTime:0.0027s ]
SQL: SELECT SUM(score) AS tp_sum FROM `it_tc` WHERE ( id=1501030025 ) LIMIT 1   [ RunTime:0.0027s ]
SQL: SELECT SUM(score) AS tp_sum FROM `it_tc` WHERE ( id=1501030026 ) LIMIT 1   [ RunTime:0.0026s ]
SQL: SELECT SUM(score) AS tp_sum FROM `it_tc` WHERE ( id=1501030028 ) LIMIT 1   [ RunTime:0.0034s ]
SQL: SELECT SUM(score) AS tp_sum FROM `it_tc` WHERE ( id=1501030031 ) LIMIT 1   [ RunTime:0.0029s ]
SQL: SELECT SUM(score) AS tp_sum FROM `it_tc` WHERE ( id=1501030032 ) LIMIT 1   [ RunTime:0.0028s ]
SQL: SELECT SUM(score) AS tp_sum FROM `it_tc` WHERE ( id=1501030034 ) LIMIT 1   [ RunTime:0.0026s ]
SQL: SELECT SUM(score) AS tp_sum FROM `it_tc` WHERE ( id=1501030035 ) LIMIT 1   [ RunTime:0.0023s ]
SQL: SELECT SUM(score) AS tp_sum FROM `it_tc` WHERE ( id=1501030036 ) LIMIT 1   [ RunTime:0.0024s ]
SQL: SELECT SUM(score) AS tp_sum FROM `it_tc` WHERE ( id=1501030037 ) LIMIT 1   [ RunTime:0.0023s ]
SQL: SELECT SUM(score) AS tp_sum FROM `it_tc` WHERE ( id=1501030038 ) LIMIT 1   [ RunTime:0.0028s ]
SQL: SELECT SUM(score) AS tp_sum FROM `it_tc` WHERE ( id=1501030039 ) LIMIT 1   [ RunTime:0.0027s ]
SQL: SELECT SUM(score) AS tp_sum FROM `it_tc` WHERE ( id=1501030043 ) LIMIT 1   [ RunTime:0.0023s ]
SQL: SELECT SUM(score) AS tp_sum FROM `it_tc` WHERE ( id=1501030044 ) LIMIT 1   [ RunTime:0.0023s ]
SQL: SELECT SUM(score) AS tp_sum FROM `it_tc` WHERE ( id=1501030049 ) LIMIT 1   [ RunTime:0.0023s ]
SQL: SELECT SUM(score) AS tp_sum FROM `it_tc` WHERE ( id=1501030050 ) LIMIT 1   [ RunTime:0.0023s ]
SQL: SELECT SUM(score) AS tp_sum FROM `it_tc` WHERE ( id=1501030052 ) LIMIT 1   [ RunTime:0.0024s ]
SQL: SELECT SUM(score) AS tp_sum FROM `it_tc` WHERE ( id=1501030053 ) LIMIT 1   [ RunTime:0.0023s ]
SQL: SELECT SUM(score) AS tp_sum FROM `it_tc` WHERE ( id=1501030054 ) LIMIT 1   [ RunTime:0.0023s ]
SQL: SELECT SUM(score) AS tp_sum FROM `it_tc` WHERE ( id=1501030055 ) LIMIT 1   [ RunTime:0.0026s ]
SQL: SELECT SUM(score) AS tp_sum FROM `it_tc` WHERE ( id=1501030058 ) LIMIT 1   [ RunTime:0.0028s ]
SQL: SELECT SUM(score) AS tp_sum FROM `it_tc` WHERE ( id=1501030060 ) LIMIT 1   [ RunTime:0.0028s ]
SQL: SELECT SUM(score) AS tp_sum FROM `it_tc` WHERE ( id=1501030061 ) LIMIT 1   [ RunTime:0.0028s ]
SQL: SELECT SUM(score) AS tp_sum FROM `it_tc` WHERE ( id=1501030062 ) LIMIT 1   [ RunTime:0.0023s ]
SQL: SELECT SUM(score) AS tp_sum FROM `it_tc` WHERE ( id=1501030063 ) LIMIT 1   [ RunTime:0.0023s ]
SQL: SELECT SUM(score) AS tp_sum FROM `it_tc` WHERE ( id=1501030064 ) LIMIT 1   [ RunTime:0.0024s ]
SQL: SELECT SUM(score) AS tp_sum FROM `it_tc` WHERE ( id=1501030065 ) LIMIT 1   [ RunTime:0.0026s ]
SQL: SELECT SUM(score) AS tp_sum FROM `it_tc` WHERE ( id=1501030066 ) LIMIT 1   [ RunTime:0.0035s ]
SQL: SELECT SUM(score) AS tp_sum FROM `it_tc` WHERE ( id=1501030067 ) LIMIT 1   [ RunTime:0.0026s ]
SQL: SELECT SUM(score) AS tp_sum FROM `it_tc` WHERE ( id=1501030068 ) LIMIT 1   [ RunTime:0.0025s ]
SQL: SELECT SUM(score) AS tp_sum FROM `it_tc` WHERE ( id=1501030069 ) LIMIT 1   [ RunTime:0.0025s ]
SQL: SELECT SUM(score) AS tp_sum FROM `it_tc` WHERE ( id=1501030070 ) LIMIT 1   [ RunTime:0.0023s ]
SQL: SELECT SUM(score) AS tp_sum FROM `it_tc` WHERE ( id=1501030071 ) LIMIT 1   [ RunTime:0.0028s ]
SQL: SELECT SUM(score) AS tp_sum FROM `it_tc` WHERE ( id=1501030073 ) LIMIT 1   [ RunTime:0.0024s ]
SQL: SELECT SUM(score) AS tp_sum FROM `it_tc` WHERE ( id=1501030074 ) LIMIT 1   [ RunTime:0.0024s ]
SQL: SELECT SUM(score) AS tp_sum FROM `it_tc` WHERE ( id=1501030076 ) LIMIT 1   [ RunTime:0.0026s ]
SQL: SELECT SUM(score) AS tp_sum FROM `it_tc` WHERE ( id=1501030078 ) LIMIT 1   [ RunTime:0.0023s ]
SQL: SELECT SUM(score) AS tp_sum FROM `it_tc` WHERE ( id=1501030079 ) LIMIT 1   [ RunTime:0.0023s ]
SQL: SELECT SUM(score) AS tp_sum FROM `it_tc` WHERE ( id=1501030080 ) LIMIT 1   [ RunTime:0.0030s ]
SQL: SELECT SUM(score) AS tp_sum FROM `it_tc` WHERE ( id=1501030081 ) LIMIT 1   [ RunTime:0.0028s ]
SQL: SELECT SUM(score) AS tp_sum FROM `it_tc` WHERE ( id=1501030082 ) LIMIT 1   [ RunTime:0.0025s ]
SQL: SELECT SUM(score) AS tp_sum FROM `it_tc` WHERE ( id=1501030084 ) LIMIT 1   [ RunTime:0.0023s ]
SQL: SELECT SUM(score) AS tp_sum FROM `it_tc` WHERE ( id=1501030086 ) LIMIT 1   [ RunTime:0.0026s ]
SQL: SELECT SUM(score) AS tp_sum FROM `it_tc` WHERE ( id=1501030087 ) LIMIT 1   [ RunTime:0.0025s ]
SQL: SELECT SUM(score) AS tp_sum FROM `it_tc` WHERE ( id=1501030088 ) LIMIT 1   [ RunTime:0.0024s ]
SQL: SELECT SUM(score) AS tp_sum FROM `it_tc` WHERE ( id=1501030089 ) LIMIT 1   [ RunTime:0.0024s ]
SQL: SELECT SUM(score) AS tp_sum FROM `it_tc` WHERE ( id=1501030092 ) LIMIT 1   [ RunTime:0.0024s ]
SQL: SELECT SUM(score) AS tp_sum FROM `it_tc` WHERE ( id=1501030093 ) LIMIT 1   [ RunTime:0.0033s ]
SQL: SELECT SUM(score) AS tp_sum FROM `it_tc` WHERE ( id=1501030094 ) LIMIT 1   [ RunTime:0.0028s ]
SQL: SELECT SUM(score) AS tp_sum FROM `it_tc` WHERE ( id=1501030095 ) LIMIT 1   [ RunTime:0.0023s ]
SQL: SELECT SUM(score) AS tp_sum FROM `it_tc` WHERE ( id=1501030096 ) LIMIT 1   [ RunTime:0.0026s ]
SQL: SELECT SUM(score) AS tp_sum FROM `it_tc` WHERE ( id=1501030098 ) LIMIT 1   [ RunTime:0.0024s ]
SQL: SELECT SUM(score) AS tp_sum FROM `it_tc` WHERE ( id=1501030100 ) LIMIT 1   [ RunTime:0.0023s ]
SQL: SELECT SUM(score) AS tp_sum FROM `it_tc` WHERE ( id=1501030102 ) LIMIT 1   [ RunTime:0.0028s ]
SQL: SELECT SUM(score) AS tp_sum FROM `it_tc` WHERE ( id=1501030103 ) LIMIT 1   [ RunTime:0.0024s ]
SQL: SELECT SUM(score) AS tp_sum FROM `it_tc` WHERE ( id=1501030104 ) LIMIT 1   [ RunTime:0.0023s ]
SQL: SELECT SUM(score) AS tp_sum FROM `it_tc` WHERE ( id=1501030105 ) LIMIT 1   [ RunTime:0.0024s ]
SQL: SELECT SUM(score) AS tp_sum FROM `it_tc` WHERE ( id=1501030106 ) LIMIT 1   [ RunTime:0.0023s ]
SQL: SELECT SUM(score) AS tp_sum FROM `it_tc` WHERE ( id=1501030107 ) LIMIT 1   [ RunTime:0.0023s ]
SQL: SELECT SUM(score) AS tp_sum FROM `it_tc` WHERE ( id=1501030108 ) LIMIT 1   [ RunTime:0.0028s ]
SQL: SELECT SUM(score) AS tp_sum FROM `it_tc` WHERE ( id=1501030109 ) LIMIT 1   [ RunTime:0.0026s ]
SQL: SELECT SUM(score) AS tp_sum FROM `it_tc` WHERE ( id=1501030111 ) LIMIT 1   [ RunTime:0.0027s ]
SQL: SELECT SUM(score) AS tp_sum FROM `it_tc` WHERE ( id=1501030112 ) LIMIT 1   [ RunTime:0.0023s ]
SQL: SELECT SUM(score) AS tp_sum FROM `it_tc` WHERE ( id=1501030113 ) LIMIT 1   [ RunTime:0.0025s ]
SQL: SELECT SUM(score) AS tp_sum FROM `it_tc` WHERE ( id=1501030114 ) LIMIT 1   [ RunTime:0.0030s ]
SQL: SELECT SUM(score) AS tp_sum FROM `it_tc` WHERE ( id=1501030116 ) LIMIT 1   [ RunTime:0.0023s ]
SQL: SELECT SUM(score) AS tp_sum FROM `it_tc` WHERE ( id=1501030117 ) LIMIT 1   [ RunTime:0.0026s ]
SQL: SELECT SUM(score) AS tp_sum FROM `it_tc` WHERE ( id=1501030118 ) LIMIT 1   [ RunTime:0.0024s ]
SQL: SELECT SUM(score) AS tp_sum FROM `it_tc` WHERE ( id=1501030121 ) LIMIT 1   [ RunTime:0.0024s ]
SQL: SELECT SUM(score) AS tp_sum FROM `it_tc` WHERE ( id=1501030122 ) LIMIT 1   [ RunTime:0.0027s ]
SQL: SELECT SUM(score) AS tp_sum FROM `it_tc` WHERE ( id=1501030125 ) LIMIT 1   [ RunTime:0.0023s ]
SQL: SELECT SUM(score) AS tp_sum FROM `it_tc` WHERE ( id=1501030126 ) LIMIT 1   [ RunTime:0.0023s ]
SQL: SELECT SUM(score) AS tp_sum FROM `it_tc` WHERE ( id=1501030127 ) LIMIT 1   [ RunTime:0.0024s ]
SQL: SELECT SUM(score) AS tp_sum FROM `it_tc` WHERE ( id=1501030128 ) LIMIT 1   [ RunTime:0.0028s ]
SQL: SELECT SUM(score) AS tp_sum FROM `it_tc` WHERE ( id=1501030129 ) LIMIT 1   [ RunTime:0.0030s ]
SQL: SELECT SUM(score) AS tp_sum FROM `it_tc` WHERE ( id=1501030132 ) LIMIT 1   [ RunTime:0.0026s ]
SQL: SELECT SUM(score) AS tp_sum FROM `it_tc` WHERE ( id=1501030133 ) LIMIT 1   [ RunTime:0.0023s ]
SQL: SELECT SUM(score) AS tp_sum FROM `it_tc` WHERE ( id=1501030134 ) LIMIT 1   [ RunTime:0.0025s ]
SQL: SELECT SUM(score) AS tp_sum FROM `it_tc` WHERE ( id=1501030135 ) LIMIT 1   [ RunTime:0.0023s ]
SQL: SELECT SUM(score) AS tp_sum FROM `it_tc` WHERE ( id=1501030137 ) LIMIT 1   [ RunTime:0.0035s ]
SQL: SELECT SUM(score) AS tp_sum FROM `it_tc` WHERE ( id=1501030138 ) LIMIT 1   [ RunTime:0.0028s ]
SQL: SELECT SUM(score) AS tp_sum FROM `it_tc` WHERE ( id=1501030139 ) LIMIT 1   [ RunTime:0.0028s ]
SQL: SELECT SUM(score) AS tp_sum FROM `it_tc` WHERE ( id=1501040001 ) LIMIT 1   [ RunTime:0.0032s ]
SQL: SELECT SUM(score) AS tp_sum FROM `it_tc` WHERE ( id=1501040004 ) LIMIT 1   [ RunTime:0.0026s ]
SQL: SELECT SUM(score) AS tp_sum FROM `it_tc` WHERE ( id=1501040005 ) LIMIT 1   [ RunTime:0.0031s ]
SQL: SELECT SUM(score) AS tp_sum FROM `it_tc` WHERE ( id=1501040006 ) LIMIT 1   [ RunTime:0.0026s ]
SQL: SELECT SUM(score) AS tp_sum FROM `it_tc` WHERE ( id=1501040007 ) LIMIT 1   [ RunTime:0.0026s ]
SQL: SELECT SUM(score) AS tp_sum FROM `it_tc` WHERE ( id=1501040008 ) LIMIT 1   [ RunTime:0.0026s ]
SQL: SELECT SUM(score) AS tp_sum FROM `it_tc` WHERE ( id=1501040009 ) LIMIT 1   [ RunTime:0.0027s ]
SQL: SELECT SUM(score) AS tp_sum FROM `it_tc` WHERE ( id=1501040011 ) LIMIT 1   [ RunTime:0.0039s ]
SQL: SELECT SUM(score) AS tp_sum FROM `it_tc` WHERE ( id=1501040013 ) LIMIT 1   [ RunTime:0.0024s ]
SQL: SELECT SUM(score) AS tp_sum FROM `it_tc` WHERE ( id=1501040015 ) LIMIT 1   [ RunTime:0.0030s ]
SQL: SELECT SUM(score) AS tp_sum FROM `it_tc` WHERE ( id=1501040019 ) LIMIT 1   [ RunTime:0.0027s ]
SQL: SELECT SUM(score) AS tp_sum FROM `it_tc` WHERE ( id=1501040020 ) LIMIT 1   [ RunTime:0.0036s ]
SQL: SELECT SUM(score) AS tp_sum FROM `it_tc` WHERE ( id=1501040021 ) LIMIT 1   [ RunTime:0.0025s ]
SQL: SELECT SUM(score) AS tp_sum FROM `it_tc` WHERE ( id=1501040022 ) LIMIT 1   [ RunTime:0.0026s ]
SQL: SELECT SUM(score) AS tp_sum FROM `it_tc` WHERE ( id=1501040023 ) LIMIT 1   [ RunTime:0.0026s ]
SQL: SELECT SUM(score) AS tp_sum FROM `it_tc` WHERE ( id=1501040027 ) LIMIT 1   [ RunTime:0.0026s ]
SQL: SELECT SUM(score) AS tp_sum FROM `it_tc` WHERE ( id=1501040030 ) LIMIT 1   [ RunTime:0.0027s ]
SQL: SELECT SUM(score) AS tp_sum FROM `it_tc` WHERE ( id=1501040036 ) LIMIT 1   [ RunTime:0.0025s ]
SQL: SELECT SUM(score) AS tp_sum FROM `it_tc` WHERE ( id=1501040042 ) LIMIT 1   [ RunTime:0.0025s ]
SQL: SELECT SUM(score) AS tp_sum FROM `it_tc` WHERE ( id=1501040043 ) LIMIT 1   [ RunTime:0.0027s ]
SQL: SELECT SUM(score) AS tp_sum FROM `it_tc` WHERE ( id=1501040048 ) LIMIT 1   [ RunTime:0.0026s ]
SQL: SELECT SUM(score) AS tp_sum FROM `it_tc` WHERE ( id=1501040052 ) LIMIT 1   [ RunTime:0.0027s ]
SQL: SELECT SUM(score) AS tp_sum FROM `it_tc` WHERE ( id=1501040054 ) LIMIT 1   [ RunTime:0.0027s ]
SQL: SELECT SUM(score) AS tp_sum FROM `it_tc` WHERE ( id=1501040055 ) LIMIT 1   [ RunTime:0.0026s ]
SQL: SELECT SUM(score) AS tp_sum FROM `it_tc` WHERE ( id=1501040056 ) LIMIT 1   [ RunTime:0.0024s ]
SQL: SELECT SUM(score) AS tp_sum FROM `it_tc` WHERE ( id=1501040057 ) LIMIT 1   [ RunTime:0.0029s ]
SQL: SELECT SUM(score) AS tp_sum FROM `it_tc` WHERE ( id=1501040058 ) LIMIT 1   [ RunTime:0.0025s ]
SQL: SELECT SUM(score) AS tp_sum FROM `it_tc` WHERE ( id=1501040059 ) LIMIT 1   [ RunTime:0.0030s ]
SQL: SELECT SUM(score) AS tp_sum FROM `it_tc` WHERE ( id=1501040061 ) LIMIT 1   [ RunTime:0.0024s ]
SQL: SELECT SUM(score) AS tp_sum FROM `it_tc` WHERE ( id=1501040062 ) LIMIT 1   [ RunTime:0.0023s ]
SQL: SELECT SUM(score) AS tp_sum FROM `it_tc` WHERE ( id=1501040065 ) LIMIT 1   [ RunTime:0.0024s ]
SQL: SELECT SUM(score) AS tp_sum FROM `it_tc` WHERE ( id=1501040066 ) LIMIT 1   [ RunTime:0.0028s ]
SQL: SELECT SUM(score) AS tp_sum FROM `it_tc` WHERE ( id=1501040069 ) LIMIT 1   [ RunTime:0.0024s ]
SQL: SELECT SUM(score) AS tp_sum FROM `it_tc` WHERE ( id=1501040070 ) LIMIT 1   [ RunTime:0.0024s ]
SQL: SELECT SUM(score) AS tp_sum FROM `it_tc` WHERE ( id=1501040073 ) LIMIT 1   [ RunTime:0.0023s ]
SQL: SELECT SUM(score) AS tp_sum FROM `it_tc` WHERE ( id=1501040074 ) LIMIT 1   [ RunTime:0.0024s ]
SQL: SELECT SUM(score) AS tp_sum FROM `it_tc` WHERE ( id=1501040075 ) LIMIT 1   [ RunTime:0.0024s ]
SQL: SELECT SUM(score) AS tp_sum FROM `it_tc` WHERE ( id=1501040078 ) LIMIT 1   [ RunTime:0.0028s ]
SQL: SELECT SUM(score) AS tp_sum FROM `it_tc` WHERE ( id=1501040081 ) LIMIT 1   [ RunTime:0.0026s ]
SQL: SELECT SUM(score) AS tp_sum FROM `it_tc` WHERE ( id=1501040082 ) LIMIT 1   [ RunTime:0.0027s ]
SQL: SELECT SUM(score) AS tp_sum FROM `it_tc` WHERE ( id=1501040084 ) LIMIT 1   [ RunTime:0.0023s ]
SQL: SELECT SUM(score) AS tp_sum FROM `it_tc` WHERE ( id=1501040085 ) LIMIT 1   [ RunTime:0.0023s ]
SQL: SELECT SUM(score) AS tp_sum FROM `it_tc` WHERE ( id=1501040089 ) LIMIT 1   [ RunTime:0.0025s ]
SQL: SELECT SUM(score) AS tp_sum FROM `it_tc` WHERE ( id=1501040092 ) LIMIT 1   [ RunTime:0.0023s ]
SQL: SELECT SUM(score) AS tp_sum FROM `it_tc` WHERE ( id=1501040093 ) LIMIT 1   [ RunTime:0.0025s ]
SQL: SELECT SUM(score) AS tp_sum FROM `it_tc` WHERE ( id=1501040094 ) LIMIT 1   [ RunTime:0.0026s ]
SQL: SELECT SUM(score) AS tp_sum FROM `it_tc` WHERE ( id=1501040095 ) LIMIT 1   [ RunTime:0.0024s ]
SQL: SELECT SUM(score) AS tp_sum FROM `it_tc` WHERE ( id=1501040096 ) LIMIT 1   [ RunTime:0.0029s ]
SQL: SELECT SUM(score) AS tp_sum FROM `it_tc` WHERE ( id=1501040098 ) LIMIT 1   [ RunTime:0.0027s ]
SQL: SELECT SUM(score) AS tp_sum FROM `it_tc` WHERE ( id=1501040099 ) LIMIT 1   [ RunTime:0.0026s ]
SQL: SELECT SUM(score) AS tp_sum FROM `it_tc` WHERE ( id=1501040101 ) LIMIT 1   [ RunTime:0.0023s ]
SQL: SELECT SUM(score) AS tp_sum FROM `it_tc` WHERE ( id=1501040102 ) LIMIT 1   [ RunTime:0.0023s ]
SQL: SELECT SUM(score) AS tp_sum FROM `it_tc` WHERE ( id=1501040103 ) LIMIT 1   [ RunTime:0.0031s ]
SQL: SELECT SUM(score) AS tp_sum FROM `it_tc` WHERE ( id=1501040105 ) LIMIT 1   [ RunTime:0.0023s ]
SQL: SELECT SUM(score) AS tp_sum FROM `it_tc` WHERE ( id=1501040106 ) LIMIT 1   [ RunTime:0.0026s ]
SQL: SELECT SUM(score) AS tp_sum FROM `it_tc` WHERE ( id=1501040107 ) LIMIT 1   [ RunTime:0.0027s ]
SQL: SELECT SUM(score) AS tp_sum FROM `it_tc` WHERE ( id=1501040108 ) LIMIT 1   [ RunTime:0.0025s ]
SQL: SELECT SUM(score) AS tp_sum FROM `it_tc` WHERE ( id=1501040109 ) LIMIT 1   [ RunTime:0.0027s ]
SQL: SELECT SUM(score) AS tp_sum FROM `it_tc` WHERE ( id=1501040113 ) LIMIT 1   [ RunTime:0.0027s ]
SQL: SELECT SUM(score) AS tp_sum FROM `it_tc` WHERE ( id=1501040114 ) LIMIT 1   [ RunTime:0.0031s ]
SQL: SELECT SUM(score) AS tp_sum FROM `it_tc` WHERE ( id=1501040115 ) LIMIT 1   [ RunTime:0.0024s ]
SQL: SELECT SUM(score) AS tp_sum FROM `it_tc` WHERE ( id=1501040116 ) LIMIT 1   [ RunTime:0.0026s ]
SQL: SELECT SUM(score) AS tp_sum FROM `it_tc` WHERE ( id=1501040118 ) LIMIT 1   [ RunTime:0.0023s ]
SQL: SELECT SUM(score) AS tp_sum FROM `it_tc` WHERE ( id=1501040121 ) LIMIT 1   [ RunTime:0.0027s ]
SQL: SELECT SUM(score) AS tp_sum FROM `it_tc` WHERE ( id=1501040123 ) LIMIT 1   [ RunTime:0.0027s ]
SQL: SELECT SUM(score) AS tp_sum FROM `it_tc` WHERE ( id=1501040125 ) LIMIT 1   [ RunTime:0.0023s ]
SQL: SELECT SUM(score) AS tp_sum FROM `it_tc` WHERE ( id=1501040126 ) LIMIT 1   [ RunTime:0.0026s ]
SQL: SELECT SUM(score) AS tp_sum FROM `it_tc` WHERE ( id=1501040127 ) LIMIT 1   [ RunTime:0.0023s ]
SQL: SELECT SUM(score) AS tp_sum FROM `it_tc` WHERE ( id=1501040128 ) LIMIT 1   [ RunTime:0.0029s ]
SQL: SELECT SUM(score) AS tp_sum FROM `it_tc` WHERE ( id=1501040129 ) LIMIT 1   [ RunTime:0.0028s ]
SQL: SELECT SUM(score) AS tp_sum FROM `it_tc` WHERE ( id=1501040130 ) LIMIT 1   [ RunTime:0.0023s ]
SQL: SELECT SUM(score) AS tp_sum FROM `it_tc` WHERE ( id=1501040131 ) LIMIT 1   [ RunTime:0.0030s ]
SQL: SELECT SUM(score) AS tp_sum FROM `it_tc` WHERE ( id=1501050001 ) LIMIT 1   [ RunTime:0.0024s ]
SQL: SELECT SUM(score) AS tp_sum FROM `it_tc` WHERE ( id=1501050002 ) LIMIT 1   [ RunTime:0.0024s ]
SQL: SELECT SUM(score) AS tp_sum FROM `it_tc` WHERE ( id=1501050005 ) LIMIT 1   [ RunTime:0.0024s ]
SQL: SELECT SUM(score) AS tp_sum FROM `it_tc` WHERE ( id=1501050007 ) LIMIT 1   [ RunTime:0.0024s ]
SQL: SELECT SUM(score) AS tp_sum FROM `it_tc` WHERE ( id=1501050008 ) LIMIT 1   [ RunTime:0.0033s ]
SQL: SELECT SUM(score) AS tp_sum FROM `it_tc` WHERE ( id=1501050009 ) LIMIT 1   [ RunTime:0.0027s ]
SQL: SELECT SUM(score) AS tp_sum FROM `it_tc` WHERE ( id=1501050010 ) LIMIT 1   [ RunTime:0.0038s ]
SQL: SELECT SUM(score) AS tp_sum FROM `it_tc` WHERE ( id=1501050011 ) LIMIT 1   [ RunTime:0.0023s ]
SQL: SELECT SUM(score) AS tp_sum FROM `it_tc` WHERE ( id=1501050012 ) LIMIT 1   [ RunTime:0.0030s ]
SQL: SELECT SUM(score) AS tp_sum FROM `it_tc` WHERE ( id=1501050013 ) LIMIT 1   [ RunTime:0.0024s ]
SQL: SELECT SUM(score) AS tp_sum FROM `it_tc` WHERE ( id=1501050014 ) LIMIT 1   [ RunTime:0.0023s ]
SQL: SELECT SUM(score) AS tp_sum FROM `it_tc` WHERE ( id=1501050015 ) LIMIT 1   [ RunTime:0.0029s ]
SQL: SELECT SUM(score) AS tp_sum FROM `it_tc` WHERE ( id=1501050016 ) LIMIT 1   [ RunTime:0.0025s ]
SQL: SELECT SUM(score) AS tp_sum FROM `it_tc` WHERE ( id=1501050021 ) LIMIT 1   [ RunTime:0.0029s ]
SQL: SELECT SUM(score) AS tp_sum FROM `it_tc` WHERE ( id=1501050023 ) LIMIT 1   [ RunTime:0.0025s ]
SQL: SELECT SUM(score) AS tp_sum FROM `it_tc` WHERE ( id=1501050024 ) LIMIT 1   [ RunTime:0.0027s ]
SQL: SELECT SUM(score) AS tp_sum FROM `it_tc` WHERE ( id=1501050025 ) LIMIT 1   [ RunTime:0.0024s ]
SQL: SELECT SUM(score) AS tp_sum FROM `it_tc` WHERE ( id=1501050026 ) LIMIT 1   [ RunTime:0.0035s ]
SQL: SELECT SUM(score) AS tp_sum FROM `it_tc` WHERE ( id=1501050027 ) LIMIT 1   [ RunTime:0.0029s ]
SQL: SELECT SUM(score) AS tp_sum FROM `it_tc` WHERE ( id=1501050029 ) LIMIT 1   [ RunTime:0.0026s ]
SQL: SELECT SUM(score) AS tp_sum FROM `it_tc` WHERE ( id=1501050030 ) LIMIT 1   [ RunTime:0.0030s ]
SQL: SELECT SUM(score) AS tp_sum FROM `it_tc` WHERE ( id=1501050031 ) LIMIT 1   [ RunTime:0.0024s ]
SQL: SELECT SUM(score) AS tp_sum FROM `it_tc` WHERE ( id=1501050032 ) LIMIT 1   [ RunTime:0.0028s ]
SQL: SELECT SUM(score) AS tp_sum FROM `it_tc` WHERE ( id=1501050034 ) LIMIT 1   [ RunTime:0.0024s ]
SQL: SELECT SUM(score) AS tp_sum FROM `it_tc` WHERE ( id=1501050035 ) LIMIT 1   [ RunTime:0.0026s ]
SQL: SELECT SUM(score) AS tp_sum FROM `it_tc` WHERE ( id=1501050037 ) LIMIT 1   [ RunTime:0.0026s ]
SQL: SELECT SUM(score) AS tp_sum FROM `it_tc` WHERE ( id=1501050038 ) LIMIT 1   [ RunTime:0.0024s ]
SQL: SELECT SUM(score) AS tp_sum FROM `it_tc` WHERE ( id=1501050039 ) LIMIT 1   [ RunTime:0.0024s ]
SQL: SELECT SUM(score) AS tp_sum FROM `it_tc` WHERE ( id=1501050040 ) LIMIT 1   [ RunTime:0.0025s ]
SQL: SELECT SUM(score) AS tp_sum FROM `it_tc` WHERE ( id=1501050041 ) LIMIT 1   [ RunTime:0.0024s ]
SQL: SELECT SUM(score) AS tp_sum FROM `it_tc` WHERE ( id=1501050042 ) LIMIT 1   [ RunTime:0.0036s ]
SQL: SELECT SUM(score) AS tp_sum FROM `it_tc` WHERE ( id=1501050043 ) LIMIT 1   [ RunTime:0.0027s ]
SQL: SELECT SUM(score) AS tp_sum FROM `it_tc` WHERE ( id=1501050044 ) LIMIT 1   [ RunTime:0.0023s ]
SQL: SELECT SUM(score) AS tp_sum FROM `it_tc` WHERE ( id=1501050045 ) LIMIT 1   [ RunTime:0.0029s ]
SQL: SELECT SUM(score) AS tp_sum FROM `it_tc` WHERE ( id=1501050046 ) LIMIT 1   [ RunTime:0.0026s ]
SQL: SELECT SUM(score) AS tp_sum FROM `it_tc` WHERE ( id=1501050048 ) LIMIT 1   [ RunTime:0.0026s ]
SQL: SELECT SUM(score) AS tp_sum FROM `it_tc` WHERE ( id=1501050049 ) LIMIT 1   [ RunTime:0.0031s ]
SQL: SELECT SUM(score) AS tp_sum FROM `it_tc` WHERE ( id=1501050050 ) LIMIT 1   [ RunTime:0.0025s ]
SQL: SELECT SUM(score) AS tp_sum FROM `it_tc` WHERE ( id=1501050051 ) LIMIT 1   [ RunTime:0.0023s ]
SQL: SELECT SUM(score) AS tp_sum FROM `it_tc` WHERE ( id=1501050052 ) LIMIT 1   [ RunTime:0.0023s ]
SQL: SELECT SUM(score) AS tp_sum FROM `it_tc` WHERE ( id=1501050053 ) LIMIT 1   [ RunTime:0.0028s ]
SQL: SELECT SUM(score) AS tp_sum FROM `it_tc` WHERE ( id=1501050054 ) LIMIT 1   [ RunTime:0.0025s ]
SQL: SELECT SUM(score) AS tp_sum FROM `it_tc` WHERE ( id=1501050055 ) LIMIT 1   [ RunTime:0.0023s ]
SQL: SELECT SUM(score) AS tp_sum FROM `it_tc` WHERE ( id=1501050057 ) LIMIT 1   [ RunTime:0.0023s ]
SQL: SELECT SUM(score) AS tp_sum FROM `it_tc` WHERE ( id=1501050060 ) LIMIT 1   [ RunTime:0.0026s ]
SQL: SELECT SUM(score) AS tp_sum FROM `it_tc` WHERE ( id=1501050061 ) LIMIT 1   [ RunTime:0.0031s ]
SQL: SELECT SUM(score) AS tp_sum FROM `it_tc` WHERE ( id=1501050062 ) LIMIT 1   [ RunTime:0.0028s ]
SQL: SELECT SUM(score) AS tp_sum FROM `it_tc` WHERE ( id=1501050064 ) LIMIT 1   [ RunTime:0.0025s ]
SQL: SELECT SUM(score) AS tp_sum FROM `it_tc` WHERE ( id=1501050066 ) LIMIT 1   [ RunTime:0.0024s ]
SQL: SELECT SUM(score) AS tp_sum FROM `it_tc` WHERE ( id=1501050067 ) LIMIT 1   [ RunTime:0.0024s ]
SQL: SELECT SUM(score) AS tp_sum FROM `it_tc` WHERE ( id=1501050068 ) LIMIT 1   [ RunTime:0.0024s ]
SQL: SELECT SUM(score) AS tp_sum FROM `it_tc` WHERE ( id=1501050069 ) LIMIT 1   [ RunTime:0.0025s ]
SQL: SELECT SUM(score) AS tp_sum FROM `it_tc` WHERE ( id=1501050070 ) LIMIT 1   [ RunTime:0.0028s ]
SQL: SELECT SUM(score) AS tp_sum FROM `it_tc` WHERE ( id=1501050071 ) LIMIT 1   [ RunTime:0.0025s ]
SQL: SELECT SUM(score) AS tp_sum FROM `it_tc` WHERE ( id=1501050072 ) LIMIT 1   [ RunTime:0.0023s ]
SQL: SELECT SUM(score) AS tp_sum FROM `it_tc` WHERE ( id=1501050074 ) LIMIT 1   [ RunTime:0.0023s ]
SQL: SELECT SUM(score) AS tp_sum FROM `it_tc` WHERE ( id=1501050076 ) LIMIT 1   [ RunTime:0.0027s ]
SQL: SELECT SUM(score) AS tp_sum FROM `it_tc` WHERE ( id=1501050077 ) LIMIT 1   [ RunTime:0.0023s ]
SQL: SELECT SUM(score) AS tp_sum FROM `it_tc` WHERE ( id=1501050078 ) LIMIT 1   [ RunTime:0.0023s ]
SQL: SELECT SUM(score) AS tp_sum FROM `it_tc` WHERE ( id=1501050079 ) LIMIT 1   [ RunTime:0.0023s ]
SQL: SELECT SUM(score) AS tp_sum FROM `it_tc` WHERE ( id=1501050080 ) LIMIT 1   [ RunTime:0.0028s ]
SQL: SELECT SUM(score) AS tp_sum FROM `it_tc` WHERE ( id=1501050081 ) LIMIT 1   [ RunTime:0.0027s ]
SQL: SELECT SUM(score) AS tp_sum FROM `it_tc` WHERE ( id=1501050083 ) LIMIT 1   [ RunTime:0.0023s ]
SQL: SELECT SUM(score) AS tp_sum FROM `it_tc` WHERE ( id=1501050084 ) LIMIT 1   [ RunTime:0.0023s ]
SQL: SELECT SUM(score) AS tp_sum FROM `it_tc` WHERE ( id=1501050085 ) LIMIT 1   [ RunTime:0.0023s ]
SQL: SELECT SUM(score) AS tp_sum FROM `it_tc` WHERE ( id=1501050086 ) LIMIT 1   [ RunTime:0.0023s ]
SQL: SELECT SUM(score) AS tp_sum FROM `it_tc` WHERE ( id=1501050087 ) LIMIT 1   [ RunTime:0.0024s ]
SQL: SELECT SUM(score) AS tp_sum FROM `it_tc` WHERE ( id=1501050088 ) LIMIT 1   [ RunTime:0.0029s ]
SQL: SELECT SUM(score) AS tp_sum FROM `it_tc` WHERE ( id=1501050089 ) LIMIT 1   [ RunTime:0.0029s ]
SQL: SELECT SUM(score) AS tp_sum FROM `it_tc` WHERE ( id=1501050090 ) LIMIT 1   [ RunTime:0.0031s ]
SQL: SELECT SUM(score) AS tp_sum FROM `it_tc` WHERE ( id=1501070001 ) LIMIT 1   [ RunTime:0.0026s ]
SQL: SELECT SUM(score) AS tp_sum FROM `it_tc` WHERE ( id=1501070005 ) LIMIT 1   [ RunTime:0.0024s ]
SQL: SELECT SUM(score) AS tp_sum FROM `it_tc` WHERE ( id=1501070007 ) LIMIT 1   [ RunTime:0.0025s ]
SQL: SELECT SUM(score) AS tp_sum FROM `it_tc` WHERE ( id=1501070011 ) LIMIT 1   [ RunTime:0.0024s ]
SQL: SELECT SUM(score) AS tp_sum FROM `it_tc` WHERE ( id=1501070012 ) LIMIT 1   [ RunTime:0.0024s ]
SQL: SELECT SUM(score) AS tp_sum FROM `it_tc` WHERE ( id=1501070016 ) LIMIT 1   [ RunTime:0.0023s ]
SQL: SELECT SUM(score) AS tp_sum FROM `it_tc` WHERE ( id=1501070017 ) LIMIT 1   [ RunTime:0.0023s ]
SQL: SELECT SUM(score) AS tp_sum FROM `it_tc` WHERE ( id=1501070018 ) LIMIT 1   [ RunTime:0.0027s ]
SQL: SELECT SUM(score) AS tp_sum FROM `it_tc` WHERE ( id=1501070019 ) LIMIT 1   [ RunTime:0.0026s ]
SQL: SELECT SUM(score) AS tp_sum FROM `it_tc` WHERE ( id=1501070022 ) LIMIT 1   [ RunTime:0.0023s ]
SQL: SELECT SUM(score) AS tp_sum FROM `it_tc` WHERE ( id=1501070025 ) LIMIT 1   [ RunTime:0.0024s ]
SQL: SELECT SUM(score) AS tp_sum FROM `it_tc` WHERE ( id=1501070031 ) LIMIT 1   [ RunTime:0.0026s ]
SQL: SELECT SUM(score) AS tp_sum FROM `it_tc` WHERE ( id=1501070032 ) LIMIT 1   [ RunTime:0.0027s ]
SQL: SELECT SUM(score) AS tp_sum FROM `it_tc` WHERE ( id=1501070034 ) LIMIT 1   [ RunTime:0.0026s ]
SQL: SELECT SUM(score) AS tp_sum FROM `it_tc` WHERE ( id=1501070038 ) LIMIT 1   [ RunTime:0.0025s ]
SQL: SELECT SUM(score) AS tp_sum FROM `it_tc` WHERE ( id=1501070040 ) LIMIT 1   [ RunTime:0.0035s ]
SQL: SELECT SUM(score) AS tp_sum FROM `it_tc` WHERE ( id=1501070041 ) LIMIT 1   [ RunTime:0.0027s ]
SQL: SELECT SUM(score) AS tp_sum FROM `it_tc` WHERE ( id=1501070044 ) LIMIT 1   [ RunTime:0.0028s ]
SQL: SELECT SUM(score) AS tp_sum FROM `it_tc` WHERE ( id=1501070046 ) LIMIT 1   [ RunTime:0.0027s ]
SQL: SELECT SUM(score) AS tp_sum FROM `it_tc` WHERE ( id=1501070049 ) LIMIT 1   [ RunTime:0.0024s ]
SQL: SELECT SUM(score) AS tp_sum FROM `it_tc` WHERE ( id=1501070050 ) LIMIT 1   [ RunTime:0.0023s ]
SQL: SELECT SUM(score) AS tp_sum FROM `it_tc` WHERE ( id=1501070052 ) LIMIT 1   [ RunTime:0.0024s ]
SQL: SELECT SUM(score) AS tp_sum FROM `it_tc` WHERE ( id=1501070054 ) LIMIT 1   [ RunTime:0.0023s ]
SQL: SELECT SUM(score) AS tp_sum FROM `it_tc` WHERE ( id=1501070056 ) LIMIT 1   [ RunTime:0.0032s ]
SQL: SELECT SUM(score) AS tp_sum FROM `it_tc` WHERE ( id=1501070057 ) LIMIT 1   [ RunTime:0.0024s ]
SQL: SELECT SUM(score) AS tp_sum FROM `it_tc` WHERE ( id=1501070058 ) LIMIT 1   [ RunTime:0.0023s ]
SQL: SELECT SUM(score) AS tp_sum FROM `it_tc` WHERE ( id=1501070059 ) LIMIT 1   [ RunTime:0.0025s ]
SQL: SELECT SUM(score) AS tp_sum FROM `it_tc` WHERE ( id=1501070060 ) LIMIT 1   [ RunTime:0.0023s ]
SQL: SELECT SUM(score) AS tp_sum FROM `it_tc` WHERE ( id=1501070063 ) LIMIT 1   [ RunTime:0.0024s ]
SQL: SELECT SUM(score) AS tp_sum FROM `it_tc` WHERE ( id=1501070064 ) LIMIT 1   [ RunTime:0.0027s ]
SQL: SELECT SUM(score) AS tp_sum FROM `it_tc` WHERE ( id=1501070065 ) LIMIT 1   [ RunTime:0.0024s ]
SQL: SELECT SUM(score) AS tp_sum FROM `it_tc` WHERE ( id=1501070066 ) LIMIT 1   [ RunTime:0.0024s ]
SQL: SELECT SUM(score) AS tp_sum FROM `it_tc` WHERE ( id=1501070067 ) LIMIT 1   [ RunTime:0.0023s ]
SQL: SELECT SUM(score) AS tp_sum FROM `it_tc` WHERE ( id=1501070070 ) LIMIT 1   [ RunTime:0.0023s ]
SQL: SELECT SUM(score) AS tp_sum FROM `it_tc` WHERE ( id=1511030008 ) LIMIT 1   [ RunTime:0.0027s ]
SQL: SELECT SUM(score) AS tp_sum FROM `it_tc` WHERE ( id=1511030027 ) LIMIT 1   [ RunTime:0.0024s ]
SQL: SELECT SUM(score) AS tp_sum FROM `it_tc` WHERE ( id=1511030028 ) LIMIT 1   [ RunTime:0.0023s ]
SQL: SELECT SUM(score) AS tp_sum FROM `it_tc` WHERE ( id=1511030134 ) LIMIT 1   [ RunTime:0.0024s ]
SQL: SELECT SUM(score) AS tp_sum FROM `it_tc` WHERE ( id=1518010043 ) LIMIT 1   [ RunTime:0.0026s ]
SQL: SELECT SUM(score) AS tp_sum FROM `it_tc` WHERE ( id=1518060021 ) LIMIT 1   [ RunTime:0.0026s ]
SQL: SELECT SUM(score) AS tp_sum FROM `it_tc` WHERE ( id=1520070007 ) LIMIT 1   [ RunTime:0.0032s ]
SQL: SELECT SUM(score) AS tp_sum FROM `it_tc` WHERE ( id=1536976424 ) LIMIT 1   [ RunTime:0.0028s ]
SQL: SELECT SUM(score) AS tp_sum FROM `it_tc` WHERE ( id=1582059561 ) LIMIT 1   [ RunTime:0.0026s ]

[ 2016-11-19T23:36:31+08:00 ] ::1 /xsh/index.php/Admin/Tc/Index.html
INFO: [ app_init ] --START--
INFO: Run Behavior\BuildLiteBehavior [ RunTime:0.000054s ]
INFO: [ app_init ] --END-- [ RunTime:0.001230s ]
INFO: [ app_begin ] --START--
INFO: Run Behavior\ReadHtmlCacheBehavior [ RunTime:0.001008s ]
INFO: [ app_begin ] --END-- [ RunTime:0.001090s ]
SQL: SHOW COLUMNS FROM `it_kjxs` [ RunTime:0.0037s ]
SQL: SELECT COUNT(*) AS tp_count FROM `it_kjxs` LIMIT 1   [ RunTime:0.0012s ]
SQL: SELECT * FROM `it_kjxs` ORDER BY id DESC LIMIT 0,15   [ RunTime:0.0003s ]
INFO: [ view_parse ] --START--
INFO: [ template_filter ] --START--
INFO: Run Behavior\ContentReplaceBehavior [ RunTime:0.000102s ]
INFO: [ template_filter ] --END-- [ RunTime:0.000178s ]
INFO: Run Behavior\ParseTemplateBehavior [ RunTime:0.017590s ]
INFO: [ view_parse ] --END-- [ RunTime:0.017659s ]
INFO: [ view_filter ] --START--
INFO: Run Behavior\WriteHtmlCacheBehavior [ RunTime:0.000449s ]
INFO: [ view_filter ] --END-- [ RunTime:0.000517s ]
INFO: [ app_end ] --START--
INFO: Run Behavior\ShowPageTraceBehavior [ RunTime:0.001078s ]
INFO: [ app_end ] --END-- [ RunTime:0.001177s ]

[ 2016-11-19T15:36:38+00:00 ] ::1 /xsh/index.php/Admin/Tc/excel_runexport.html
INFO: [ app_init ] --START--
INFO: Run Behavior\BuildLiteBehavior [ RunTime:0.000028s ]
INFO: [ app_init ] --END-- [ RunTime:0.000541s ]
INFO: [ app_begin ] --START--
INFO: Run Behavior\ReadHtmlCacheBehavior [ RunTime:0.000900s ]
INFO: [ app_begin ] --END-- [ RunTime:0.001081s ]
SQL: SHOW COLUMNS FROM `it_tc` [ RunTime:0.0093s ]
SQL: SELECT * FROM `it_tc` WHERE `id` LIKE '14%' ORDER BY id  [ RunTime:0.0112s ]
NOTIC: [8] Undefined variable: rid /Applications/MAMP/htdocs/xsh/Application/Admin/Controller/TcController.class.php 第 210 行.
SQL: SELECT SUM(score) AS tp_sum FROM `it_tc` WHERE ( id=140101082 ) LIMIT 1   [ RunTime:0.0029s ]
SQL: SELECT SUM(score) AS tp_sum FROM `it_tc` WHERE ( id=140130064 ) LIMIT 1   [ RunTime:0.0033s ]
SQL: SELECT SUM(score) AS tp_sum FROM `it_tc` WHERE ( id=1401010002 ) LIMIT 1   [ RunTime:0.0025s ]
SQL: SELECT SUM(score) AS tp_sum FROM `it_tc` WHERE ( id=1401010003 ) LIMIT 1   [ RunTime:0.0024s ]
SQL: SELECT SUM(score) AS tp_sum FROM `it_tc` WHERE ( id=1401010009 ) LIMIT 1   [ RunTime:0.0023s ]
SQL: SELECT SUM(score) AS tp_sum FROM `it_tc` WHERE ( id=1401010014 ) LIMIT 1   [ RunTime:0.0023s ]
SQL: SELECT SUM(score) AS tp_sum FROM `it_tc` WHERE ( id=1401010018 ) LIMIT 1   [ RunTime:0.0036s ]
SQL: SELECT SUM(score) AS tp_sum FROM `it_tc` WHERE ( id=1401010026 ) LIMIT 1   [ RunTime:0.0026s ]
SQL: SELECT SUM(score) AS tp_sum FROM `it_tc` WHERE ( id=1401010029 ) LIMIT 1   [ RunTime:0.0023s ]
SQL: SELECT SUM(score) AS tp_sum FROM `it_tc` WHERE ( id=1401010032 ) LIMIT 1   [ RunTime:0.0024s ]
SQL: SELECT SUM(score) AS tp_sum FROM `it_tc` WHERE ( id=1401010035 ) LIMIT 1   [ RunTime:0.0023s ]
SQL: SELECT SUM(score) AS tp_sum FROM `it_tc` WHERE ( id=1401010036 ) LIMIT 1   [ RunTime:0.0026s ]
SQL: SELECT SUM(score) AS tp_sum FROM `it_tc` WHERE ( id=1401010042 ) LIMIT 1   [ RunTime:0.0024s ]
SQL: SELECT SUM(score) AS tp_sum FROM `it_tc` WHERE ( id=1401010043 ) LIMIT 1   [ RunTime:0.0023s ]
SQL: SELECT SUM(score) AS tp_sum FROM `it_tc` WHERE ( id=1401010044 ) LIMIT 1   [ RunTime:0.0023s ]
SQL: SELECT SUM(score) AS tp_sum FROM `it_tc` WHERE ( id=1401010046 ) LIMIT 1   [ RunTime:0.0027s ]
SQL: SELECT SUM(score) AS tp_sum FROM `it_tc` WHERE ( id=1401010047 ) LIMIT 1   [ RunTime:0.0027s ]
SQL: SELECT SUM(score) AS tp_sum FROM `it_tc` WHERE ( id=1401010049 ) LIMIT 1   [ RunTime:0.0027s ]
SQL: SELECT SUM(score) AS tp_sum FROM `it_tc` WHERE ( id=1401010050 ) LIMIT 1   [ RunTime:0.0024s ]
SQL: SELECT SUM(score) AS tp_sum FROM `it_tc` WHERE ( id=1401010051 ) LIMIT 1   [ RunTime:0.0024s ]
SQL: SELECT SUM(score) AS tp_sum FROM `it_tc` WHERE ( id=1401010053 ) LIMIT 1   [ RunTime:0.0023s ]
SQL: SELECT SUM(score) AS tp_sum FROM `it_tc` WHERE ( id=1401010055 ) LIMIT 1   [ RunTime:0.0023s ]
SQL: SELECT SUM(score) AS tp_sum FROM `it_tc` WHERE ( id=1401010057 ) LIMIT 1   [ RunTime:0.0025s ]
SQL: SELECT SUM(score) AS tp_sum FROM `it_tc` WHERE ( id=1401010064 ) LIMIT 1   [ RunTime:0.0026s ]
SQL: SELECT SUM(score) AS tp_sum FROM `it_tc` WHERE ( id=1401010069 ) LIMIT 1   [ RunTime:0.0028s ]
SQL: SELECT SUM(score) AS tp_sum FROM `it_tc` WHERE ( id=1401010076 ) LIMIT 1   [ RunTime:0.0025s ]
SQL: SELECT SUM(score) AS tp_sum FROM `it_tc` WHERE ( id=1401010079 ) LIMIT 1   [ RunTime:0.0033s ]
SQL: SELECT SUM(score) AS tp_sum FROM `it_tc` WHERE ( id=1401010080 ) LIMIT 1   [ RunTime:0.0029s ]
SQL: SELECT SUM(score) AS tp_sum FROM `it_tc` WHERE ( id=1401010081 ) LIMIT 1   [ RunTime:0.0023s ]
SQL: SELECT SUM(score) AS tp_sum FROM `it_tc` WHERE ( id=1401010082 ) LIMIT 1   [ RunTime:0.0023s ]
SQL: SELECT SUM(score) AS tp_sum FROM `it_tc` WHERE ( id=1401010086 ) LIMIT 1   [ RunTime:0.0026s ]
SQL: SELECT SUM(score) AS tp_sum FROM `it_tc` WHERE ( id=1401010088 ) LIMIT 1   [ RunTime:0.0026s ]
SQL: SELECT SUM(score) AS tp_sum FROM `it_tc` WHERE ( id=1401010089 ) LIMIT 1   [ RunTime:0.0023s ]
SQL: SELECT SUM(score) AS tp_sum FROM `it_tc` WHERE ( id=1401010092 ) LIMIT 1   [ RunTime:0.0023s ]
SQL: SELECT SUM(score) AS tp_sum FROM `it_tc` WHERE ( id=1401010093 ) LIMIT 1   [ RunTime:0.0023s ]
SQL: SELECT SUM(score) AS tp_sum FROM `it_tc` WHERE ( id=1401010099 ) LIMIT 1   [ RunTime:0.0024s ]
SQL: SELECT SUM(score) AS tp_sum FROM `it_tc` WHERE ( id=1401010101 ) LIMIT 1   [ RunTime:0.0023s ]
SQL: SELECT SUM(score) AS tp_sum FROM `it_tc` WHERE ( id=1401010103 ) LIMIT 1   [ RunTime:0.0030s ]
SQL: SELECT SUM(score) AS tp_sum FROM `it_tc` WHERE ( id=1401010105 ) LIMIT 1   [ RunTime:0.0027s ]
SQL: SELECT SUM(score) AS tp_sum FROM `it_tc` WHERE ( id=1401010106 ) LIMIT 1   [ RunTime:0.0025s ]
SQL: SELECT SUM(score) AS tp_sum FROM `it_tc` WHERE ( id=1401010107 ) LIMIT 1   [ RunTime:0.0025s ]
SQL: SELECT SUM(score) AS tp_sum FROM `it_tc` WHERE ( id=1401010110 ) LIMIT 1   [ RunTime:0.0023s ]
SQL: SELECT SUM(score) AS tp_sum FROM `it_tc` WHERE ( id=1401010111 ) LIMIT 1   [ RunTime:0.0028s ]
SQL: SELECT SUM(score) AS tp_sum FROM `it_tc` WHERE ( id=1401010112 ) LIMIT 1   [ RunTime:0.0026s ]
SQL: SELECT SUM(score) AS tp_sum FROM `it_tc` WHERE ( id=1401010115 ) LIMIT 1   [ RunTime:0.0023s ]
SQL: SELECT SUM(score) AS tp_sum FROM `it_tc` WHERE ( id=1401010118 ) LIMIT 1   [ RunTime:0.0023s ]
SQL: SELECT SUM(score) AS tp_sum FROM `it_tc` WHERE ( id=1401010119 ) LIMIT 1   [ RunTime:0.0024s ]
SQL: SELECT SUM(score) AS tp_sum FROM `it_tc` WHERE ( id=1401010120 ) LIMIT 1   [ RunTime:0.0040s ]
SQL: SELECT SUM(score) AS tp_sum FROM `it_tc` WHERE ( id=1401010122 ) LIMIT 1   [ RunTime:0.0026s ]
SQL: SELECT SUM(score) AS tp_sum FROM `it_tc` WHERE ( id=1401010126 ) LIMIT 1   [ RunTime:0.0023s ]
SQL: SELECT SUM(score) AS tp_sum FROM `it_tc` WHERE ( id=1401010127 ) LIMIT 1   [ RunTime:0.0023s ]
SQL: SELECT SUM(score) AS tp_sum FROM `it_tc` WHERE ( id=1401010128 ) LIMIT 1   [ RunTime:0.0023s ]
SQL: SELECT SUM(score) AS tp_sum FROM `it_tc` WHERE ( id=1401010129 ) LIMIT 1   [ RunTime:0.0023s ]
SQL: SELECT SUM(score) AS tp_sum FROM `it_tc` WHERE ( id=1401010130 ) LIMIT 1   [ RunTime:0.0031s ]
SQL: SELECT SUM(score) AS tp_sum FROM `it_tc` WHERE ( id=1401030001 ) LIMIT 1   [ RunTime:0.0025s ]
SQL: SELECT SUM(score) AS tp_sum FROM `it_tc` WHERE ( id=1401030004 ) LIMIT 1   [ RunTime:0.0023s ]
SQL: SELECT SUM(score) AS tp_sum FROM `it_tc` WHERE ( id=1401030006 ) LIMIT 1   [ RunTime:0.0023s ]
SQL: SELECT SUM(score) AS tp_sum FROM `it_tc` WHERE ( id=1401030007 ) LIMIT 1   [ RunTime:0.0024s ]
SQL: SELECT SUM(score) AS tp_sum FROM `it_tc` WHERE ( id=1401030008 ) LIMIT 1   [ RunTime:0.0024s ]
SQL: SELECT SUM(score) AS tp_sum FROM `it_tc` WHERE ( id=1401030009 ) LIMIT 1   [ RunTime:0.0023s ]
SQL: SELECT SUM(score) AS tp_sum FROM `it_tc` WHERE ( id=1401030012 ) LIMIT 1   [ RunTime:0.0027s ]
SQL: SELECT SUM(score) AS tp_sum FROM `it_tc` WHERE ( id=1401030013 ) LIMIT 1   [ RunTime:0.0026s ]
SQL: SELECT SUM(score) AS tp_sum FROM `it_tc` WHERE ( id=1401030015 ) LIMIT 1   [ RunTime:0.0023s ]
SQL: SELECT SUM(score) AS tp_sum FROM `it_tc` WHERE ( id=1401030016 ) LIMIT 1   [ RunTime:0.0025s ]
SQL: SELECT SUM(score) AS tp_sum FROM `it_tc` WHERE ( id=1401030018 ) LIMIT 1   [ RunTime:0.0027s ]
SQL: SELECT SUM(score) AS tp_sum FROM `it_tc` WHERE ( id=1401030020 ) LIMIT 1   [ RunTime:0.0023s ]
SQL: SELECT SUM(score) AS tp_sum FROM `it_tc` WHERE ( id=1401030022 ) LIMIT 1   [ RunTime:0.0024s ]
SQL: SELECT SUM(score) AS tp_sum FROM `it_tc` WHERE ( id=1401030023 ) LIMIT 1   [ RunTime:0.0024s ]
SQL: SELECT SUM(score) AS tp_sum FROM `it_tc` WHERE ( id=1401030024 ) LIMIT 1   [ RunTime:0.0023s ]
SQL: SELECT SUM(score) AS tp_sum FROM `it_tc` WHERE ( id=1401030025 ) LIMIT 1   [ RunTime:0.0023s ]
SQL: SELECT SUM(score) AS tp_sum FROM `it_tc` WHERE ( id=1401030027 ) LIMIT 1   [ RunTime:0.0023s ]
SQL: SELECT SUM(score) AS tp_sum FROM `it_tc` WHERE ( id=1401030028 ) LIMIT 1   [ RunTime:0.0026s ]
SQL: SELECT SUM(score) AS tp_sum FROM `it_tc` WHERE ( id=1401030033 ) LIMIT 1   [ RunTime:0.0027s ]
SQL: SELECT SUM(score) AS tp_sum FROM `it_tc` WHERE ( id=1401030034 ) LIMIT 1   [ RunTime:0.0025s ]
SQL: SELECT SUM(score) AS tp_sum FROM `it_tc` WHERE ( id=1401030036 ) LIMIT 1   [ RunTime:0.0029s ]
SQL: SELECT SUM(score) AS tp_sum FROM `it_tc` WHERE ( id=1401030038 ) LIMIT 1   [ RunTime:0.0024s ]
SQL: SELECT SUM(score) AS tp_sum FROM `it_tc` WHERE ( id=1401030039 ) LIMIT 1   [ RunTime:0.0023s ]
SQL: SELECT SUM(score) AS tp_sum FROM `it_tc` WHERE ( id=1401030040 ) LIMIT 1   [ RunTime:0.0024s ]
SQL: SELECT SUM(score) AS tp_sum FROM `it_tc` WHERE ( id=1401030041 ) LIMIT 1   [ RunTime:0.0023s ]
SQL: SELECT SUM(score) AS tp_sum FROM `it_tc` WHERE ( id=1401030044 ) LIMIT 1   [ RunTime:0.0023s ]
SQL: SELECT SUM(score) AS tp_sum FROM `it_tc` WHERE ( id=1401030045 ) LIMIT 1   [ RunTime:0.0023s ]
SQL: SELECT SUM(score) AS tp_sum FROM `it_tc` WHERE ( id=1401030046 ) LIMIT 1   [ RunTime:0.0023s ]
SQL: SELECT SUM(score) AS tp_sum FROM `it_tc` WHERE ( id=1401030047 ) LIMIT 1   [ RunTime:0.0023s ]
SQL: SELECT SUM(score) AS tp_sum FROM `it_tc` WHERE ( id=1401030048 ) LIMIT 1   [ RunTime:0.0025s ]
SQL: SELECT SUM(score) AS tp_sum FROM `it_tc` WHERE ( id=1401030050 ) LIMIT 1   [ RunTime:0.0046s ]
SQL: SELECT SUM(score) AS tp_sum FROM `it_tc` WHERE ( id=1401030053 ) LIMIT 1   [ RunTime:0.0025s ]
SQL: SELECT SUM(score) AS tp_sum FROM `it_tc` WHERE ( id=1401030054 ) LIMIT 1   [ RunTime:0.0025s ]
SQL: SELECT SUM(score) AS tp_sum FROM `it_tc` WHERE ( id=1401030055 ) LIMIT 1   [ RunTime:0.0023s ]
SQL: SELECT SUM(score) AS tp_sum FROM `it_tc` WHERE ( id=1401030056 ) LIMIT 1   [ RunTime:0.0023s ]
SQL: SELECT SUM(score) AS tp_sum FROM `it_tc` WHERE ( id=1401030057 ) LIMIT 1   [ RunTime:0.0022s ]
SQL: SELECT SUM(score) AS tp_sum FROM `it_tc` WHERE ( id=1401030058 ) LIMIT 1   [ RunTime:0.0027s ]
SQL: SELECT SUM(score) AS tp_sum FROM `it_tc` WHERE ( id=1401030059 ) LIMIT 1   [ RunTime:0.0023s ]
SQL: SELECT SUM(score) AS tp_sum FROM `it_tc` WHERE ( id=1401030060 ) LIMIT 1   [ RunTime:0.0023s ]
SQL: SELECT SUM(score) AS tp_sum FROM `it_tc` WHERE ( id=1401030061 ) LIMIT 1   [ RunTime:0.0023s ]
SQL: SELECT SUM(score) AS tp_sum FROM `it_tc` WHERE ( id=1401030063 ) LIMIT 1   [ RunTime:0.0027s ]
SQL: SELECT SUM(score) AS tp_sum FROM `it_tc` WHERE ( id=1401030064 ) LIMIT 1   [ RunTime:0.0031s ]
SQL: SELECT SUM(score) AS tp_sum FROM `it_tc` WHERE ( id=1401030066 ) LIMIT 1   [ RunTime:0.0025s ]
SQL: SELECT SUM(score) AS tp_sum FROM `it_tc` WHERE ( id=1401030067 ) LIMIT 1   [ RunTime:0.0026s ]
SQL: SELECT SUM(score) AS tp_sum FROM `it_tc` WHERE ( id=1401030068 ) LIMIT 1   [ RunTime:0.0024s ]
SQL: SELECT SUM(score) AS tp_sum FROM `it_tc` WHERE ( id=1401030069 ) LIMIT 1   [ RunTime:0.0023s ]
SQL: SELECT SUM(score) AS tp_sum FROM `it_tc` WHERE ( id=1401030070 ) LIMIT 1   [ RunTime:0.0026s ]
SQL: SELECT SUM(score) AS tp_sum FROM `it_tc` WHERE ( id=1401030072 ) LIMIT 1   [ RunTime:0.0026s ]
SQL: SELECT SUM(score) AS tp_sum FROM `it_tc` WHERE ( id=1401030075 ) LIMIT 1   [ RunTime:0.0024s ]
SQL: SELECT SUM(score) AS tp_sum FROM `it_tc` WHERE ( id=1401030081 ) LIMIT 1   [ RunTime:0.0023s ]
SQL: SELECT SUM(score) AS tp_sum FROM `it_tc` WHERE ( id=1401030083 ) LIMIT 1   [ RunTime:0.0023s ]
SQL: SELECT SUM(score) AS tp_sum FROM `it_tc` WHERE ( id=1401030084 ) LIMIT 1   [ RunTime:0.0024s ]
SQL: SELECT SUM(score) AS tp_sum FROM `it_tc` WHERE ( id=1401030086 ) LIMIT 1   [ RunTime:0.0025s ]
SQL: SELECT SUM(score) AS tp_sum FROM `it_tc` WHERE ( id=1401030087 ) LIMIT 1   [ RunTime:0.0024s ]
SQL: SELECT SUM(score) AS tp_sum FROM `it_tc` WHERE ( id=1401030088 ) LIMIT 1   [ RunTime:0.0023s ]
SQL: SELECT SUM(score) AS tp_sum FROM `it_tc` WHERE ( id=1401030090 ) LIMIT 1   [ RunTime:0.0023s ]
SQL: SELECT SUM(score) AS tp_sum FROM `it_tc` WHERE ( id=1401030093 ) LIMIT 1   [ RunTime:0.0023s ]
SQL: SELECT SUM(score) AS tp_sum FROM `it_tc` WHERE ( id=1401030094 ) LIMIT 1   [ RunTime:0.0027s ]
SQL: SELECT SUM(score) AS tp_sum FROM `it_tc` WHERE ( id=1401030095 ) LIMIT 1   [ RunTime:0.0025s ]
SQL: SELECT SUM(score) AS tp_sum FROM `it_tc` WHERE ( id=1401030096 ) LIMIT 1   [ RunTime:0.0024s ]
SQL: SELECT SUM(score) AS tp_sum FROM `it_tc` WHERE ( id=1401030098 ) LIMIT 1   [ RunTime:0.0023s ]
SQL: SELECT SUM(score) AS tp_sum FROM `it_tc` WHERE ( id=1401030101 ) LIMIT 1   [ RunTime:0.0023s ]
SQL: SELECT SUM(score) AS tp_sum FROM `it_tc` WHERE ( id=1401030102 ) LIMIT 1   [ RunTime:0.0025s ]
SQL: SELECT SUM(score) AS tp_sum FROM `it_tc` WHERE ( id=1401030104 ) LIMIT 1   [ RunTime:0.0024s ]
SQL: SELECT SUM(score) AS tp_sum FROM `it_tc` WHERE ( id=1401030105 ) LIMIT 1   [ RunTime:0.0024s ]
SQL: SELECT SUM(score) AS tp_sum FROM `it_tc` WHERE ( id=1401030106 ) LIMIT 1   [ RunTime:0.0026s ]
SQL: SELECT SUM(score) AS tp_sum FROM `it_tc` WHERE ( id=1401030108 ) LIMIT 1   [ RunTime:0.0023s ]
SQL: SELECT SUM(score) AS tp_sum FROM `it_tc` WHERE ( id=1401030109 ) LIMIT 1   [ RunTime:0.0027s ]
SQL: SELECT SUM(score) AS tp_sum FROM `it_tc` WHERE ( id=1401030111 ) LIMIT 1   [ RunTime:0.0027s ]
SQL: SELECT SUM(score) AS tp_sum FROM `it_tc` WHERE ( id=1401030112 ) LIMIT 1   [ RunTime:0.0024s ]
SQL: SELECT SUM(score) AS tp_sum FROM `it_tc` WHERE ( id=1401030113 ) LIMIT 1   [ RunTime:0.0024s ]
SQL: SELECT SUM(score) AS tp_sum FROM `it_tc` WHERE ( id=1401030115 ) LIMIT 1   [ RunTime:0.0023s ]
SQL: SELECT SUM(score) AS tp_sum FROM `it_tc` WHERE ( id=1401030116 ) LIMIT 1   [ RunTime:0.0025s ]
SQL: SELECT SUM(score) AS tp_sum FROM `it_tc` WHERE ( id=1401030117 ) LIMIT 1   [ RunTime:0.0030s ]
SQL: SELECT SUM(score) AS tp_sum FROM `it_tc` WHERE ( id=1401030119 ) LIMIT 1   [ RunTime:0.0023s ]
SQL: SELECT SUM(score) AS tp_sum FROM `it_tc` WHERE ( id=1401030120 ) LIMIT 1   [ RunTime:0.0026s ]
SQL: SELECT SUM(score) AS tp_sum FROM `it_tc` WHERE ( id=1401030122 ) LIMIT 1   [ RunTime:0.0025s ]
SQL: SELECT SUM(score) AS tp_sum FROM `it_tc` WHERE ( id=1401030123 ) LIMIT 1   [ RunTime:0.0023s ]
SQL: SELECT SUM(score) AS tp_sum FROM `it_tc` WHERE ( id=1401030128 ) LIMIT 1   [ RunTime:0.0029s ]
SQL: SELECT SUM(score) AS tp_sum FROM `it_tc` WHERE ( id=1401030129 ) LIMIT 1   [ RunTime:0.0027s ]
SQL: SELECT SUM(score) AS tp_sum FROM `it_tc` WHERE ( id=1401030130 ) LIMIT 1   [ RunTime:0.0025s ]
SQL: SELECT SUM(score) AS tp_sum FROM `it_tc` WHERE ( id=1401030132 ) LIMIT 1   [ RunTime:0.0026s ]
SQL: SELECT SUM(score) AS tp_sum FROM `it_tc` WHERE ( id=1401030133 ) LIMIT 1   [ RunTime:0.0026s ]
SQL: SELECT SUM(score) AS tp_sum FROM `it_tc` WHERE ( id=1401040001 ) LIMIT 1   [ RunTime:0.0030s ]
SQL: SELECT SUM(score) AS tp_sum FROM `it_tc` WHERE ( id=1401040003 ) LIMIT 1   [ RunTime:0.0026s ]
SQL: SELECT SUM(score) AS tp_sum FROM `it_tc` WHERE ( id=1401040007 ) LIMIT 1   [ RunTime:0.0024s ]
SQL: SELECT SUM(score) AS tp_sum FROM `it_tc` WHERE ( id=1401040008 ) LIMIT 1   [ RunTime:0.0023s ]
SQL: SELECT SUM(score) AS tp_sum FROM `it_tc` WHERE ( id=1401040011 ) LIMIT 1   [ RunTime:0.0023s ]
SQL: SELECT SUM(score) AS tp_sum FROM `it_tc` WHERE ( id=1401040012 ) LIMIT 1   [ RunTime:0.0034s ]
SQL: SELECT SUM(score) AS tp_sum FROM `it_tc` WHERE ( id=1401040013 ) LIMIT 1   [ RunTime:0.0025s ]
SQL: SELECT SUM(score) AS tp_sum FROM `it_tc` WHERE ( id=1401040014 ) LIMIT 1   [ RunTime:0.0026s ]
SQL: SELECT SUM(score) AS tp_sum FROM `it_tc` WHERE ( id=1401040015 ) LIMIT 1   [ RunTime:0.0027s ]
SQL: SELECT SUM(score) AS tp_sum FROM `it_tc` WHERE ( id=1401040017 ) LIMIT 1   [ RunTime:0.0027s ]
SQL: SELECT SUM(score) AS tp_sum FROM `it_tc` WHERE ( id=1401040018 ) LIMIT 1   [ RunTime:0.0031s ]
SQL: SELECT SUM(score) AS tp_sum FROM `it_tc` WHERE ( id=1401040019 ) LIMIT 1   [ RunTime:0.0025s ]
SQL: SELECT SUM(score) AS tp_sum FROM `it_tc` WHERE ( id=1401040020 ) LIMIT 1   [ RunTime:0.0026s ]
SQL: SELECT SUM(score) AS tp_sum FROM `it_tc` WHERE ( id=1401040021 ) LIMIT 1   [ RunTime:0.0025s ]
SQL: SELECT SUM(score) AS tp_sum FROM `it_tc` WHERE ( id=1401040022 ) LIMIT 1   [ RunTime:0.0026s ]
SQL: SELECT SUM(score) AS tp_sum FROM `it_tc` WHERE ( id=1401040023 ) LIMIT 1   [ RunTime:0.0030s ]
SQL: SELECT SUM(score) AS tp_sum FROM `it_tc` WHERE ( id=1401040024 ) LIMIT 1   [ RunTime:0.0024s ]
SQL: SELECT SUM(score) AS tp_sum FROM `it_tc` WHERE ( id=1401040025 ) LIMIT 1   [ RunTime:0.0029s ]
SQL: SELECT SUM(score) AS tp_sum FROM `it_tc` WHERE ( id=1401040026 ) LIMIT 1   [ RunTime:0.0025s ]
SQL: SELECT SUM(score) AS tp_sum FROM `it_tc` WHERE ( id=1401040028 ) LIMIT 1   [ RunTime:0.0023s ]
SQL: SELECT SUM(score) AS tp_sum FROM `it_tc` WHERE ( id=1401040029 ) LIMIT 1   [ RunTime:0.0033s ]
SQL: SELECT SUM(score) AS tp_sum FROM `it_tc` WHERE ( id=1401040031 ) LIMIT 1   [ RunTime:0.0023s ]
SQL: SELECT SUM(score) AS tp_sum FROM `it_tc` WHERE ( id=1401040033 ) LIMIT 1   [ RunTime:0.0033s ]
SQL: SELECT SUM(score) AS tp_sum FROM `it_tc` WHERE ( id=1401040035 ) LIMIT 1   [ RunTime:0.0029s ]
SQL: SELECT SUM(score) AS tp_sum FROM `it_tc` WHERE ( id=1401040038 ) LIMIT 1   [ RunTime:0.0034s ]
SQL: SELECT SUM(score) AS tp_sum FROM `it_tc` WHERE ( id=1401040039 ) LIMIT 1   [ RunTime:0.0026s ]
SQL: SELECT SUM(score) AS tp_sum FROM `it_tc` WHERE ( id=1401040040 ) LIMIT 1   [ RunTime:0.0026s ]
SQL: SELECT SUM(score) AS tp_sum FROM `it_tc` WHERE ( id=1401040043 ) LIMIT 1   [ RunTime:0.0023s ]
SQL: SELECT SUM(score) AS tp_sum FROM `it_tc` WHERE ( id=1401040044 ) LIMIT 1   [ RunTime:0.0023s ]
SQL: SELECT SUM(score) AS tp_sum FROM `it_tc` WHERE ( id=1401040045 ) LIMIT 1   [ RunTime:0.0031s ]
SQL: SELECT SUM(score) AS tp_sum FROM `it_tc` WHERE ( id=1401040047 ) LIMIT 1   [ RunTime:0.0024s ]
SQL: SELECT SUM(score) AS tp_sum FROM `it_tc` WHERE ( id=1401040049 ) LIMIT 1   [ RunTime:0.0027s ]
SQL: SELECT SUM(score) AS tp_sum FROM `it_tc` WHERE ( id=1401040050 ) LIMIT 1   [ RunTime:0.0024s ]
SQL: SELECT SUM(score) AS tp_sum FROM `it_tc` WHERE ( id=1401040051 ) LIMIT 1   [ RunTime:0.0027s ]
SQL: SELECT SUM(score) AS tp_sum FROM `it_tc` WHERE ( id=1401040052 ) LIMIT 1   [ RunTime:0.0026s ]
SQL: SELECT SUM(score) AS tp_sum FROM `it_tc` WHERE ( id=1401040053 ) LIMIT 1   [ RunTime:0.0028s ]
SQL: SELECT SUM(score) AS tp_sum FROM `it_tc` WHERE ( id=1401040055 ) LIMIT 1   [ RunTime:0.0023s ]
SQL: SELECT SUM(score) AS tp_sum FROM `it_tc` WHERE ( id=1401040060 ) LIMIT 1   [ RunTime:0.0028s ]
SQL: SELECT SUM(score) AS tp_sum FROM `it_tc` WHERE ( id=1401040061 ) LIMIT 1   [ RunTime:0.0023s ]
SQL: SELECT SUM(score) AS tp_sum FROM `it_tc` WHERE ( id=1401040063 ) LIMIT 1   [ RunTime:0.0033s ]
SQL: SELECT SUM(score) AS tp_sum FROM `it_tc` WHERE ( id=1401040064 ) LIMIT 1   [ RunTime:0.0024s ]
SQL: SELECT SUM(score) AS tp_sum FROM `it_tc` WHERE ( id=1401040065 ) LIMIT 1   [ RunTime:0.0023s ]
SQL: SELECT SUM(score) AS tp_sum FROM `it_tc` WHERE ( id=1401040066 ) LIMIT 1   [ RunTime:0.0028s ]
SQL: SELECT SUM(score) AS tp_sum FROM `it_tc` WHERE ( id=1401040068 ) LIMIT 1   [ RunTime:0.0027s ]
SQL: SELECT SUM(score) AS tp_sum FROM `it_tc` WHERE ( id=1401040069 ) LIMIT 1   [ RunTime:0.0034s ]
SQL: SELECT SUM(score) AS tp_sum FROM `it_tc` WHERE ( id=1401040070 ) LIMIT 1   [ RunTime:0.0023s ]
SQL: SELECT SUM(score) AS tp_sum FROM `it_tc` WHERE ( id=1401040071 ) LIMIT 1   [ RunTime:0.0028s ]
SQL: SELECT SUM(score) AS tp_sum FROM `it_tc` WHERE ( id=1401040072 ) LIMIT 1   [ RunTime:0.0025s ]
SQL: SELECT SUM(score) AS tp_sum FROM `it_tc` WHERE ( id=1401040073 ) LIMIT 1   [ RunTime:0.0024s ]
SQL: SELECT SUM(score) AS tp_sum FROM `it_tc` WHERE ( id=1401040076 ) LIMIT 1   [ RunTime:0.0030s ]
SQL: SELECT SUM(score) AS tp_sum FROM `it_tc` WHERE ( id=1401040077 ) LIMIT 1   [ RunTime:0.0025s ]
SQL: SELECT SUM(score) AS tp_sum FROM `it_tc` WHERE ( id=1401040078 ) LIMIT 1   [ RunTime:0.0029s ]
SQL: SELECT SUM(score) AS tp_sum FROM `it_tc` WHERE ( id=1401040079 ) LIMIT 1   [ RunTime:0.0024s ]
SQL: SELECT SUM(score) AS tp_sum FROM `it_tc` WHERE ( id=1401040081 ) LIMIT 1   [ RunTime:0.0028s ]
SQL: SELECT SUM(score) AS tp_sum FROM `it_tc` WHERE ( id=1401040082 ) LIMIT 1   [ RunTime:0.0029s ]
SQL: SELECT SUM(score) AS tp_sum FROM `it_tc` WHERE ( id=1401040083 ) LIMIT 1   [ RunTime:0.0025s ]
SQL: SELECT SUM(score) AS tp_sum FROM `it_tc` WHERE ( id=1401040084 ) LIMIT 1   [ RunTime:0.0027s ]
SQL: SELECT SUM(score) AS tp_sum FROM `it_tc` WHERE ( id=1401040085 ) LIMIT 1   [ RunTime:0.0025s ]
SQL: SELECT SUM(score) AS tp_sum FROM `it_tc` WHERE ( id=1401040086 ) LIMIT 1   [ RunTime:0.0032s ]
SQL: SELECT SUM(score) AS tp_sum FROM `it_tc` WHERE ( id=1401040087 ) LIMIT 1   [ RunTime:0.0031s ]
SQL: SELECT SUM(score) AS tp_sum FROM `it_tc` WHERE ( id=1401040091 ) LIMIT 1   [ RunTime:0.0029s ]
SQL: SELECT SUM(score) AS tp_sum FROM `it_tc` WHERE ( id=1401040092 ) LIMIT 1   [ RunTime:0.0023s ]
SQL: SELECT SUM(score) AS tp_sum FROM `it_tc` WHERE ( id=1401040093 ) LIMIT 1   [ RunTime:0.0035s ]
SQL: SELECT SUM(score) AS tp_sum FROM `it_tc` WHERE ( id=1401040094 ) LIMIT 1   [ RunTime:0.0028s ]
SQL: SELECT SUM(score) AS tp_sum FROM `it_tc` WHERE ( id=1401040095 ) LIMIT 1   [ RunTime:0.0026s ]
SQL: SELECT SUM(score) AS tp_sum FROM `it_tc` WHERE ( id=1401040098 ) LIMIT 1   [ RunTime:0.0029s ]
SQL: SELECT SUM(score) AS tp_sum FROM `it_tc` WHERE ( id=1401040099 ) LIMIT 1   [ RunTime:0.0024s ]
SQL: SELECT SUM(score) AS tp_sum FROM `it_tc` WHERE ( id=1401040102 ) LIMIT 1   [ RunTime:0.0024s ]
SQL: SELECT SUM(score) AS tp_sum FROM `it_tc` WHERE ( id=1401040103 ) LIMIT 1   [ RunTime:0.0034s ]
SQL: SELECT SUM(score) AS tp_sum FROM `it_tc` WHERE ( id=1401040104 ) LIMIT 1   [ RunTime:0.0031s ]
SQL: SELECT SUM(score) AS tp_sum FROM `it_tc` WHERE ( id=1401040105 ) LIMIT 1   [ RunTime:0.0036s ]
SQL: SELECT SUM(score) AS tp_sum FROM `it_tc` WHERE ( id=1401040106 ) LIMIT 1   [ RunTime:0.0028s ]
SQL: SELECT SUM(score) AS tp_sum FROM `it_tc` WHERE ( id=1401040107 ) LIMIT 1   [ RunTime:0.0034s ]
SQL: SELECT SUM(score) AS tp_sum FROM `it_tc` WHERE ( id=1401040108 ) LIMIT 1   [ RunTime:0.0024s ]
SQL: SELECT SUM(score) AS tp_sum FROM `it_tc` WHERE ( id=1401040112 ) LIMIT 1   [ RunTime:0.0023s ]
SQL: SELECT SUM(score) AS tp_sum FROM `it_tc` WHERE ( id=1401040113 ) LIMIT 1   [ RunTime:0.0026s ]
SQL: SELECT SUM(score) AS tp_sum FROM `it_tc` WHERE ( id=1401040116 ) LIMIT 1   [ RunTime:0.0026s ]
SQL: SELECT SUM(score) AS tp_sum FROM `it_tc` WHERE ( id=1401040117 ) LIMIT 1   [ RunTime:0.0025s ]
SQL: SELECT SUM(score) AS tp_sum FROM `it_tc` WHERE ( id=1401040119 ) LIMIT 1   [ RunTime:0.0028s ]
SQL: SELECT SUM(score) AS tp_sum FROM `it_tc` WHERE ( id=1401040120 ) LIMIT 1   [ RunTime:0.0023s ]
SQL: SELECT SUM(score) AS tp_sum FROM `it_tc` WHERE ( id=1401040121 ) LIMIT 1   [ RunTime:0.0026s ]
SQL: SELECT SUM(score) AS tp_sum FROM `it_tc` WHERE ( id=1401040122 ) LIMIT 1   [ RunTime:0.0027s ]
SQL: SELECT SUM(score) AS tp_sum FROM `it_tc` WHERE ( id=1401040125 ) LIMIT 1   [ RunTime:0.0025s ]
SQL: SELECT SUM(score) AS tp_sum FROM `it_tc` WHERE ( id=1401040126 ) LIMIT 1   [ RunTime:0.0028s ]
SQL: SELECT SUM(score) AS tp_sum FROM `it_tc` WHERE ( id=1401040127 ) LIMIT 1   [ RunTime:0.0023s ]
SQL: SELECT SUM(score) AS tp_sum FROM `it_tc` WHERE ( id=1401040128 ) LIMIT 1   [ RunTime:0.0029s ]
SQL: SELECT SUM(score) AS tp_sum FROM `it_tc` WHERE ( id=1401040129 ) LIMIT 1   [ RunTime:0.0023s ]
SQL: SELECT SUM(score) AS tp_sum FROM `it_tc` WHERE ( id=1401040130 ) LIMIT 1   [ RunTime:0.0023s ]
SQL: SELECT SUM(score) AS tp_sum FROM `it_tc` WHERE ( id=1401040132 ) LIMIT 1   [ RunTime:0.0029s ]
SQL: SELECT SUM(score) AS tp_sum FROM `it_tc` WHERE ( id=1401040133 ) LIMIT 1   [ RunTime:0.0028s ]
SQL: SELECT SUM(score) AS tp_sum FROM `it_tc` WHERE ( id=1401050002 ) LIMIT 1   [ RunTime:0.0023s ]
SQL: SELECT SUM(score) AS tp_sum FROM `it_tc` WHERE ( id=1401050003 ) LIMIT 1   [ RunTime:0.0024s ]
SQL: SELECT SUM(score) AS tp_sum FROM `it_tc` WHERE ( id=1401050005 ) LIMIT 1   [ RunTime:0.0026s ]
SQL: SELECT SUM(score) AS tp_sum FROM `it_tc` WHERE ( id=1401050006 ) LIMIT 1   [ RunTime:0.0023s ]
SQL: SELECT SUM(score) AS tp_sum FROM `it_tc` WHERE ( id=1401050007 ) LIMIT 1   [ RunTime:0.0023s ]
SQL: SELECT SUM(score) AS tp_sum FROM `it_tc` WHERE ( id=1401050008 ) LIMIT 1   [ RunTime:0.0025s ]
SQL: SELECT SUM(score) AS tp_sum FROM `it_tc` WHERE ( id=1401050009 ) LIMIT 1   [ RunTime:0.0027s ]
SQL: SELECT SUM(score) AS tp_sum FROM `it_tc` WHERE ( id=1401050010 ) LIMIT 1   [ RunTime:0.0028s ]
SQL: SELECT SUM(score) AS tp_sum FROM `it_tc` WHERE ( id=1401050011 ) LIMIT 1   [ RunTime:0.0030s ]
SQL: SELECT SUM(score) AS tp_sum FROM `it_tc` WHERE ( id=1401050012 ) LIMIT 1   [ RunTime:0.0028s ]
SQL: SELECT SUM(score) AS tp_sum FROM `it_tc` WHERE ( id=1401050013 ) LIMIT 1   [ RunTime:0.0025s ]
SQL: SELECT SUM(score) AS tp_sum FROM `it_tc` WHERE ( id=1401050015 ) LIMIT 1   [ RunTime:0.0025s ]
SQL: SELECT SUM(score) AS tp_sum FROM `it_tc` WHERE ( id=1401050017 ) LIMIT 1   [ RunTime:0.0024s ]
SQL: SELECT SUM(score) AS tp_sum FROM `it_tc` WHERE ( id=1401050018 ) LIMIT 1   [ RunTime:0.0024s ]
SQL: SELECT SUM(score) AS tp_sum FROM `it_tc` WHERE ( id=1401050019 ) LIMIT 1   [ RunTime:0.0023s ]
SQL: SELECT SUM(score) AS tp_sum FROM `it_tc` WHERE ( id=1401050020 ) LIMIT 1   [ RunTime:0.0024s ]
SQL: SELECT SUM(score) AS tp_sum FROM `it_tc` WHERE ( id=1401050021 ) LIMIT 1   [ RunTime:0.0024s ]
SQL: SELECT SUM(score) AS tp_sum FROM `it_tc` WHERE ( id=1401050022 ) LIMIT 1   [ RunTime:0.0023s ]
SQL: SELECT SUM(score) AS tp_sum FROM `it_tc` WHERE ( id=1401050023 ) LIMIT 1   [ RunTime:0.0023s ]
SQL: SELECT SUM(score) AS tp_sum FROM `it_tc` WHERE ( id=1401050026 ) LIMIT 1   [ RunTime:0.0030s ]
SQL: SELECT SUM(score) AS tp_sum FROM `it_tc` WHERE ( id=1401050027 ) LIMIT 1   [ RunTime:0.0023s ]
SQL: SELECT SUM(score) AS tp_sum FROM `it_tc` WHERE ( id=1401050028 ) LIMIT 1   [ RunTime:0.0024s ]
SQL: SELECT SUM(score) AS tp_sum FROM `it_tc` WHERE ( id=1401050031 ) LIMIT 1   [ RunTime:0.0023s ]
SQL: SELECT SUM(score) AS tp_sum FROM `it_tc` WHERE ( id=1401050032 ) LIMIT 1   [ RunTime:0.0026s ]
SQL: SELECT SUM(score) AS tp_sum FROM `it_tc` WHERE ( id=1401050035 ) LIMIT 1   [ RunTime:0.0030s ]
SQL: SELECT SUM(score) AS tp_sum FROM `it_tc` WHERE ( id=1401050036 ) LIMIT 1   [ RunTime:0.0023s ]
SQL: SELECT SUM(score) AS tp_sum FROM `it_tc` WHERE ( id=1401050038 ) LIMIT 1   [ RunTime:0.0025s ]
SQL: SELECT SUM(score) AS tp_sum FROM `it_tc` WHERE ( id=1401050039 ) LIMIT 1   [ RunTime:0.0024s ]
SQL: SELECT SUM(score) AS tp_sum FROM `it_tc` WHERE ( id=1401050040 ) LIMIT 1   [ RunTime:0.0024s ]
SQL: SELECT SUM(score) AS tp_sum FROM `it_tc` WHERE ( id=1401050041 ) LIMIT 1   [ RunTime:0.0032s ]
SQL: SELECT SUM(score) AS tp_sum FROM `it_tc` WHERE ( id=1401050043 ) LIMIT 1   [ RunTime:0.0028s ]
SQL: SELECT SUM(score) AS tp_sum FROM `it_tc` WHERE ( id=1401050044 ) LIMIT 1   [ RunTime:0.0028s ]
SQL: SELECT SUM(score) AS tp_sum FROM `it_tc` WHERE ( id=1401050046 ) LIMIT 1   [ RunTime:0.0024s ]
SQL: SELECT SUM(score) AS tp_sum FROM `it_tc` WHERE ( id=1401050047 ) LIMIT 1   [ RunTime:0.0025s ]
SQL: SELECT SUM(score) AS tp_sum FROM `it_tc` WHERE ( id=1401050048 ) LIMIT 1   [ RunTime:0.0023s ]
SQL: SELECT SUM(score) AS tp_sum FROM `it_tc` WHERE ( id=1401050049 ) LIMIT 1   [ RunTime:0.0025s ]
SQL: SELECT SUM(score) AS tp_sum FROM `it_tc` WHERE ( id=1401050050 ) LIMIT 1   [ RunTime:0.0023s ]
SQL: SELECT SUM(score) AS tp_sum FROM `it_tc` WHERE ( id=1401050052 ) LIMIT 1   [ RunTime:0.0026s ]
SQL: SELECT SUM(score) AS tp_sum FROM `it_tc` WHERE ( id=1401050053 ) LIMIT 1   [ RunTime:0.0025s ]
SQL: SELECT SUM(score) AS tp_sum FROM `it_tc` WHERE ( id=1401050054 ) LIMIT 1   [ RunTime:0.0028s ]
SQL: SELECT SUM(score) AS tp_sum FROM `it_tc` WHERE ( id=1401050057 ) LIMIT 1   [ RunTime:0.0026s ]
SQL: SELECT SUM(score) AS tp_sum FROM `it_tc` WHERE ( id=1401050061 ) LIMIT 1   [ RunTime:0.0025s ]
SQL: SELECT SUM(score) AS tp_sum FROM `it_tc` WHERE ( id=1401050062 ) LIMIT 1   [ RunTime:0.0026s ]
SQL: SELECT SUM(score) AS tp_sum FROM `it_tc` WHERE ( id=1401050063 ) LIMIT 1   [ RunTime:0.0034s ]
SQL: SELECT SUM(score) AS tp_sum FROM `it_tc` WHERE ( id=1401050064 ) LIMIT 1   [ RunTime:0.0024s ]
SQL: SELECT SUM(score) AS tp_sum FROM `it_tc` WHERE ( id=1401050065 ) LIMIT 1   [ RunTime:0.0025s ]
SQL: SELECT SUM(score) AS tp_sum FROM `it_tc` WHERE ( id=1401050066 ) LIMIT 1   [ RunTime:0.0026s ]
SQL: SELECT SUM(score) AS tp_sum FROM `it_tc` WHERE ( id=1401050070 ) LIMIT 1   [ RunTime:0.0027s ]
SQL: SELECT SUM(score) AS tp_sum FROM `it_tc` WHERE ( id=1401050071 ) LIMIT 1   [ RunTime:0.0025s ]
SQL: SELECT SUM(score) AS tp_sum FROM `it_tc` WHERE ( id=1401050072 ) LIMIT 1   [ RunTime:0.0026s ]
SQL: SELECT SUM(score) AS tp_sum FROM `it_tc` WHERE ( id=1401050073 ) LIMIT 1   [ RunTime:0.0026s ]
SQL: SELECT SUM(score) AS tp_sum FROM `it_tc` WHERE ( id=1401050074 ) LIMIT 1   [ RunTime:0.0023s ]
SQL: SELECT SUM(score) AS tp_sum FROM `it_tc` WHERE ( id=1401050075 ) LIMIT 1   [ RunTime:0.0022s ]
SQL: SELECT SUM(score) AS tp_sum FROM `it_tc` WHERE ( id=1401050076 ) LIMIT 1   [ RunTime:0.0029s ]
SQL: SELECT SUM(score) AS tp_sum FROM `it_tc` WHERE ( id=1401050077 ) LIMIT 1   [ RunTime:0.0024s ]
SQL: SELECT SUM(score) AS tp_sum FROM `it_tc` WHERE ( id=1401050079 ) LIMIT 1   [ RunTime:0.0026s ]
SQL: SELECT SUM(score) AS tp_sum FROM `it_tc` WHERE ( id=1401050080 ) LIMIT 1   [ RunTime:0.0024s ]
SQL: SELECT SUM(score) AS tp_sum FROM `it_tc` WHERE ( id=1401050081 ) LIMIT 1   [ RunTime:0.0023s ]
SQL: SELECT SUM(score) AS tp_sum FROM `it_tc` WHERE ( id=1401050082 ) LIMIT 1   [ RunTime:0.0023s ]
SQL: SELECT SUM(score) AS tp_sum FROM `it_tc` WHERE ( id=1401050083 ) LIMIT 1   [ RunTime:0.0025s ]
SQL: SELECT SUM(score) AS tp_sum FROM `it_tc` WHERE ( id=1401050084 ) LIMIT 1   [ RunTime:0.0025s ]
SQL: SELECT SUM(score) AS tp_sum FROM `it_tc` WHERE ( id=1401050087 ) LIMIT 1   [ RunTime:0.0023s ]
SQL: SELECT SUM(score) AS tp_sum FROM `it_tc` WHERE ( id=1401050088 ) LIMIT 1   [ RunTime:0.0023s ]
SQL: SELECT SUM(score) AS tp_sum FROM `it_tc` WHERE ( id=1401050089 ) LIMIT 1   [ RunTime:0.0023s ]
SQL: SELECT SUM(score) AS tp_sum FROM `it_tc` WHERE ( id=1401050090 ) LIMIT 1   [ RunTime:0.0026s ]
SQL: SELECT SUM(score) AS tp_sum FROM `it_tc` WHERE ( id=1401050091 ) LIMIT 1   [ RunTime:0.0025s ]
SQL: SELECT SUM(score) AS tp_sum FROM `it_tc` WHERE ( id=1401050093 ) LIMIT 1   [ RunTime:0.0024s ]
SQL: SELECT SUM(score) AS tp_sum FROM `it_tc` WHERE ( id=1401050094 ) LIMIT 1   [ RunTime:0.0027s ]
SQL: SELECT SUM(score) AS tp_sum FROM `it_tc` WHERE ( id=1401050095 ) LIMIT 1   [ RunTime:0.0025s ]
SQL: SELECT SUM(score) AS tp_sum FROM `it_tc` WHERE ( id=1401050096 ) LIMIT 1   [ RunTime:0.0032s ]
SQL: SELECT SUM(score) AS tp_sum FROM `it_tc` WHERE ( id=1401050099 ) LIMIT 1   [ RunTime:0.0025s ]
SQL: SELECT SUM(score) AS tp_sum FROM `it_tc` WHERE ( id=1401070003 ) LIMIT 1   [ RunTime:0.0023s ]
SQL: SELECT SUM(score) AS tp_sum FROM `it_tc` WHERE ( id=1401070005 ) LIMIT 1   [ RunTime:0.0027s ]
SQL: SELECT SUM(score) AS tp_sum FROM `it_tc` WHERE ( id=1401070006 ) LIMIT 1   [ RunTime:0.0026s ]
SQL: SELECT SUM(score) AS tp_sum FROM `it_tc` WHERE ( id=1401070007 ) LIMIT 1   [ RunTime:0.0028s ]
SQL: SELECT SUM(score) AS tp_sum FROM `it_tc` WHERE ( id=1401070008 ) LIMIT 1   [ RunTime:0.0023s ]
SQL: SELECT SUM(score) AS tp_sum FROM `it_tc` WHERE ( id=1401070011 ) LIMIT 1   [ RunTime:0.0030s ]
SQL: SELECT SUM(score) AS tp_sum FROM `it_tc` WHERE ( id=1401070013 ) LIMIT 1   [ RunTime:0.0026s ]
SQL: SELECT SUM(score) AS tp_sum FROM `it_tc` WHERE ( id=1401070014 ) LIMIT 1   [ RunTime:0.0023s ]
SQL: SELECT SUM(score) AS tp_sum FROM `it_tc` WHERE ( id=1401070016 ) LIMIT 1   [ RunTime:0.0026s ]
SQL: SELECT SUM(score) AS tp_sum FROM `it_tc` WHERE ( id=1401070018 ) LIMIT 1   [ RunTime:0.0024s ]
SQL: SELECT SUM(score) AS tp_sum FROM `it_tc` WHERE ( id=1401070023 ) LIMIT 1   [ RunTime:0.0023s ]
SQL: SELECT SUM(score) AS tp_sum FROM `it_tc` WHERE ( id=1401070027 ) LIMIT 1   [ RunTime:0.0022s ]
SQL: SELECT SUM(score) AS tp_sum FROM `it_tc` WHERE ( id=1401070030 ) LIMIT 1   [ RunTime:0.0023s ]
SQL: SELECT SUM(score) AS tp_sum FROM `it_tc` WHERE ( id=1401070032 ) LIMIT 1   [ RunTime:0.0025s ]
SQL: SELECT SUM(score) AS tp_sum FROM `it_tc` WHERE ( id=1401070034 ) LIMIT 1   [ RunTime:0.0027s ]
SQL: SELECT SUM(score) AS tp_sum FROM `it_tc` WHERE ( id=1401070039 ) LIMIT 1   [ RunTime:0.0025s ]
SQL: SELECT SUM(score) AS tp_sum FROM `it_tc` WHERE ( id=1401070040 ) LIMIT 1   [ RunTime:0.0025s ]
SQL: SELECT SUM(score) AS tp_sum FROM `it_tc` WHERE ( id=1401070044 ) LIMIT 1   [ RunTime:0.0023s ]
SQL: SELECT SUM(score) AS tp_sum FROM `it_tc` WHERE ( id=1401070046 ) LIMIT 1   [ RunTime:0.0022s ]
SQL: SELECT SUM(score) AS tp_sum FROM `it_tc` WHERE ( id=1401070047 ) LIMIT 1   [ RunTime:0.0033s ]
SQL: SELECT SUM(score) AS tp_sum FROM `it_tc` WHERE ( id=1401070050 ) LIMIT 1   [ RunTime:0.0025s ]
SQL: SELECT SUM(score) AS tp_sum FROM `it_tc` WHERE ( id=1401070059 ) LIMIT 1   [ RunTime:0.0023s ]
SQL: SELECT SUM(score) AS tp_sum FROM `it_tc` WHERE ( id=1401070060 ) LIMIT 1   [ RunTime:0.0024s ]
SQL: SELECT SUM(score) AS tp_sum FROM `it_tc` WHERE ( id=1401070062 ) LIMIT 1   [ RunTime:0.0025s ]
SQL: SELECT SUM(score) AS tp_sum FROM `it_tc` WHERE ( id=1401070063 ) LIMIT 1   [ RunTime:0.0027s ]
SQL: SELECT SUM(score) AS tp_sum FROM `it_tc` WHERE ( id=1401070065 ) LIMIT 1   [ RunTime:0.0026s ]
SQL: SELECT SUM(score) AS tp_sum FROM `it_tc` WHERE ( id=1401070069 ) LIMIT 1   [ RunTime:0.0024s ]
SQL: SELECT SUM(score) AS tp_sum FROM `it_tc` WHERE ( id=1401070070 ) LIMIT 1   [ RunTime:0.0026s ]
SQL: SELECT SUM(score) AS tp_sum FROM `it_tc` WHERE ( id=1401070073 ) LIMIT 1   [ RunTime:0.0025s ]
SQL: SELECT SUM(score) AS tp_sum FROM `it_tc` WHERE ( id=1402030128 ) LIMIT 1   [ RunTime:0.0028s ]
SQL: SELECT SUM(score) AS tp_sum FROM `it_tc` WHERE ( id=1404060069 ) LIMIT 1   [ RunTime:0.0027s ]
SQL: SELECT SUM(score) AS tp_sum FROM `it_tc` WHERE ( id=1404070007 ) LIMIT 1   [ RunTime:0.0023s ]
SQL: SELECT SUM(score) AS tp_sum FROM `it_tc` WHERE ( id=1404070021 ) LIMIT 1   [ RunTime:0.0025s ]
SQL: SELECT SUM(score) AS tp_sum FROM `it_tc` WHERE ( id=1404070037 ) LIMIT 1   [ RunTime:0.0028s ]
SQL: SELECT SUM(score) AS tp_sum FROM `it_tc` WHERE ( id=1404070043 ) LIMIT 1   [ RunTime:0.0028s ]
SQL: SELECT SUM(score) AS tp_sum FROM `it_tc` WHERE ( id=1411030097 ) LIMIT 1   [ RunTime:0.0026s ]
SQL: SELECT SUM(score) AS tp_sum FROM `it_tc` WHERE ( id=1415010158 ) LIMIT 1   [ RunTime:0.0027s ]
SQL: SELECT SUM(score) AS tp_sum FROM `it_tc` WHERE ( id=1417010023 ) LIMIT 1   [ RunTime:0.0024s ]
SQL: SELECT SUM(score) AS tp_sum FROM `it_tc` WHERE ( id=1417020018 ) LIMIT 1   [ RunTime:0.0024s ]
SQL: SELECT SUM(score) AS tp_sum FROM `it_tc` WHERE ( id=1417020025 ) LIMIT 1   [ RunTime:0.0025s ]
SQL: SELECT SUM(score) AS tp_sum FROM `it_tc` WHERE ( id=1417020047 ) LIMIT 1   [ RunTime:0.0034s ]
SQL: SELECT SUM(score) AS tp_sum FROM `it_tc` WHERE ( id=1417020062 ) LIMIT 1   [ RunTime:0.0027s ]
SQL: SELECT SUM(score) AS tp_sum FROM `it_tc` WHERE ( id=1417020067 ) LIMIT 1   [ RunTime:0.0023s ]
SQL: SELECT SUM(score) AS tp_sum FROM `it_tc` WHERE ( id=1417020070 ) LIMIT 1   [ RunTime:0.0023s ]
SQL: SELECT SUM(score) AS tp_sum FROM `it_tc` WHERE ( id=1417050047 ) LIMIT 1   [ RunTime:0.0022s ]
SQL: SELECT SUM(score) AS tp_sum FROM `it_tc` WHERE ( id=1418010007 ) LIMIT 1   [ RunTime:0.0025s ]
SQL: SELECT SUM(score) AS tp_sum FROM `it_tc` WHERE ( id=1418020005 ) LIMIT 1   [ RunTime:0.0025s ]
SQL: SELECT SUM(score) AS tp_sum FROM `it_tc` WHERE ( id=1418020048 ) LIMIT 1   [ RunTime:0.0024s ]
SQL: SELECT SUM(score) AS tp_sum FROM `it_tc` WHERE ( id=1418020059 ) LIMIT 1   [ RunTime:0.0025s ]
SQL: SELECT SUM(score) AS tp_sum FROM `it_tc` WHERE ( id=1418020060 ) LIMIT 1   [ RunTime:0.0025s ]
SQL: SELECT SUM(score) AS tp_sum FROM `it_tc` WHERE ( id=1418050041 ) LIMIT 1   [ RunTime:0.0025s ]
SQL: SELECT SUM(score) AS tp_sum FROM `it_tc` WHERE ( id=1418060030 ) LIMIT 1   [ RunTime:0.0029s ]
SQL: SELECT SUM(score) AS tp_sum FROM `it_tc` WHERE ( id=1418060035 ) LIMIT 1   [ RunTime:0.0024s ]

